[0.009s] Invoking command in '/home/shourya007/hackathon_ws/build/so101_description': CMAKE_PREFIX_PATH=${CMAKE_PREFIX_PATH}:/home/shourya007/ros2_ws/install/unique_status:/home/shourya007/ros2_ws/install/simple_robot:/home/shourya007/ros2_ws/install/service_action_lab:/opt/ros/humble /usr/bin/cmake /home/shourya007/hackathon_ws/src/so101_description -DCMAKE_INSTALL_PREFIX=/home/shourya007/hackathon_ws/install/so101_description
[0.093s] -- The C compiler identification is GNU 11.4.0
[0.165s] -- The CXX compiler identification is GNU 11.4.0
[0.174s] -- Detecting C compiler ABI info
[0.240s] -- Detecting C compiler ABI info - done
[0.245s] -- Check for working C compiler: /usr/bin/cc - skipped
[0.246s] -- Detecting C compile features
[0.246s] -- Detecting C compile features - done
[0.249s] -- Detecting CXX compiler ABI info
[0.327s] -- Detecting CXX compiler ABI info - done
[0.332s] -- Check for working CXX compiler: /usr/bin/c++ - skipped
[0.333s] -- Detecting CXX compile features
[0.333s] -- Detecting CXX compile features - done
[0.337s] -- Found ament_cmake: 1.3.12 (/opt/ros/humble/share/ament_cmake/cmake)
[0.461s] -- Found Python3: /usr/bin/python3 (found version "3.10.12") found components: Interpreter 
[0.584s] -- Configuring done
[0.586s] -- Generating done
[0.587s] -- Build files have been written to: /home/shourya007/hackathon_ws/build/so101_description
[0.592s] Invoked command in '/home/shourya007/hackathon_ws/build/so101_description' returned '0': CMAKE_PREFIX_PATH=${CMAKE_PREFIX_PATH}:/home/shourya007/ros2_ws/install/unique_status:/home/shourya007/ros2_ws/install/simple_robot:/home/shourya007/ros2_ws/install/service_action_lab:/opt/ros/humble /usr/bin/cmake /home/shourya007/hackathon_ws/src/so101_description -DCMAKE_INSTALL_PREFIX=/home/shourya007/hackathon_ws/install/so101_description
[0.593s] Invoking command in '/home/shourya007/hackathon_ws/build/so101_description': CMAKE_PREFIX_PATH=${CMAKE_PREFIX_PATH}:/home/shourya007/ros2_ws/install/unique_status:/home/shourya007/ros2_ws/install/simple_robot:/home/shourya007/ros2_ws/install/service_action_lab:/opt/ros/humble /usr/bin/cmake --build /home/shourya007/hackathon_ws/build/so101_description -- -j16 -l16
[0.630s] Invoked command in '/home/shourya007/hackathon_ws/build/so101_description' returned '0': CMAKE_PREFIX_PATH=${CMAKE_PREFIX_PATH}:/home/shourya007/ros2_ws/install/unique_status:/home/shourya007/ros2_ws/install/simple_robot:/home/shourya007/ros2_ws/install/service_action_lab:/opt/ros/humble /usr/bin/cmake --build /home/shourya007/hackathon_ws/build/so101_description -- -j16 -l16
[0.640s] Invoking command in '/home/shourya007/hackathon_ws/build/so101_description': CMAKE_PREFIX_PATH=${CMAKE_PREFIX_PATH}:/home/shourya007/ros2_ws/install/unique_status:/home/shourya007/ros2_ws/install/simple_robot:/home/shourya007/ros2_ws/install/service_action_lab:/opt/ros/humble /usr/bin/cmake --install /home/shourya007/hackathon_ws/build/so101_description
[0.646s] -- Install configuration: ""
[0.646s] -- Installing: /home/shourya007/hackathon_ws/install/so101_description/share/so101_description/urdf
[0.646s] -- Installing: /home/shourya007/hackathon_ws/install/so101_description/share/so101_description/urdf/so101.urdf
[0.647s] -- Installing: /home/shourya007/hackathon_ws/install/so101_description/share/so101_description/urdf/marking_initial.urdf
[0.647s] -- Installing: /home/shourya007/hackathon_ws/install/so101_description/share/so101_description/urdf/water_particle.urdf
[0.647s] -- Installing: /home/shourya007/hackathon_ws/install/so101_description/share/so101_description/urdf/marking_final.urdf
[0.647s] -- Installing: /home/shourya007/hackathon_ws/install/so101_description/share/so101_description/urdf/container.urdf
[0.647s] -- Installing: /home/shourya007/hackathon_ws/install/so101_description/share/so101_description/meshes
[0.647s] -- Installing: /home/shourya007/hackathon_ws/install/so101_description/share/so101_description/meshes/under_arm_so101_v1.stl
[0.649s] -- Installing: /home/shourya007/hackathon_ws/install/so101_description/share/so101_description/meshes/d435i.stl
[0.649s] -- Installing: /home/shourya007/hackathon_ws/install/so101_description/share/so101_description/meshes/marking.stl
[0.650s] -- Installing: /home/shourya007/hackathon_ws/install/so101_description/share/so101_description/meshes/motor_holder_so101_wrist_v1.stl
[0.651s] -- Installing: /home/shourya007/hackathon_ws/install/so101_description/share/so101_description/meshes/rotation_pitch_so101_v1.stl
[0.652s] -- Installing: /home/shourya007/hackathon_ws/install/so101_description/share/so101_description/meshes/jaw.stl
[0.652s] -- Installing: /home/shourya007/hackathon_ws/install/so101_description/share/so101_description/meshes/bowl.stl
[0.652s] -- Installing: /home/shourya007/hackathon_ws/install/so101_description/share/so101_description/meshes/wrist_roll_pitch_so101_v2.stl
[0.655s] -- Installing: /home/shourya007/hackathon_ws/install/so101_description/share/so101_description/meshes/upper_arm_so101_v1.stl
[0.657s] -- Installing: /home/shourya007/hackathon_ws/install/so101_description/share/so101_description/meshes/wrist_roll_follower_so101_v1.stl
[0.658s] -- Installing: /home/shourya007/hackathon_ws/install/so101_description/share/so101_description/meshes/motor_holder_so101_base_v1.stl
[0.659s] -- Installing: /home/shourya007/hackathon_ws/install/so101_description/share/so101_description/meshes/container.stl
[0.660s] -- Installing: /home/shourya007/hackathon_ws/install/so101_description/share/so101_description/meshes/waveshare_mounting_plate_so101_v2.stl
[0.660s] -- Installing: /home/shourya007/hackathon_ws/install/so101_description/share/so101_description/meshes/moving_jaw_so101_v1.stl
[0.661s] -- Installing: /home/shourya007/hackathon_ws/install/so101_description/share/so101_description/meshes/base_motor_holder_so101_v1.stl
[0.663s] -- Installing: /home/shourya007/hackathon_ws/install/so101_description/share/so101_description/meshes/sts3215_03a_v1.stl
[0.664s] -- Installing: /home/shourya007/hackathon_ws/install/so101_description/share/so101_description/meshes/base_so101_v2.stl
[0.665s] -- Installing: /home/shourya007/hackathon_ws/install/so101_description/share/so101_description/meshes/sts3215_03a_no_horn_v1.stl
[0.666s] -- Installing: /home/shourya007/hackathon_ws/install/so101_description/share/so101_description/meshes/moving_jaw.stl
[0.666s] [31mCMake Error at cmake_install.cmake:46 (file):
[0.666s]   file INSTALL cannot find
[0.666s]   "/home/shourya007/hackathon_ws/src/so101_description/launch": No such file
[0.666s]   or directory.
[0.666s] 
[0.666s] [0m
[0.668s] Invoked command in '/home/shourya007/hackathon_ws/build/so101_description' returned '1': CMAKE_PREFIX_PATH=${CMAKE_PREFIX_PATH}:/home/shourya007/ros2_ws/install/unique_status:/home/shourya007/ros2_ws/install/simple_robot:/home/shourya007/ros2_ws/install/service_action_lab:/opt/ros/humble /usr/bin/cmake --install /home/shourya007/hackathon_ws/build/so101_description
