[0.009s] Invoking command in '/home/shourya007/hackathon_ws/build/so101_gazebo': CMAKE_PREFIX_PATH=/home/shourya007/hackathon_ws/install/so101_moveit_config:/home/shourya007/hackathon_ws/install/so101_description:/home/shourya007/hackathon_ws/install/so101_gazebo:/home/shourya007/ros2_ws/install/unique_status:/home/shourya007/ros2_ws/install/simple_robot:/home/shourya007/ros2_ws/install/service_action_lab:/opt/ros/humble /usr/bin/cmake /home/shourya007/hackathon_ws/src/so101_gazebo -DCMAKE_INSTALL_PREFIX=/home/shourya007/hackathon_ws/install/so101_gazebo
[0.057s] -- The C compiler identification is GNU 11.4.0
[0.104s] -- The CXX compiler identification is GNU 11.4.0
[0.110s] -- Detecting C compiler ABI info
[0.174s] -- Detecting C compiler ABI info - done
[0.179s] -- Check for working C compiler: /usr/bin/cc - skipped
[0.179s] -- Detecting C compile features
[0.179s] -- Detecting C compile features - done
[0.181s] -- Detecting CXX compiler ABI info
[0.254s] -- Detecting CXX compiler ABI info - done
[0.259s] -- Check for working CXX compiler: /usr/bin/c++ - skipped
[0.259s] -- Detecting CXX compile features
[0.260s] -- Detecting CXX compile features - done
[0.262s] -- Found ament_cmake: 1.3.12 (/opt/ros/humble/share/ament_cmake/cmake)
[0.385s] -- Found Python3: /usr/bin/python3 (found version "3.10.12") found components: Interpreter 
[0.504s] -- Configuring done
[0.506s] -- Generating done
[0.507s] -- Build files have been written to: /home/shourya007/hackathon_ws/build/so101_gazebo
[0.511s] Invoked command in '/home/shourya007/hackathon_ws/build/so101_gazebo' returned '0': CMAKE_PREFIX_PATH=/home/shourya007/hackathon_ws/install/so101_moveit_config:/home/shourya007/hackathon_ws/install/so101_description:/home/shourya007/hackathon_ws/install/so101_gazebo:/home/shourya007/ros2_ws/install/unique_status:/home/shourya007/ros2_ws/install/simple_robot:/home/shourya007/ros2_ws/install/service_action_lab:/opt/ros/humble /usr/bin/cmake /home/shourya007/hackathon_ws/src/so101_gazebo -DCMAKE_INSTALL_PREFIX=/home/shourya007/hackathon_ws/install/so101_gazebo
[0.513s] Invoking command in '/home/shourya007/hackathon_ws/build/so101_gazebo': CMAKE_PREFIX_PATH=/home/shourya007/hackathon_ws/install/so101_moveit_config:/home/shourya007/hackathon_ws/install/so101_description:/home/shourya007/hackathon_ws/install/so101_gazebo:/home/shourya007/ros2_ws/install/unique_status:/home/shourya007/ros2_ws/install/simple_robot:/home/shourya007/ros2_ws/install/service_action_lab:/opt/ros/humble /usr/bin/cmake --build /home/shourya007/hackathon_ws/build/so101_gazebo -- -j16 -l16
[0.549s] Invoked command in '/home/shourya007/hackathon_ws/build/so101_gazebo' returned '0': CMAKE_PREFIX_PATH=/home/shourya007/hackathon_ws/install/so101_moveit_config:/home/shourya007/hackathon_ws/install/so101_description:/home/shourya007/hackathon_ws/install/so101_gazebo:/home/shourya007/ros2_ws/install/unique_status:/home/shourya007/ros2_ws/install/simple_robot:/home/shourya007/ros2_ws/install/service_action_lab:/opt/ros/humble /usr/bin/cmake --build /home/shourya007/hackathon_ws/build/so101_gazebo -- -j16 -l16
[0.551s] Invoking command in '/home/shourya007/hackathon_ws/build/so101_gazebo': CMAKE_PREFIX_PATH=/home/shourya007/hackathon_ws/install/so101_moveit_config:/home/shourya007/hackathon_ws/install/so101_description:/home/shourya007/hackathon_ws/install/so101_gazebo:/home/shourya007/ros2_ws/install/unique_status:/home/shourya007/ros2_ws/install/simple_robot:/home/shourya007/ros2_ws/install/service_action_lab:/opt/ros/humble /usr/bin/cmake --install /home/shourya007/hackathon_ws/build/so101_gazebo
[0.557s] -- Install configuration: ""
[0.557s] -- Up-to-date: /home/shourya007/hackathon_ws/install/so101_gazebo/share/so101_gazebo/launch
[0.558s] -- Installing: /home/shourya007/hackathon_ws/install/so101_gazebo/share/so101_gazebo/config
[0.558s] -- Installing: /home/shourya007/hackathon_ws/install/so101_gazebo/share/so101_gazebo/config/follower_gazebo.rviz
[0.558s] -- Up-to-date: /home/shourya007/hackathon_ws/install/so101_gazebo/share/so101_gazebo/worlds
[0.558s] -- Installing: /home/shourya007/hackathon_ws/install/so101_gazebo/share/ament_index/resource_index/package_run_dependencies/so101_gazebo
[0.558s] -- Installing: /home/shourya007/hackathon_ws/install/so101_gazebo/share/ament_index/resource_index/parent_prefix_path/so101_gazebo
[0.558s] -- Installing: /home/shourya007/hackathon_ws/install/so101_gazebo/share/so101_gazebo/environment/ament_prefix_path.sh
[0.558s] -- Installing: /home/shourya007/hackathon_ws/install/so101_gazebo/share/so101_gazebo/environment/ament_prefix_path.dsv
[0.558s] -- Installing: /home/shourya007/hackathon_ws/install/so101_gazebo/share/so101_gazebo/environment/path.sh
[0.559s] -- Installing: /home/shourya007/hackathon_ws/install/so101_gazebo/share/so101_gazebo/environment/path.dsv
[0.559s] -- Installing: /home/shourya007/hackathon_ws/install/so101_gazebo/share/so101_gazebo/local_setup.bash
[0.559s] -- Installing: /home/shourya007/hackathon_ws/install/so101_gazebo/share/so101_gazebo/local_setup.sh
[0.559s] -- Installing: /home/shourya007/hackathon_ws/install/so101_gazebo/share/so101_gazebo/local_setup.zsh
[0.559s] -- Installing: /home/shourya007/hackathon_ws/install/so101_gazebo/share/so101_gazebo/local_setup.dsv
[0.559s] -- Installing: /home/shourya007/hackathon_ws/install/so101_gazebo/share/so101_gazebo/package.dsv
[0.560s] -- Installing: /home/shourya007/hackathon_ws/install/so101_gazebo/share/ament_index/resource_index/packages/so101_gazebo
[0.560s] -- Installing: /home/shourya007/hackathon_ws/install/so101_gazebo/share/so101_gazebo/cmake/so101_gazeboConfig.cmake
[0.560s] -- Installing: /home/shourya007/hackathon_ws/install/so101_gazebo/share/so101_gazebo/cmake/so101_gazeboConfig-version.cmake
[0.562s] Invoked command in '/home/shourya007/hackathon_ws/build/so101_gazebo' returned '0': CMAKE_PREFIX_PATH=/home/shourya007/hackathon_ws/install/so101_moveit_config:/home/shourya007/hackathon_ws/install/so101_description:/home/shourya007/hackathon_ws/install/so101_gazebo:/home/shourya007/ros2_ws/install/unique_status:/home/shourya007/ros2_ws/install/simple_robot:/home/shourya007/ros2_ws/install/service_action_lab:/opt/ros/humble /usr/bin/cmake --install /home/shourya007/hackathon_ws/build/so101_gazebo
