-- Found ament_cmake: 1.3.12 (/opt/ros/humble/share/ament_cmake/cmake)
-- Override CMake install command with custom implementation using symlinks instead of copying resources
-- Configuring done
-- Generating done
-- Build files have been written to: /home/shourya007/hackathon_ws/build/so101_gazebo
-- Install configuration: ""
-- Execute custom install script
-- Symlinking: /home/shourya007/hackathon_ws/install/so101_gazebo/lib/so101_gazebo/object_detector.py
-- Symlinking: /home/shourya007/hackathon_ws/install/so101_gazebo/lib/so101_gazebo/palletizing_fetch.py
-- Symlinking: /home/shourya007/hackathon_ws/install/so101_gazebo/lib/so101_gazebo/pick_place_test.py
-- Symlinking: /home/shourya007/hackathon_ws/install/so101_gazebo/lib/so101_gazebo/so101_gazebo_bridge.py
-- Symlinking: /home/shourya007/hackathon_ws/install/so101_gazebo/share/so101_gazebo/launch/__pycache__/visualize_all_launch.cpython-310.pyc
-- Symlinking: /home/shourya007/hackathon_ws/install/so101_gazebo/share/so101_gazebo/launch/object_detector.py
-- Symlinking: /home/shourya007/hackathon_ws/install/so101_gazebo/share/so101_gazebo/launch/palletizing_fetch.py
-- Symlinking: /home/shourya007/hackathon_ws/install/so101_gazebo/share/so101_gazebo/launch/pick_place_test.py
-- Symlinking: /home/shourya007/hackathon_ws/install/so101_gazebo/share/so101_gazebo/launch/so101_gazebo_bridge.py
-- Symlinking: /home/shourya007/hackathon_ws/install/so101_gazebo/share/so101_gazebo/launch/visualize_all_launch.py
-- Up-to-date symlink: /home/shourya007/hackathon_ws/install/so101_gazebo/share/so101_gazebo/launch/so101_gazebo.launch.py
-- Symlinking: /home/shourya007/hackathon_ws/install/so101_gazebo/share/so101_gazebo/config/controllers.yaml
-- Symlinking: /home/shourya007/hackathon_ws/install/so101_gazebo/share/so101_gazebo/config/follower_gazebo.rviz
-- Up-to-date symlink: /home/shourya007/hackathon_ws/install/so101_gazebo/share/so101_gazebo/worlds/empty_world.sdf
-- Symlinking: /home/shourya007/hackathon_ws/install/so101_gazebo/share/ament_index/resource_index/package_run_dependencies/so101_gazebo
-- Symlinking: /home/shourya007/hackathon_ws/install/so101_gazebo/share/ament_index/resource_index/parent_prefix_path/so101_gazebo
-- Symlinking: /home/shourya007/hackathon_ws/install/so101_gazebo/share/so101_gazebo/environment/ament_prefix_path.sh
-- Symlinking: /home/shourya007/hackathon_ws/install/so101_gazebo/share/so101_gazebo/environment/ament_prefix_path.dsv
-- Symlinking: /home/shourya007/hackathon_ws/install/so101_gazebo/share/so101_gazebo/environment/path.sh
-- Symlinking: /home/shourya007/hackathon_ws/install/so101_gazebo/share/so101_gazebo/environment/path.dsv
-- Symlinking: /home/shourya007/hackathon_ws/install/so101_gazebo/share/so101_gazebo/local_setup.bash
-- Symlinking: /home/shourya007/hackathon_ws/install/so101_gazebo/share/so101_gazebo/local_setup.sh
-- Symlinking: /home/shourya007/hackathon_ws/install/so101_gazebo/share/so101_gazebo/local_setup.zsh
-- Symlinking: /home/shourya007/hackathon_ws/install/so101_gazebo/share/so101_gazebo/local_setup.dsv
-- Symlinking: /home/shourya007/hackathon_ws/install/so101_gazebo/share/so101_gazebo/package.dsv
-- Symlinking: /home/shourya007/hackathon_ws/install/so101_gazebo/share/ament_index/resource_index/packages/so101_gazebo
-- Symlinking: /home/shourya007/hackathon_ws/install/so101_gazebo/share/so101_gazebo/cmake/so101_gazeboConfig.cmake
-- Symlinking: /home/shourya007/hackathon_ws/install/so101_gazebo/share/so101_gazebo/cmake/so101_gazeboConfig-version.cmake
-- Up-to-date symlink: /home/shourya007/hackathon_ws/install/so101_gazebo/share/so101_gazebo/package.xml
