[0.012s] Invoking command in '/home/shourya007/hackathon_ws/build/so101_gazebo': CMAKE_PREFIX_PATH=/home/shourya007/hackathon_ws/install/so101_moveit_config:/home/shourya007/hackathon_ws/install/so101_description:/home/shourya007/hackathon_ws/install/so101_gazebo:/home/shourya007/ros2_ws/install/unique_status:/home/shourya007/ros2_ws/install/simple_robot:/home/shourya007/ros2_ws/install/service_action_lab:/opt/ros/humble /usr/bin/cmake /home/shourya007/hackathon_ws/src/so101_gazebo -DAMENT_CMAKE_SYMLINK_INSTALL=1 -DCMAKE_INSTALL_PREFIX=/home/shourya007/hackathon_ws/install/so101_gazebo
[0.025s] -- Found ament_cmake: 1.3.12 (/opt/ros/humble/share/ament_cmake/cmake)
[0.123s] -- Override CMake install command with custom implementation using symlinks instead of copying resources
[0.191s] -- Configuring done
[0.194s] -- Generating done
[0.196s] -- Build files have been written to: /home/shourya007/hackathon_ws/build/so101_gazebo
[0.199s] Invoked command in '/home/shourya007/hackathon_ws/build/so101_gazebo' returned '0': CMAKE_PREFIX_PATH=/home/shourya007/hackathon_ws/install/so101_moveit_config:/home/shourya007/hackathon_ws/install/so101_description:/home/shourya007/hackathon_ws/install/so101_gazebo:/home/shourya007/ros2_ws/install/unique_status:/home/shourya007/ros2_ws/install/simple_robot:/home/shourya007/ros2_ws/install/service_action_lab:/opt/ros/humble /usr/bin/cmake /home/shourya007/hackathon_ws/src/so101_gazebo -DAMENT_CMAKE_SYMLINK_INSTALL=1 -DCMAKE_INSTALL_PREFIX=/home/shourya007/hackathon_ws/install/so101_gazebo
[0.200s] Invoking command in '/home/shourya007/hackathon_ws/build/so101_gazebo': CMAKE_PREFIX_PATH=/home/shourya007/hackathon_ws/install/so101_moveit_config:/home/shourya007/hackathon_ws/install/so101_description:/home/shourya007/hackathon_ws/install/so101_gazebo:/home/shourya007/ros2_ws/install/unique_status:/home/shourya007/ros2_ws/install/simple_robot:/home/shourya007/ros2_ws/install/service_action_lab:/opt/ros/humble /usr/bin/cmake --build /home/shourya007/hackathon_ws/build/so101_gazebo -- -j16 -l16
[0.237s] Invoked command in '/home/shourya007/hackathon_ws/build/so101_gazebo' returned '0': CMAKE_PREFIX_PATH=/home/shourya007/hackathon_ws/install/so101_moveit_config:/home/shourya007/hackathon_ws/install/so101_description:/home/shourya007/hackathon_ws/install/so101_gazebo:/home/shourya007/ros2_ws/install/unique_status:/home/shourya007/ros2_ws/install/simple_robot:/home/shourya007/ros2_ws/install/service_action_lab:/opt/ros/humble /usr/bin/cmake --build /home/shourya007/hackathon_ws/build/so101_gazebo -- -j16 -l16
[0.248s] Invoking command in '/home/shourya007/hackathon_ws/build/so101_gazebo': CMAKE_PREFIX_PATH=/home/shourya007/hackathon_ws/install/so101_moveit_config:/home/shourya007/hackathon_ws/install/so101_description:/home/shourya007/hackathon_ws/install/so101_gazebo:/home/shourya007/ros2_ws/install/unique_status:/home/shourya007/ros2_ws/install/simple_robot:/home/shourya007/ros2_ws/install/service_action_lab:/opt/ros/humble /usr/bin/cmake --install /home/shourya007/hackathon_ws/build/so101_gazebo
[0.255s] -- Install configuration: ""
[0.255s] -- Execute custom install script
[0.255s] -- Symlinking: /home/shourya007/hackathon_ws/install/so101_gazebo/lib/so101_gazebo/object_detector.py
[0.263s] -- Symlinking: /home/shourya007/hackathon_ws/install/so101_gazebo/lib/so101_gazebo/palletizing_fetch.py
[0.272s] -- Symlinking: /home/shourya007/hackathon_ws/install/so101_gazebo/lib/so101_gazebo/pick_place_test.py
[0.281s] -- Symlinking: /home/shourya007/hackathon_ws/install/so101_gazebo/lib/so101_gazebo/so101_gazebo_bridge.py
[0.289s] -- Symlinking: /home/shourya007/hackathon_ws/install/so101_gazebo/share/so101_gazebo/launch/__pycache__/visualize_all_launch.cpython-310.pyc
[0.297s] -- Symlinking: /home/shourya007/hackathon_ws/install/so101_gazebo/share/so101_gazebo/launch/object_detector.py
[0.305s] -- Symlinking: /home/shourya007/hackathon_ws/install/so101_gazebo/share/so101_gazebo/launch/palletizing_fetch.py
[0.315s] -- Symlinking: /home/shourya007/hackathon_ws/install/so101_gazebo/share/so101_gazebo/launch/pick_place_test.py
[0.323s] -- Symlinking: /home/shourya007/hackathon_ws/install/so101_gazebo/share/so101_gazebo/launch/so101_gazebo_bridge.py
[0.331s] -- Symlinking: /home/shourya007/hackathon_ws/install/so101_gazebo/share/so101_gazebo/launch/visualize_all_launch.py
[0.340s] -- Up-to-date symlink: /home/shourya007/hackathon_ws/install/so101_gazebo/share/so101_gazebo/launch/so101_gazebo.launch.py
[0.340s] -- Symlinking: /home/shourya007/hackathon_ws/install/so101_gazebo/share/so101_gazebo/config/controllers.yaml
[0.348s] -- Symlinking: /home/shourya007/hackathon_ws/install/so101_gazebo/share/so101_gazebo/config/follower_gazebo.rviz
[0.356s] -- Up-to-date symlink: /home/shourya007/hackathon_ws/install/so101_gazebo/share/so101_gazebo/worlds/empty_world.sdf
[0.356s] -- Symlinking: /home/shourya007/hackathon_ws/install/so101_gazebo/share/ament_index/resource_index/package_run_dependencies/so101_gazebo
[0.364s] -- Symlinking: /home/shourya007/hackathon_ws/install/so101_gazebo/share/ament_index/resource_index/parent_prefix_path/so101_gazebo
[0.372s] -- Symlinking: /home/shourya007/hackathon_ws/install/so101_gazebo/share/so101_gazebo/environment/ament_prefix_path.sh
[0.380s] -- Symlinking: /home/shourya007/hackathon_ws/install/so101_gazebo/share/so101_gazebo/environment/ament_prefix_path.dsv
[0.389s] -- Symlinking: /home/shourya007/hackathon_ws/install/so101_gazebo/share/so101_gazebo/environment/path.sh
[0.398s] -- Symlinking: /home/shourya007/hackathon_ws/install/so101_gazebo/share/so101_gazebo/environment/path.dsv
[0.408s] -- Symlinking: /home/shourya007/hackathon_ws/install/so101_gazebo/share/so101_gazebo/local_setup.bash
[0.416s] -- Symlinking: /home/shourya007/hackathon_ws/install/so101_gazebo/share/so101_gazebo/local_setup.sh
[0.426s] -- Symlinking: /home/shourya007/hackathon_ws/install/so101_gazebo/share/so101_gazebo/local_setup.zsh
[0.434s] -- Symlinking: /home/shourya007/hackathon_ws/install/so101_gazebo/share/so101_gazebo/local_setup.dsv
[0.442s] -- Symlinking: /home/shourya007/hackathon_ws/install/so101_gazebo/share/so101_gazebo/package.dsv
[0.450s] -- Symlinking: /home/shourya007/hackathon_ws/install/so101_gazebo/share/ament_index/resource_index/packages/so101_gazebo
[0.458s] -- Symlinking: /home/shourya007/hackathon_ws/install/so101_gazebo/share/so101_gazebo/cmake/so101_gazeboConfig.cmake
[0.466s] -- Symlinking: /home/shourya007/hackathon_ws/install/so101_gazebo/share/so101_gazebo/cmake/so101_gazeboConfig-version.cmake
[0.474s] -- Up-to-date symlink: /home/shourya007/hackathon_ws/install/so101_gazebo/share/so101_gazebo/package.xml
[0.476s] Invoked command in '/home/shourya007/hackathon_ws/build/so101_gazebo' returned '0': CMAKE_PREFIX_PATH=/home/shourya007/hackathon_ws/install/so101_moveit_config:/home/shourya007/hackathon_ws/install/so101_description:/home/shourya007/hackathon_ws/install/so101_gazebo:/home/shourya007/ros2_ws/install/unique_status:/home/shourya007/ros2_ws/install/simple_robot:/home/shourya007/ros2_ws/install/service_action_lab:/opt/ros/humble /usr/bin/cmake --install /home/shourya007/hackathon_ws/build/so101_gazebo
