[0.074s] DEBUG:colcon:Command line arguments: ['/usr/bin/colcon', 'build']
[0.075s] DEBUG:colcon:Parsed command line arguments: Namespace(log_base=None, log_level=None, verb_name='build', build_base='build', install_base='install', merge_install=False, symlink_install=False, test_result_base=None, continue_on_error=False, executor='parallel', parallel_workers=16, event_handlers=None, ignore_user_meta=False, metas=['./colcon.meta'], base_paths=['.'], packages_ignore=None, packages_ignore_regex=None, paths=None, packages_up_to=None, packages_up_to_regex=None, packages_above=None, packages_above_and_dependencies=None, packages_above_depth=None, packages_select_by_dep=None, packages_skip_by_dep=None, packages_skip_up_to=None, packages_select_build_failed=False, packages_skip_build_finished=False, packages_select_test_failures=False, packages_skip_test_passed=False, packages_select=None, packages_skip=None, packages_select_regex=None, packages_skip_regex=None, packages_start=None, packages_end=None, allow_overriding=[], cmake_args=None, cmake_target=None, cmake_target_skip_unavailable=False, cmake_clean_cache=False, cmake_clean_first=False, cmake_force_configure=False, ament_cmake_args=None, catkin_cmake_args=None, catkin_skip_building_tests=False, verb_parser=<colcon_defaults.argument_parser.defaults.DefaultArgumentsDecorator object at 0x7aec206d9b40>, verb_extension=<colcon_core.verb.build.BuildVerb object at 0x7aec208d3160>, main=<bound method BuildVerb.main of <colcon_core.verb.build.BuildVerb object at 0x7aec208d3160>>)
[0.193s] Level 1:colcon.colcon_core.package_discovery:discover_packages(colcon_meta) check parameters
[0.193s] Level 1:colcon.colcon_core.package_discovery:discover_packages(recursive) check parameters
[0.193s] Level 1:colcon.colcon_core.package_discovery:discover_packages(ignore) check parameters
[0.193s] Level 1:colcon.colcon_core.package_discovery:discover_packages(path) check parameters
[0.193s] Level 1:colcon.colcon_core.package_discovery:discover_packages(colcon_meta) discover
[0.193s] Level 1:colcon.colcon_core.package_discovery:discover_packages(recursive) discover
[0.193s] INFO:colcon.colcon_core.package_discovery:Crawling recursively for packages in '/home/shourya007/hackathon_ws'
[0.193s] Level 1:colcon.colcon_core.package_identification:_identify(.) by extensions ['ignore', 'ignore_ament_install']
[0.193s] Level 1:colcon.colcon_core.package_identification:_identify(.) by extension 'ignore'
[0.193s] Level 1:colcon.colcon_core.package_identification:_identify(.) by extension 'ignore_ament_install'
[0.193s] Level 1:colcon.colcon_core.package_identification:_identify(.) by extensions ['colcon_pkg']
[0.193s] Level 1:colcon.colcon_core.package_identification:_identify(.) by extension 'colcon_pkg'
[0.193s] Level 1:colcon.colcon_core.package_identification:_identify(.) by extensions ['colcon_meta']
[0.193s] Level 1:colcon.colcon_core.package_identification:_identify(.) by extension 'colcon_meta'
[0.193s] Level 1:colcon.colcon_core.package_identification:_identify(.) by extensions ['ros']
[0.193s] Level 1:colcon.colcon_core.package_identification:_identify(.) by extension 'ros'
[0.201s] Level 1:colcon.colcon_core.package_identification:_identify(.) by extensions ['cmake', 'python']
[0.201s] Level 1:colcon.colcon_core.package_identification:_identify(.) by extension 'cmake'
[0.201s] Level 1:colcon.colcon_core.package_identification:_identify(.) by extension 'python'
[0.201s] Level 1:colcon.colcon_core.package_identification:_identify(.) by extensions ['python_setup_py']
[0.201s] Level 1:colcon.colcon_core.package_identification:_identify(.) by extension 'python_setup_py'
[0.201s] Level 1:colcon.colcon_core.package_identification:_identify(build) by extensions ['ignore', 'ignore_ament_install']
[0.201s] Level 1:colcon.colcon_core.package_identification:_identify(build) by extension 'ignore'
[0.201s] Level 1:colcon.colcon_core.package_identification:_identify(build) ignored
[0.201s] Level 1:colcon.colcon_core.package_identification:_identify(install) by extensions ['ignore', 'ignore_ament_install']
[0.201s] Level 1:colcon.colcon_core.package_identification:_identify(install) by extension 'ignore'
[0.201s] Level 1:colcon.colcon_core.package_identification:_identify(install) ignored
[0.201s] Level 1:colcon.colcon_core.package_identification:_identify(log) by extensions ['ignore', 'ignore_ament_install']
[0.201s] Level 1:colcon.colcon_core.package_identification:_identify(log) by extension 'ignore'
[0.201s] Level 1:colcon.colcon_core.package_identification:_identify(log) ignored
[0.202s] Level 1:colcon.colcon_core.package_identification:_identify(src) by extensions ['ignore', 'ignore_ament_install']
[0.202s] Level 1:colcon.colcon_core.package_identification:_identify(src) by extension 'ignore'
[0.202s] Level 1:colcon.colcon_core.package_identification:_identify(src) by extension 'ignore_ament_install'
[0.202s] Level 1:colcon.colcon_core.package_identification:_identify(src) by extensions ['colcon_pkg']
[0.202s] Level 1:colcon.colcon_core.package_identification:_identify(src) by extension 'colcon_pkg'
[0.202s] Level 1:colcon.colcon_core.package_identification:_identify(src) by extensions ['colcon_meta']
[0.202s] Level 1:colcon.colcon_core.package_identification:_identify(src) by extension 'colcon_meta'
[0.202s] Level 1:colcon.colcon_core.package_identification:_identify(src) by extensions ['ros']
[0.202s] Level 1:colcon.colcon_core.package_identification:_identify(src) by extension 'ros'
[0.202s] Level 1:colcon.colcon_core.package_identification:_identify(src) by extensions ['cmake', 'python']
[0.202s] Level 1:colcon.colcon_core.package_identification:_identify(src) by extension 'cmake'
[0.202s] Level 1:colcon.colcon_core.package_identification:_identify(src) by extension 'python'
[0.202s] Level 1:colcon.colcon_core.package_identification:_identify(src) by extensions ['python_setup_py']
[0.202s] Level 1:colcon.colcon_core.package_identification:_identify(src) by extension 'python_setup_py'
[0.202s] Level 1:colcon.colcon_core.package_identification:_identify(src/so101_description) by extensions ['ignore', 'ignore_ament_install']
[0.202s] Level 1:colcon.colcon_core.package_identification:_identify(src/so101_description) by extension 'ignore'
[0.202s] Level 1:colcon.colcon_core.package_identification:_identify(src/so101_description) by extension 'ignore_ament_install'
[0.202s] Level 1:colcon.colcon_core.package_identification:_identify(src/so101_description) by extensions ['colcon_pkg']
[0.202s] Level 1:colcon.colcon_core.package_identification:_identify(src/so101_description) by extension 'colcon_pkg'
[0.202s] Level 1:colcon.colcon_core.package_identification:_identify(src/so101_description) by extensions ['colcon_meta']
[0.202s] Level 1:colcon.colcon_core.package_identification:_identify(src/so101_description) by extension 'colcon_meta'
[0.202s] Level 1:colcon.colcon_core.package_identification:_identify(src/so101_description) by extensions ['ros']
[0.202s] Level 1:colcon.colcon_core.package_identification:_identify(src/so101_description) by extension 'ros'
[0.204s] DEBUG:colcon.colcon_core.package_identification:Package 'src/so101_description' with type 'ros.ament_cmake' and name 'so101_description'
[0.204s] Level 1:colcon.colcon_core.package_identification:_identify(src/so101_gazebo) by extensions ['ignore', 'ignore_ament_install']
[0.204s] Level 1:colcon.colcon_core.package_identification:_identify(src/so101_gazebo) by extension 'ignore'
[0.204s] Level 1:colcon.colcon_core.package_identification:_identify(src/so101_gazebo) by extension 'ignore_ament_install'
[0.204s] Level 1:colcon.colcon_core.package_identification:_identify(src/so101_gazebo) by extensions ['colcon_pkg']
[0.204s] Level 1:colcon.colcon_core.package_identification:_identify(src/so101_gazebo) by extension 'colcon_pkg'
[0.204s] Level 1:colcon.colcon_core.package_identification:_identify(src/so101_gazebo) by extensions ['colcon_meta']
[0.204s] Level 1:colcon.colcon_core.package_identification:_identify(src/so101_gazebo) by extension 'colcon_meta'
[0.204s] Level 1:colcon.colcon_core.package_identification:_identify(src/so101_gazebo) by extensions ['ros']
[0.204s] Level 1:colcon.colcon_core.package_identification:_identify(src/so101_gazebo) by extension 'ros'
[0.205s] DEBUG:colcon.colcon_core.package_identification:Package 'src/so101_gazebo' with type 'ros.ament_cmake' and name 'so101_gazebo'
[0.205s] Level 1:colcon.colcon_core.package_identification:_identify(src/so101_moveit_config) by extensions ['ignore', 'ignore_ament_install']
[0.205s] Level 1:colcon.colcon_core.package_identification:_identify(src/so101_moveit_config) by extension 'ignore'
[0.205s] Level 1:colcon.colcon_core.package_identification:_identify(src/so101_moveit_config) by extension 'ignore_ament_install'
[0.205s] Level 1:colcon.colcon_core.package_identification:_identify(src/so101_moveit_config) by extensions ['colcon_pkg']
[0.205s] Level 1:colcon.colcon_core.package_identification:_identify(src/so101_moveit_config) by extension 'colcon_pkg'
[0.205s] Level 1:colcon.colcon_core.package_identification:_identify(src/so101_moveit_config) by extensions ['colcon_meta']
[0.205s] Level 1:colcon.colcon_core.package_identification:_identify(src/so101_moveit_config) by extension 'colcon_meta'
[0.205s] Level 1:colcon.colcon_core.package_identification:_identify(src/so101_moveit_config) by extensions ['ros']
[0.205s] Level 1:colcon.colcon_core.package_identification:_identify(src/so101_moveit_config) by extension 'ros'
[0.206s] DEBUG:colcon.colcon_core.package_identification:Package 'src/so101_moveit_config' with type 'ros.ament_cmake' and name 'so101_moveit_config'
[0.206s] Level 1:colcon.colcon_core.package_discovery:discover_packages(recursive) using defaults
[0.206s] Level 1:colcon.colcon_core.package_discovery:discover_packages(ignore) discover
[0.206s] Level 1:colcon.colcon_core.package_discovery:discover_packages(ignore) using defaults
[0.206s] Level 1:colcon.colcon_core.package_discovery:discover_packages(path) discover
[0.206s] Level 1:colcon.colcon_core.package_discovery:discover_packages(path) using defaults
[0.228s] Level 1:colcon.colcon_core.package_discovery:discover_packages(prefix_path) check parameters
[0.228s] Level 1:colcon.colcon_core.package_discovery:discover_packages(prefix_path) discover
[0.229s] DEBUG:colcon.colcon_installed_package_information.package_discovery:Found 3 installed packages in /home/shourya007/hackathon_ws/install
[0.229s] DEBUG:colcon.colcon_installed_package_information.package_discovery:Found 3 installed packages in /home/shourya007/ros2_ws/install
[0.231s] DEBUG:colcon.colcon_installed_package_information.package_discovery:Found 373 installed packages in /opt/ros/humble
[0.232s] Level 1:colcon.colcon_core.package_discovery:discover_packages(prefix_path) using defaults
[0.264s] Level 5:colcon.colcon_core.verb:set package 'so101_description' build argument 'cmake_args' from command line to 'None'
[0.264s] Level 5:colcon.colcon_core.verb:set package 'so101_description' build argument 'cmake_target' from command line to 'None'
[0.264s] Level 5:colcon.colcon_core.verb:set package 'so101_description' build argument 'cmake_target_skip_unavailable' from command line to 'False'
[0.264s] Level 5:colcon.colcon_core.verb:set package 'so101_description' build argument 'cmake_clean_cache' from command line to 'False'
[0.264s] Level 5:colcon.colcon_core.verb:set package 'so101_description' build argument 'cmake_clean_first' from command line to 'False'
[0.264s] Level 5:colcon.colcon_core.verb:set package 'so101_description' build argument 'cmake_force_configure' from command line to 'False'
[0.264s] Level 5:colcon.colcon_core.verb:set package 'so101_description' build argument 'ament_cmake_args' from command line to 'None'
[0.264s] Level 5:colcon.colcon_core.verb:set package 'so101_description' build argument 'catkin_cmake_args' from command line to 'None'
[0.264s] Level 5:colcon.colcon_core.verb:set package 'so101_description' build argument 'catkin_skip_building_tests' from command line to 'False'
[0.264s] DEBUG:colcon.colcon_core.verb:Building package 'so101_description' with the following arguments: {'ament_cmake_args': None, 'build_base': '/home/shourya007/hackathon_ws/build/so101_description', 'catkin_cmake_args': None, 'catkin_skip_building_tests': False, 'cmake_args': None, 'cmake_clean_cache': False, 'cmake_clean_first': False, 'cmake_force_configure': False, 'cmake_target': None, 'cmake_target_skip_unavailable': False, 'install_base': '/home/shourya007/hackathon_ws/install/so101_description', 'merge_install': False, 'path': '/home/shourya007/hackathon_ws/src/so101_description', 'symlink_install': False, 'test_result_base': None}
[0.264s] Level 5:colcon.colcon_core.verb:set package 'so101_moveit_config' build argument 'cmake_args' from command line to 'None'
[0.264s] Level 5:colcon.colcon_core.verb:set package 'so101_moveit_config' build argument 'cmake_target' from command line to 'None'
[0.264s] Level 5:colcon.colcon_core.verb:set package 'so101_moveit_config' build argument 'cmake_target_skip_unavailable' from command line to 'False'
[0.264s] Level 5:colcon.colcon_core.verb:set package 'so101_moveit_config' build argument 'cmake_clean_cache' from command line to 'False'
[0.264s] Level 5:colcon.colcon_core.verb:set package 'so101_moveit_config' build argument 'cmake_clean_first' from command line to 'False'
[0.264s] Level 5:colcon.colcon_core.verb:set package 'so101_moveit_config' build argument 'cmake_force_configure' from command line to 'False'
[0.264s] Level 5:colcon.colcon_core.verb:set package 'so101_moveit_config' build argument 'ament_cmake_args' from command line to 'None'
[0.264s] Level 5:colcon.colcon_core.verb:set package 'so101_moveit_config' build argument 'catkin_cmake_args' from command line to 'None'
[0.264s] Level 5:colcon.colcon_core.verb:set package 'so101_moveit_config' build argument 'catkin_skip_building_tests' from command line to 'False'
[0.264s] DEBUG:colcon.colcon_core.verb:Building package 'so101_moveit_config' with the following arguments: {'ament_cmake_args': None, 'build_base': '/home/shourya007/hackathon_ws/build/so101_moveit_config', 'catkin_cmake_args': None, 'catkin_skip_building_tests': False, 'cmake_args': None, 'cmake_clean_cache': False, 'cmake_clean_first': False, 'cmake_force_configure': False, 'cmake_target': None, 'cmake_target_skip_unavailable': False, 'install_base': '/home/shourya007/hackathon_ws/install/so101_moveit_config', 'merge_install': False, 'path': '/home/shourya007/hackathon_ws/src/so101_moveit_config', 'symlink_install': False, 'test_result_base': None}
[0.264s] Level 5:colcon.colcon_core.verb:set package 'so101_gazebo' build argument 'cmake_args' from command line to 'None'
[0.264s] Level 5:colcon.colcon_core.verb:set package 'so101_gazebo' build argument 'cmake_target' from command line to 'None'
[0.265s] Level 5:colcon.colcon_core.verb:set package 'so101_gazebo' build argument 'cmake_target_skip_unavailable' from command line to 'False'
[0.265s] Level 5:colcon.colcon_core.verb:set package 'so101_gazebo' build argument 'cmake_clean_cache' from command line to 'False'
[0.265s] Level 5:colcon.colcon_core.verb:set package 'so101_gazebo' build argument 'cmake_clean_first' from command line to 'False'
[0.265s] Level 5:colcon.colcon_core.verb:set package 'so101_gazebo' build argument 'cmake_force_configure' from command line to 'False'
[0.265s] Level 5:colcon.colcon_core.verb:set package 'so101_gazebo' build argument 'ament_cmake_args' from command line to 'None'
[0.265s] Level 5:colcon.colcon_core.verb:set package 'so101_gazebo' build argument 'catkin_cmake_args' from command line to 'None'
[0.265s] Level 5:colcon.colcon_core.verb:set package 'so101_gazebo' build argument 'catkin_skip_building_tests' from command line to 'False'
[0.265s] DEBUG:colcon.colcon_core.verb:Building package 'so101_gazebo' with the following arguments: {'ament_cmake_args': None, 'build_base': '/home/shourya007/hackathon_ws/build/so101_gazebo', 'catkin_cmake_args': None, 'catkin_skip_building_tests': False, 'cmake_args': None, 'cmake_clean_cache': False, 'cmake_clean_first': False, 'cmake_force_configure': False, 'cmake_target': None, 'cmake_target_skip_unavailable': False, 'install_base': '/home/shourya007/hackathon_ws/install/so101_gazebo', 'merge_install': False, 'path': '/home/shourya007/hackathon_ws/src/so101_gazebo', 'symlink_install': False, 'test_result_base': None}
[0.265s] INFO:colcon.colcon_core.executor:Executing jobs using 'parallel' executor
[0.266s] DEBUG:colcon.colcon_parallel_executor.executor.parallel:run_until_complete
[0.266s] INFO:colcon.colcon_ros.task.ament_cmake.build:Building ROS package in '/home/shourya007/hackathon_ws/src/so101_description' with build type 'ament_cmake'
[0.266s] INFO:colcon.colcon_cmake.task.cmake.build:Building CMake package in '/home/shourya007/hackathon_ws/src/so101_description'
[0.267s] INFO:colcon.colcon_core.plugin_system:Skipping extension 'colcon_core.shell.bat': Not used on non-Windows systems
[0.268s] INFO:colcon.colcon_core.shell:Skip shell extension 'powershell' for command environment: Not usable outside of PowerShell
[0.268s] DEBUG:colcon.colcon_core.shell:Skip shell extension 'dsv' for command environment
[0.276s] DEBUG:colcon.colcon_core.event_handler.log_command:Invoking command in '/home/shourya007/hackathon_ws/build/so101_description': CMAKE_PREFIX_PATH=${CMAKE_PREFIX_PATH}:/home/shourya007/ros2_ws/install/unique_status:/home/shourya007/ros2_ws/install/simple_robot:/home/shourya007/ros2_ws/install/service_action_lab:/opt/ros/humble /usr/bin/cmake --build /home/shourya007/hackathon_ws/build/so101_description -- -j16 -l16
[0.311s] DEBUG:colcon.colcon_core.event_handler.log_command:Invoked command in '/home/shourya007/hackathon_ws/build/so101_description' returned '0': CMAKE_PREFIX_PATH=${CMAKE_PREFIX_PATH}:/home/shourya007/ros2_ws/install/unique_status:/home/shourya007/ros2_ws/install/simple_robot:/home/shourya007/ros2_ws/install/service_action_lab:/opt/ros/humble /usr/bin/cmake --build /home/shourya007/hackathon_ws/build/so101_description -- -j16 -l16
[0.320s] DEBUG:colcon.colcon_core.event_handler.log_command:Invoking command in '/home/shourya007/hackathon_ws/build/so101_description': CMAKE_PREFIX_PATH=${CMAKE_PREFIX_PATH}:/home/shourya007/ros2_ws/install/unique_status:/home/shourya007/ros2_ws/install/simple_robot:/home/shourya007/ros2_ws/install/service_action_lab:/opt/ros/humble /usr/bin/cmake --install /home/shourya007/hackathon_ws/build/so101_description
[0.329s] Level 1:colcon.colcon_core.environment:create_environment_scripts_only(so101_description)
[0.329s] DEBUG:colcon.colcon_core.event_handler.log_command:Invoked command in '/home/shourya007/hackathon_ws/build/so101_description' returned '0': CMAKE_PREFIX_PATH=${CMAKE_PREFIX_PATH}:/home/shourya007/ros2_ws/install/unique_status:/home/shourya007/ros2_ws/install/simple_robot:/home/shourya007/ros2_ws/install/service_action_lab:/opt/ros/humble /usr/bin/cmake --install /home/shourya007/hackathon_ws/build/so101_description
[0.330s] Level 1:colcon.colcon_core.environment:checking '/home/shourya007/hackathon_ws/install/so101_description' for CMake module files
[0.331s] Level 1:colcon.colcon_core.environment:checking '/home/shourya007/hackathon_ws/install/so101_description' for CMake config files
[0.331s] Level 1:colcon.colcon_core.shell:create_environment_hook('so101_description', 'cmake_prefix_path')
[0.331s] INFO:colcon.colcon_core.shell:Creating environment hook '/home/shourya007/hackathon_ws/install/so101_description/share/so101_description/hook/cmake_prefix_path.ps1'
[0.332s] INFO:colcon.colcon_core.shell:Creating environment descriptor '/home/shourya007/hackathon_ws/install/so101_description/share/so101_description/hook/cmake_prefix_path.dsv'
[0.332s] INFO:colcon.colcon_core.shell:Creating environment hook '/home/shourya007/hackathon_ws/install/so101_description/share/so101_description/hook/cmake_prefix_path.sh'
[0.333s] Level 1:colcon.colcon_core.environment:checking '/home/shourya007/hackathon_ws/install/so101_description/bin'
[0.333s] Level 1:colcon.colcon_core.environment:checking '/home/shourya007/hackathon_ws/install/so101_description/lib/pkgconfig/so101_description.pc'
[0.333s] Level 1:colcon.colcon_core.environment:checking '/home/shourya007/hackathon_ws/install/so101_description/lib/python3.10/site-packages'
[0.333s] Level 1:colcon.colcon_core.environment:checking '/home/shourya007/hackathon_ws/install/so101_description/bin'
[0.333s] INFO:colcon.colcon_core.shell:Creating package script '/home/shourya007/hackathon_ws/install/so101_description/share/so101_description/package.ps1'
[0.334s] INFO:colcon.colcon_core.shell:Creating package descriptor '/home/shourya007/hackathon_ws/install/so101_description/share/so101_description/package.dsv'
[0.334s] INFO:colcon.colcon_core.shell:Creating package script '/home/shourya007/hackathon_ws/install/so101_description/share/so101_description/package.sh'
[0.335s] INFO:colcon.colcon_core.shell:Creating package script '/home/shourya007/hackathon_ws/install/so101_description/share/so101_description/package.bash'
[0.335s] INFO:colcon.colcon_core.shell:Creating package script '/home/shourya007/hackathon_ws/install/so101_description/share/so101_description/package.zsh'
[0.335s] Level 1:colcon.colcon_core.environment:create_file_with_runtime_dependencies(/home/shourya007/hackathon_ws/install/so101_description/share/colcon-core/packages/so101_description)
[0.336s] Level 1:colcon.colcon_core.environment:create_environment_scripts_only(so101_description)
[0.336s] Level 1:colcon.colcon_core.environment:checking '/home/shourya007/hackathon_ws/install/so101_description' for CMake module files
[0.337s] Level 1:colcon.colcon_core.environment:checking '/home/shourya007/hackathon_ws/install/so101_description' for CMake config files
[0.337s] Level 1:colcon.colcon_core.shell:create_environment_hook('so101_description', 'cmake_prefix_path')
[0.337s] INFO:colcon.colcon_core.shell:Creating environment hook '/home/shourya007/hackathon_ws/install/so101_description/share/so101_description/hook/cmake_prefix_path.ps1'
[0.337s] INFO:colcon.colcon_core.shell:Creating environment descriptor '/home/shourya007/hackathon_ws/install/so101_description/share/so101_description/hook/cmake_prefix_path.dsv'
[0.338s] INFO:colcon.colcon_core.shell:Creating environment hook '/home/shourya007/hackathon_ws/install/so101_description/share/so101_description/hook/cmake_prefix_path.sh'
[0.338s] Level 1:colcon.colcon_core.environment:checking '/home/shourya007/hackathon_ws/install/so101_description/bin'
[0.338s] Level 1:colcon.colcon_core.environment:checking '/home/shourya007/hackathon_ws/install/so101_description/lib/pkgconfig/so101_description.pc'
[0.338s] Level 1:colcon.colcon_core.environment:checking '/home/shourya007/hackathon_ws/install/so101_description/lib/python3.10/site-packages'
[0.338s] Level 1:colcon.colcon_core.environment:checking '/home/shourya007/hackathon_ws/install/so101_description/bin'
[0.338s] INFO:colcon.colcon_core.shell:Creating package script '/home/shourya007/hackathon_ws/install/so101_description/share/so101_description/package.ps1'
[0.339s] INFO:colcon.colcon_core.shell:Creating package descriptor '/home/shourya007/hackathon_ws/install/so101_description/share/so101_description/package.dsv'
[0.339s] INFO:colcon.colcon_core.shell:Creating package script '/home/shourya007/hackathon_ws/install/so101_description/share/so101_description/package.sh'
[0.339s] INFO:colcon.colcon_core.shell:Creating package script '/home/shourya007/hackathon_ws/install/so101_description/share/so101_description/package.bash'
[0.340s] INFO:colcon.colcon_core.shell:Creating package script '/home/shourya007/hackathon_ws/install/so101_description/share/so101_description/package.zsh'
[0.340s] Level 1:colcon.colcon_core.environment:create_file_with_runtime_dependencies(/home/shourya007/hackathon_ws/install/so101_description/share/colcon-core/packages/so101_description)
[0.340s] INFO:colcon.colcon_ros.task.ament_cmake.build:Building ROS package in '/home/shourya007/hackathon_ws/src/so101_moveit_config' with build type 'ament_cmake'
[0.340s] INFO:colcon.colcon_cmake.task.cmake.build:Building CMake package in '/home/shourya007/hackathon_ws/src/so101_moveit_config'
[0.340s] INFO:colcon.colcon_core.shell:Skip shell extension 'powershell' for command environment: Not usable outside of PowerShell
[0.340s] DEBUG:colcon.colcon_core.shell:Skip shell extension 'dsv' for command environment
[0.350s] DEBUG:colcon.colcon_core.event_handler.log_command:Invoking command in '/home/shourya007/hackathon_ws/build/so101_moveit_config': CMAKE_PREFIX_PATH=/home/shourya007/hackathon_ws/install/so101_description:/home/shourya007/hackathon_ws/install/so101_gazebo:/home/shourya007/hackathon_ws/install/so101_moveit_config:/home/shourya007/ros2_ws/install/unique_status:/home/shourya007/ros2_ws/install/simple_robot:/home/shourya007/ros2_ws/install/service_action_lab:/opt/ros/humble /usr/bin/cmake --build /home/shourya007/hackathon_ws/build/so101_moveit_config -- -j16 -l16
[0.387s] DEBUG:colcon.colcon_core.event_handler.log_command:Invoked command in '/home/shourya007/hackathon_ws/build/so101_moveit_config' returned '0': CMAKE_PREFIX_PATH=/home/shourya007/hackathon_ws/install/so101_description:/home/shourya007/hackathon_ws/install/so101_gazebo:/home/shourya007/hackathon_ws/install/so101_moveit_config:/home/shourya007/ros2_ws/install/unique_status:/home/shourya007/ros2_ws/install/simple_robot:/home/shourya007/ros2_ws/install/service_action_lab:/opt/ros/humble /usr/bin/cmake --build /home/shourya007/hackathon_ws/build/so101_moveit_config -- -j16 -l16
[0.388s] DEBUG:colcon.colcon_core.event_handler.log_command:Invoking command in '/home/shourya007/hackathon_ws/build/so101_moveit_config': CMAKE_PREFIX_PATH=/home/shourya007/hackathon_ws/install/so101_description:/home/shourya007/hackathon_ws/install/so101_gazebo:/home/shourya007/hackathon_ws/install/so101_moveit_config:/home/shourya007/ros2_ws/install/unique_status:/home/shourya007/ros2_ws/install/simple_robot:/home/shourya007/ros2_ws/install/service_action_lab:/opt/ros/humble /usr/bin/cmake --install /home/shourya007/hackathon_ws/build/so101_moveit_config
[0.406s] Level 1:colcon.colcon_core.environment:create_environment_scripts_only(so101_moveit_config)
[0.406s] Level 1:colcon.colcon_core.environment:checking '/home/shourya007/hackathon_ws/install/so101_moveit_config' for CMake module files
[0.407s] DEBUG:colcon.colcon_core.event_handler.log_command:Invoked command in '/home/shourya007/hackathon_ws/build/so101_moveit_config' returned '0': CMAKE_PREFIX_PATH=/home/shourya007/hackathon_ws/install/so101_description:/home/shourya007/hackathon_ws/install/so101_gazebo:/home/shourya007/hackathon_ws/install/so101_moveit_config:/home/shourya007/ros2_ws/install/unique_status:/home/shourya007/ros2_ws/install/simple_robot:/home/shourya007/ros2_ws/install/service_action_lab:/opt/ros/humble /usr/bin/cmake --install /home/shourya007/hackathon_ws/build/so101_moveit_config
[0.407s] Level 1:colcon.colcon_core.environment:checking '/home/shourya007/hackathon_ws/install/so101_moveit_config' for CMake config files
[0.407s] Level 1:colcon.colcon_core.shell:create_environment_hook('so101_moveit_config', 'cmake_prefix_path')
[0.407s] INFO:colcon.colcon_core.shell:Creating environment hook '/home/shourya007/hackathon_ws/install/so101_moveit_config/share/so101_moveit_config/hook/cmake_prefix_path.ps1'
[0.408s] INFO:colcon.colcon_core.shell:Creating environment descriptor '/home/shourya007/hackathon_ws/install/so101_moveit_config/share/so101_moveit_config/hook/cmake_prefix_path.dsv'
[0.408s] INFO:colcon.colcon_core.shell:Creating environment hook '/home/shourya007/hackathon_ws/install/so101_moveit_config/share/so101_moveit_config/hook/cmake_prefix_path.sh'
[0.408s] Level 1:colcon.colcon_core.environment:checking '/home/shourya007/hackathon_ws/install/so101_moveit_config/bin'
[0.409s] Level 1:colcon.colcon_core.environment:checking '/home/shourya007/hackathon_ws/install/so101_moveit_config/lib/pkgconfig/so101_moveit_config.pc'
[0.409s] Level 1:colcon.colcon_core.environment:checking '/home/shourya007/hackathon_ws/install/so101_moveit_config/lib/python3.10/site-packages'
[0.409s] Level 1:colcon.colcon_core.environment:checking '/home/shourya007/hackathon_ws/install/so101_moveit_config/bin'
[0.409s] INFO:colcon.colcon_core.shell:Creating package script '/home/shourya007/hackathon_ws/install/so101_moveit_config/share/so101_moveit_config/package.ps1'
[0.409s] INFO:colcon.colcon_core.shell:Creating package descriptor '/home/shourya007/hackathon_ws/install/so101_moveit_config/share/so101_moveit_config/package.dsv'
[0.410s] INFO:colcon.colcon_core.shell:Creating package script '/home/shourya007/hackathon_ws/install/so101_moveit_config/share/so101_moveit_config/package.sh'
[0.410s] INFO:colcon.colcon_core.shell:Creating package script '/home/shourya007/hackathon_ws/install/so101_moveit_config/share/so101_moveit_config/package.bash'
[0.410s] INFO:colcon.colcon_core.shell:Creating package script '/home/shourya007/hackathon_ws/install/so101_moveit_config/share/so101_moveit_config/package.zsh'
[0.411s] Level 1:colcon.colcon_core.environment:create_file_with_runtime_dependencies(/home/shourya007/hackathon_ws/install/so101_moveit_config/share/colcon-core/packages/so101_moveit_config)
[0.411s] Level 1:colcon.colcon_core.environment:create_environment_scripts_only(so101_moveit_config)
[0.411s] Level 1:colcon.colcon_core.environment:checking '/home/shourya007/hackathon_ws/install/so101_moveit_config' for CMake module files
[0.411s] Level 1:colcon.colcon_core.environment:checking '/home/shourya007/hackathon_ws/install/so101_moveit_config' for CMake config files
[0.412s] Level 1:colcon.colcon_core.shell:create_environment_hook('so101_moveit_config', 'cmake_prefix_path')
[0.412s] INFO:colcon.colcon_core.shell:Creating environment hook '/home/shourya007/hackathon_ws/install/so101_moveit_config/share/so101_moveit_config/hook/cmake_prefix_path.ps1'
[0.412s] INFO:colcon.colcon_core.shell:Creating environment descriptor '/home/shourya007/hackathon_ws/install/so101_moveit_config/share/so101_moveit_config/hook/cmake_prefix_path.dsv'
[0.412s] INFO:colcon.colcon_core.shell:Creating environment hook '/home/shourya007/hackathon_ws/install/so101_moveit_config/share/so101_moveit_config/hook/cmake_prefix_path.sh'
[0.413s] Level 1:colcon.colcon_core.environment:checking '/home/shourya007/hackathon_ws/install/so101_moveit_config/bin'
[0.413s] Level 1:colcon.colcon_core.environment:checking '/home/shourya007/hackathon_ws/install/so101_moveit_config/lib/pkgconfig/so101_moveit_config.pc'
[0.413s] Level 1:colcon.colcon_core.environment:checking '/home/shourya007/hackathon_ws/install/so101_moveit_config/lib/python3.10/site-packages'
[0.413s] Level 1:colcon.colcon_core.environment:checking '/home/shourya007/hackathon_ws/install/so101_moveit_config/bin'
[0.413s] INFO:colcon.colcon_core.shell:Creating package script '/home/shourya007/hackathon_ws/install/so101_moveit_config/share/so101_moveit_config/package.ps1'
[0.414s] INFO:colcon.colcon_core.shell:Creating package descriptor '/home/shourya007/hackathon_ws/install/so101_moveit_config/share/so101_moveit_config/package.dsv'
[0.414s] INFO:colcon.colcon_core.shell:Creating package script '/home/shourya007/hackathon_ws/install/so101_moveit_config/share/so101_moveit_config/package.sh'
[0.414s] INFO:colcon.colcon_core.shell:Creating package script '/home/shourya007/hackathon_ws/install/so101_moveit_config/share/so101_moveit_config/package.bash'
[0.414s] INFO:colcon.colcon_core.shell:Creating package script '/home/shourya007/hackathon_ws/install/so101_moveit_config/share/so101_moveit_config/package.zsh'
[0.415s] Level 1:colcon.colcon_core.environment:create_file_with_runtime_dependencies(/home/shourya007/hackathon_ws/install/so101_moveit_config/share/colcon-core/packages/so101_moveit_config)
[0.415s] INFO:colcon.colcon_ros.task.ament_cmake.build:Building ROS package in '/home/shourya007/hackathon_ws/src/so101_gazebo' with build type 'ament_cmake'
[0.415s] INFO:colcon.colcon_cmake.task.cmake.build:Building CMake package in '/home/shourya007/hackathon_ws/src/so101_gazebo'
[0.415s] INFO:colcon.colcon_core.shell:Skip shell extension 'powershell' for command environment: Not usable outside of PowerShell
[0.415s] DEBUG:colcon.colcon_core.shell:Skip shell extension 'dsv' for command environment
[0.425s] DEBUG:colcon.colcon_core.event_handler.log_command:Invoking command in '/home/shourya007/hackathon_ws/build/so101_gazebo': CMAKE_PREFIX_PATH=/home/shourya007/hackathon_ws/install/so101_moveit_config:/home/shourya007/hackathon_ws/install/so101_description:/home/shourya007/hackathon_ws/install/so101_gazebo:/home/shourya007/ros2_ws/install/unique_status:/home/shourya007/ros2_ws/install/simple_robot:/home/shourya007/ros2_ws/install/service_action_lab:/opt/ros/humble /usr/bin/cmake --build /home/shourya007/hackathon_ws/build/so101_gazebo -- -j16 -l16
[0.460s] DEBUG:colcon.colcon_core.event_handler.log_command:Invoked command in '/home/shourya007/hackathon_ws/build/so101_gazebo' returned '0': CMAKE_PREFIX_PATH=/home/shourya007/hackathon_ws/install/so101_moveit_config:/home/shourya007/hackathon_ws/install/so101_description:/home/shourya007/hackathon_ws/install/so101_gazebo:/home/shourya007/ros2_ws/install/unique_status:/home/shourya007/ros2_ws/install/simple_robot:/home/shourya007/ros2_ws/install/service_action_lab:/opt/ros/humble /usr/bin/cmake --build /home/shourya007/hackathon_ws/build/so101_gazebo -- -j16 -l16
[0.462s] DEBUG:colcon.colcon_core.event_handler.log_command:Invoking command in '/home/shourya007/hackathon_ws/build/so101_gazebo': CMAKE_PREFIX_PATH=/home/shourya007/hackathon_ws/install/so101_moveit_config:/home/shourya007/hackathon_ws/install/so101_description:/home/shourya007/hackathon_ws/install/so101_gazebo:/home/shourya007/ros2_ws/install/unique_status:/home/shourya007/ros2_ws/install/simple_robot:/home/shourya007/ros2_ws/install/service_action_lab:/opt/ros/humble /usr/bin/cmake --install /home/shourya007/hackathon_ws/build/so101_gazebo
[0.480s] Level 1:colcon.colcon_core.environment:create_environment_scripts_only(so101_gazebo)
[0.481s] Level 1:colcon.colcon_core.environment:checking '/home/shourya007/hackathon_ws/install/so101_gazebo' for CMake module files
[0.481s] DEBUG:colcon.colcon_core.event_handler.log_command:Invoked command in '/home/shourya007/hackathon_ws/build/so101_gazebo' returned '0': CMAKE_PREFIX_PATH=/home/shourya007/hackathon_ws/install/so101_moveit_config:/home/shourya007/hackathon_ws/install/so101_description:/home/shourya007/hackathon_ws/install/so101_gazebo:/home/shourya007/ros2_ws/install/unique_status:/home/shourya007/ros2_ws/install/simple_robot:/home/shourya007/ros2_ws/install/service_action_lab:/opt/ros/humble /usr/bin/cmake --install /home/shourya007/hackathon_ws/build/so101_gazebo
[0.481s] Level 1:colcon.colcon_core.environment:checking '/home/shourya007/hackathon_ws/install/so101_gazebo' for CMake config files
[0.482s] Level 1:colcon.colcon_core.shell:create_environment_hook('so101_gazebo', 'cmake_prefix_path')
[0.482s] INFO:colcon.colcon_core.shell:Creating environment hook '/home/shourya007/hackathon_ws/install/so101_gazebo/share/so101_gazebo/hook/cmake_prefix_path.ps1'
[0.482s] INFO:colcon.colcon_core.shell:Creating environment descriptor '/home/shourya007/hackathon_ws/install/so101_gazebo/share/so101_gazebo/hook/cmake_prefix_path.dsv'
[0.483s] INFO:colcon.colcon_core.shell:Creating environment hook '/home/shourya007/hackathon_ws/install/so101_gazebo/share/so101_gazebo/hook/cmake_prefix_path.sh'
[0.483s] Level 1:colcon.colcon_core.environment:checking '/home/shourya007/hackathon_ws/install/so101_gazebo/lib'
[0.483s] Level 1:colcon.colcon_core.environment:checking '/home/shourya007/hackathon_ws/install/so101_gazebo/bin'
[0.483s] Level 1:colcon.colcon_core.environment:checking '/home/shourya007/hackathon_ws/install/so101_gazebo/lib/pkgconfig/so101_gazebo.pc'
[0.483s] Level 1:colcon.colcon_core.environment:checking '/home/shourya007/hackathon_ws/install/so101_gazebo/lib/python3.10/site-packages'
[0.483s] Level 1:colcon.colcon_core.shell:create_environment_hook('so101_gazebo', 'pythonpath')
[0.484s] INFO:colcon.colcon_core.shell:Creating environment hook '/home/shourya007/hackathon_ws/install/so101_gazebo/share/so101_gazebo/hook/pythonpath.ps1'
[0.484s] INFO:colcon.colcon_core.shell:Creating environment descriptor '/home/shourya007/hackathon_ws/install/so101_gazebo/share/so101_gazebo/hook/pythonpath.dsv'
[0.484s] INFO:colcon.colcon_core.shell:Creating environment hook '/home/shourya007/hackathon_ws/install/so101_gazebo/share/so101_gazebo/hook/pythonpath.sh'
[0.485s] Level 1:colcon.colcon_core.environment:checking '/home/shourya007/hackathon_ws/install/so101_gazebo/bin'
[0.485s] INFO:colcon.colcon_core.shell:Creating package script '/home/shourya007/hackathon_ws/install/so101_gazebo/share/so101_gazebo/package.ps1'
[0.485s] INFO:colcon.colcon_core.shell:Creating package descriptor '/home/shourya007/hackathon_ws/install/so101_gazebo/share/so101_gazebo/package.dsv'
[0.485s] INFO:colcon.colcon_core.shell:Creating package script '/home/shourya007/hackathon_ws/install/so101_gazebo/share/so101_gazebo/package.sh'
[0.486s] INFO:colcon.colcon_core.shell:Creating package script '/home/shourya007/hackathon_ws/install/so101_gazebo/share/so101_gazebo/package.bash'
[0.486s] INFO:colcon.colcon_core.shell:Creating package script '/home/shourya007/hackathon_ws/install/so101_gazebo/share/so101_gazebo/package.zsh'
[0.486s] Level 1:colcon.colcon_core.environment:create_file_with_runtime_dependencies(/home/shourya007/hackathon_ws/install/so101_gazebo/share/colcon-core/packages/so101_gazebo)
[0.487s] Level 1:colcon.colcon_core.environment:create_environment_scripts_only(so101_gazebo)
[0.487s] Level 1:colcon.colcon_core.environment:checking '/home/shourya007/hackathon_ws/install/so101_gazebo' for CMake module files
[0.487s] Level 1:colcon.colcon_core.environment:checking '/home/shourya007/hackathon_ws/install/so101_gazebo' for CMake config files
[0.487s] Level 1:colcon.colcon_core.shell:create_environment_hook('so101_gazebo', 'cmake_prefix_path')
[0.488s] INFO:colcon.colcon_core.shell:Creating environment hook '/home/shourya007/hackathon_ws/install/so101_gazebo/share/so101_gazebo/hook/cmake_prefix_path.ps1'
[0.488s] INFO:colcon.colcon_core.shell:Creating environment descriptor '/home/shourya007/hackathon_ws/install/so101_gazebo/share/so101_gazebo/hook/cmake_prefix_path.dsv'
[0.488s] INFO:colcon.colcon_core.shell:Creating environment hook '/home/shourya007/hackathon_ws/install/so101_gazebo/share/so101_gazebo/hook/cmake_prefix_path.sh'
[0.488s] Level 1:colcon.colcon_core.environment:checking '/home/shourya007/hackathon_ws/install/so101_gazebo/lib'
[0.489s] Level 1:colcon.colcon_core.environment:checking '/home/shourya007/hackathon_ws/install/so101_gazebo/bin'
[0.489s] Level 1:colcon.colcon_core.environment:checking '/home/shourya007/hackathon_ws/install/so101_gazebo/lib/pkgconfig/so101_gazebo.pc'
[0.489s] Level 1:colcon.colcon_core.environment:checking '/home/shourya007/hackathon_ws/install/so101_gazebo/lib/python3.10/site-packages'
[0.489s] Level 1:colcon.colcon_core.shell:create_environment_hook('so101_gazebo', 'pythonpath')
[0.489s] INFO:colcon.colcon_core.shell:Creating environment hook '/home/shourya007/hackathon_ws/install/so101_gazebo/share/so101_gazebo/hook/pythonpath.ps1'
[0.489s] INFO:colcon.colcon_core.shell:Creating environment descriptor '/home/shourya007/hackathon_ws/install/so101_gazebo/share/so101_gazebo/hook/pythonpath.dsv'
[0.489s] INFO:colcon.colcon_core.shell:Creating environment hook '/home/shourya007/hackathon_ws/install/so101_gazebo/share/so101_gazebo/hook/pythonpath.sh'
[0.490s] Level 1:colcon.colcon_core.environment:checking '/home/shourya007/hackathon_ws/install/so101_gazebo/bin'
[0.490s] INFO:colcon.colcon_core.shell:Creating package script '/home/shourya007/hackathon_ws/install/so101_gazebo/share/so101_gazebo/package.ps1'
[0.490s] INFO:colcon.colcon_core.shell:Creating package descriptor '/home/shourya007/hackathon_ws/install/so101_gazebo/share/so101_gazebo/package.dsv'
[0.491s] INFO:colcon.colcon_core.shell:Creating package script '/home/shourya007/hackathon_ws/install/so101_gazebo/share/so101_gazebo/package.sh'
[0.491s] INFO:colcon.colcon_core.shell:Creating package script '/home/shourya007/hackathon_ws/install/so101_gazebo/share/so101_gazebo/package.bash'
[0.491s] INFO:colcon.colcon_core.shell:Creating package script '/home/shourya007/hackathon_ws/install/so101_gazebo/share/so101_gazebo/package.zsh'
[0.492s] Level 1:colcon.colcon_core.environment:create_file_with_runtime_dependencies(/home/shourya007/hackathon_ws/install/so101_gazebo/share/colcon-core/packages/so101_gazebo)
[0.492s] DEBUG:colcon.colcon_parallel_executor.executor.parallel:closing loop
[0.492s] DEBUG:colcon.colcon_parallel_executor.executor.parallel:loop closed
[0.492s] DEBUG:colcon.colcon_parallel_executor.executor.parallel:run_until_complete finished with '0'
[0.492s] DEBUG:colcon.colcon_core.event_reactor:joining thread
[0.496s] INFO:colcon.colcon_core.plugin_system:Skipping extension 'colcon_notification.desktop_notification.terminal_notifier': Not used on non-Darwin systems
[0.496s] INFO:colcon.colcon_core.plugin_system:Skipping extension 'colcon_notification.desktop_notification.win32': Not used on non-Windows systems
[0.496s] INFO:colcon.colcon_notification.desktop_notification:Sending desktop notification using 'notify2'
[0.505s] DEBUG:colcon.colcon_core.event_reactor:joined thread
[0.505s] INFO:colcon.colcon_core.shell:Creating prefix script '/home/shourya007/hackathon_ws/install/local_setup.ps1'
[0.506s] INFO:colcon.colcon_core.shell:Creating prefix util module '/home/shourya007/hackathon_ws/install/_local_setup_util_ps1.py'
[0.507s] INFO:colcon.colcon_core.shell:Creating prefix chain script '/home/shourya007/hackathon_ws/install/setup.ps1'
[0.508s] INFO:colcon.colcon_core.shell:Creating prefix script '/home/shourya007/hackathon_ws/install/local_setup.sh'
[0.508s] INFO:colcon.colcon_core.shell:Creating prefix util module '/home/shourya007/hackathon_ws/install/_local_setup_util_sh.py'
[0.509s] INFO:colcon.colcon_core.shell:Creating prefix chain script '/home/shourya007/hackathon_ws/install/setup.sh'
[0.510s] INFO:colcon.colcon_core.shell:Creating prefix script '/home/shourya007/hackathon_ws/install/local_setup.bash'
[0.510s] INFO:colcon.colcon_core.shell:Creating prefix chain script '/home/shourya007/hackathon_ws/install/setup.bash'
[0.511s] INFO:colcon.colcon_core.shell:Creating prefix script '/home/shourya007/hackathon_ws/install/local_setup.zsh'
[0.511s] INFO:colcon.colcon_core.shell:Creating prefix chain script '/home/shourya007/hackathon_ws/install/setup.zsh'
