[0.009s] Invoking command in '/home/shourya007/hackathon_ws/build/so101_moveit_config': AMENT_PREFIX_PATH=/home/shourya007/hackathon_ws/install/so101_description:${AMENT_PREFIX_PATH} CMAKE_PREFIX_PATH=/home/shourya007/hackathon_ws/install/so101_description:/home/shourya007/hackathon_ws/install/so101_moveit_config:/home/shourya007/hackathon_ws/install/so101_gazebo:/home/shourya007/ros2_ws/install/unique_status:/home/shourya007/ros2_ws/install/simple_robot:/home/shourya007/ros2_ws/install/service_action_lab:/opt/ros/humble /usr/bin/cmake /home/shourya007/hackathon_ws/src/so101_moveit_config -DAMENT_CMAKE_SYMLINK_INSTALL=1 -DCMAKE_INSTALL_PREFIX=/home/shourya007/hackathon_ws/install/so101_moveit_config
[0.060s] -- The C compiler identification is GNU 11.4.0
[0.109s] -- The CXX compiler identification is GNU 11.4.0
[0.117s] -- Detecting C compiler ABI info
[0.186s] -- Detecting C compiler ABI info - done
[0.192s] -- Check for working C compiler: /usr/bin/cc - skipped
[0.192s] -- Detecting C compile features
[0.192s] -- Detecting C compile features - done
[0.194s] -- Detecting CXX compiler ABI info
[0.268s] -- Detecting CXX compiler ABI info - done
[0.274s] -- Check for working CXX compiler: /usr/bin/c++ - skipped
[0.274s] -- Detecting CXX compile features
[0.274s] -- Detecting CXX compile features - done
[0.277s] -- Found ament_cmake: 1.3.12 (/opt/ros/humble/share/ament_cmake/cmake)
[0.416s] -- Found Python3: /usr/bin/python3 (found version "3.10.12") found components: Interpreter 
[0.470s] -- Override CMake install command with custom implementation using symlinks instead of copying resources
[0.554s] -- Configuring done
[0.557s] -- Generating done
[0.558s] -- Build files have been written to: /home/shourya007/hackathon_ws/build/so101_moveit_config
[0.562s] Invoked command in '/home/shourya007/hackathon_ws/build/so101_moveit_config' returned '0': AMENT_PREFIX_PATH=/home/shourya007/hackathon_ws/install/so101_description:${AMENT_PREFIX_PATH} CMAKE_PREFIX_PATH=/home/shourya007/hackathon_ws/install/so101_description:/home/shourya007/hackathon_ws/install/so101_moveit_config:/home/shourya007/hackathon_ws/install/so101_gazebo:/home/shourya007/ros2_ws/install/unique_status:/home/shourya007/ros2_ws/install/simple_robot:/home/shourya007/ros2_ws/install/service_action_lab:/opt/ros/humble /usr/bin/cmake /home/shourya007/hackathon_ws/src/so101_moveit_config -DAMENT_CMAKE_SYMLINK_INSTALL=1 -DCMAKE_INSTALL_PREFIX=/home/shourya007/hackathon_ws/install/so101_moveit_config
[0.564s] Invoking command in '/home/shourya007/hackathon_ws/build/so101_moveit_config': AMENT_PREFIX_PATH=/home/shourya007/hackathon_ws/install/so101_description:${AMENT_PREFIX_PATH} CMAKE_PREFIX_PATH=/home/shourya007/hackathon_ws/install/so101_description:/home/shourya007/hackathon_ws/install/so101_moveit_config:/home/shourya007/hackathon_ws/install/so101_gazebo:/home/shourya007/ros2_ws/install/unique_status:/home/shourya007/ros2_ws/install/simple_robot:/home/shourya007/ros2_ws/install/service_action_lab:/opt/ros/humble /usr/bin/cmake --build /home/shourya007/hackathon_ws/build/so101_moveit_config -- -j16 -l16
[0.600s] Invoked command in '/home/shourya007/hackathon_ws/build/so101_moveit_config' returned '0': AMENT_PREFIX_PATH=/home/shourya007/hackathon_ws/install/so101_description:${AMENT_PREFIX_PATH} CMAKE_PREFIX_PATH=/home/shourya007/hackathon_ws/install/so101_description:/home/shourya007/hackathon_ws/install/so101_moveit_config:/home/shourya007/hackathon_ws/install/so101_gazebo:/home/shourya007/ros2_ws/install/unique_status:/home/shourya007/ros2_ws/install/simple_robot:/home/shourya007/ros2_ws/install/service_action_lab:/opt/ros/humble /usr/bin/cmake --build /home/shourya007/hackathon_ws/build/so101_moveit_config -- -j16 -l16
[0.602s] Invoking command in '/home/shourya007/hackathon_ws/build/so101_moveit_config': AMENT_PREFIX_PATH=/home/shourya007/hackathon_ws/install/so101_description:${AMENT_PREFIX_PATH} CMAKE_PREFIX_PATH=/home/shourya007/hackathon_ws/install/so101_description:/home/shourya007/hackathon_ws/install/so101_moveit_config:/home/shourya007/hackathon_ws/install/so101_gazebo:/home/shourya007/ros2_ws/install/unique_status:/home/shourya007/ros2_ws/install/simple_robot:/home/shourya007/ros2_ws/install/service_action_lab:/opt/ros/humble /usr/bin/cmake --install /home/shourya007/hackathon_ws/build/so101_moveit_config
[0.608s] -- Install configuration: ""
[0.608s] -- Execute custom install script
[0.608s] -- Symlinking: /home/shourya007/hackathon_ws/install/so101_moveit_config/share/ament_index/resource_index/package_run_dependencies/so101_moveit_config
[0.616s] -- Symlinking: /home/shourya007/hackathon_ws/install/so101_moveit_config/share/ament_index/resource_index/parent_prefix_path/so101_moveit_config
[0.625s] -- Symlinking: /home/shourya007/hackathon_ws/install/so101_moveit_config/share/so101_moveit_config/environment/ament_prefix_path.sh
[0.633s] -- Symlinking: /home/shourya007/hackathon_ws/install/so101_moveit_config/share/so101_moveit_config/environment/ament_prefix_path.dsv
[0.641s] -- Symlinking: /home/shourya007/hackathon_ws/install/so101_moveit_config/share/so101_moveit_config/environment/path.sh
[0.649s] -- Symlinking: /home/shourya007/hackathon_ws/install/so101_moveit_config/share/so101_moveit_config/environment/path.dsv
[0.658s] -- Symlinking: /home/shourya007/hackathon_ws/install/so101_moveit_config/share/so101_moveit_config/local_setup.bash
[0.667s] -- Symlinking: /home/shourya007/hackathon_ws/install/so101_moveit_config/share/so101_moveit_config/local_setup.sh
[0.675s] -- Symlinking: /home/shourya007/hackathon_ws/install/so101_moveit_config/share/so101_moveit_config/local_setup.zsh
[0.684s] -- Symlinking: /home/shourya007/hackathon_ws/install/so101_moveit_config/share/so101_moveit_config/local_setup.dsv
[0.693s] -- Symlinking: /home/shourya007/hackathon_ws/install/so101_moveit_config/share/so101_moveit_config/package.dsv
[0.702s] -- Symlinking: /home/shourya007/hackathon_ws/install/so101_moveit_config/share/ament_index/resource_index/packages/so101_moveit_config
[0.712s] -- Symlinking: /home/shourya007/hackathon_ws/install/so101_moveit_config/share/so101_moveit_config/cmake/so101_moveit_configConfig.cmake
[0.721s] -- Symlinking: /home/shourya007/hackathon_ws/install/so101_moveit_config/share/so101_moveit_config/cmake/so101_moveit_configConfig-version.cmake
[0.729s] -- Symlinking: /home/shourya007/hackathon_ws/install/so101_moveit_config/share/so101_moveit_config/package.xml
[0.738s] -- Symlinking: /home/shourya007/hackathon_ws/install/so101_moveit_config/share/so101_moveit_config/launch/demo.launch.py
[0.746s] -- Symlinking: /home/shourya007/hackathon_ws/install/so101_moveit_config/share/so101_moveit_config/launch/move_group.launch.py
[0.755s] -- Symlinking: /home/shourya007/hackathon_ws/install/so101_moveit_config/share/so101_moveit_config/launch/moveit_rviz.launch.py
[0.764s] -- Symlinking: /home/shourya007/hackathon_ws/install/so101_moveit_config/share/so101_moveit_config/launch/rsp.launch.py
[0.771s] -- Symlinking: /home/shourya007/hackathon_ws/install/so101_moveit_config/share/so101_moveit_config/launch/setup_assistant.launch.py
[0.779s] -- Symlinking: /home/shourya007/hackathon_ws/install/so101_moveit_config/share/so101_moveit_config/launch/spawn_controllers.launch.py
[0.786s] -- Symlinking: /home/shourya007/hackathon_ws/install/so101_moveit_config/share/so101_moveit_config/launch/static_virtual_joint_tfs.launch.py
[0.796s] -- Symlinking: /home/shourya007/hackathon_ws/install/so101_moveit_config/share/so101_moveit_config/launch/warehouse_db.launch.py
[0.804s] -- Symlinking: /home/shourya007/hackathon_ws/install/so101_moveit_config/share/so101_moveit_config/config/initial_positions.yaml
[0.813s] -- Symlinking: /home/shourya007/hackathon_ws/install/so101_moveit_config/share/so101_moveit_config/config/joint_limits.yaml
[0.820s] -- Symlinking: /home/shourya007/hackathon_ws/install/so101_moveit_config/share/so101_moveit_config/config/kinematics.yaml
[0.829s] -- Symlinking: /home/shourya007/hackathon_ws/install/so101_moveit_config/share/so101_moveit_config/config/moveit.rviz
[0.836s] -- Symlinking: /home/shourya007/hackathon_ws/install/so101_moveit_config/share/so101_moveit_config/config/moveit_controllers.yaml
[0.844s] -- Symlinking: /home/shourya007/hackathon_ws/install/so101_moveit_config/share/so101_moveit_config/config/ompl_planning.yaml
[0.851s] -- Symlinking: /home/shourya007/hackathon_ws/install/so101_moveit_config/share/so101_moveit_config/config/pilz_cartesian_limits.yaml
[0.858s] -- Symlinking: /home/shourya007/hackathon_ws/install/so101_moveit_config/share/so101_moveit_config/config/ros2_controllers.yaml
[0.867s] -- Symlinking: /home/shourya007/hackathon_ws/install/so101_moveit_config/share/so101_moveit_config/config/so101_new_calib.ros2_control.xacro
[0.875s] -- Symlinking: /home/shourya007/hackathon_ws/install/so101_moveit_config/share/so101_moveit_config/config/so101_new_calib.srdf
[0.882s] -- Symlinking: /home/shourya007/hackathon_ws/install/so101_moveit_config/share/so101_moveit_config/config/so101_new_calib.urdf.xacro
[0.890s] -- Symlinking: /home/shourya007/hackathon_ws/install/so101_moveit_config/share/so101_moveit_config/.setup_assistant
[0.901s] Invoked command in '/home/shourya007/hackathon_ws/build/so101_moveit_config' returned '0': AMENT_PREFIX_PATH=/home/shourya007/hackathon_ws/install/so101_description:${AMENT_PREFIX_PATH} CMAKE_PREFIX_PATH=/home/shourya007/hackathon_ws/install/so101_description:/home/shourya007/hackathon_ws/install/so101_moveit_config:/home/shourya007/hackathon_ws/install/so101_gazebo:/home/shourya007/ros2_ws/install/unique_status:/home/shourya007/ros2_ws/install/simple_robot:/home/shourya007/ros2_ws/install/service_action_lab:/opt/ros/humble /usr/bin/cmake --install /home/shourya007/hackathon_ws/build/so101_moveit_config
