[0.008s] Invoking command in '/home/shourya007/hackathon_ws/build/so101_gazebo': CMAKE_PREFIX_PATH=/home/shourya007/hackathon_ws/install/so101_moveit_config:/home/shourya007/hackathon_ws/install/so101_description:/home/shourya007/hackathon_ws/install/so101_gazebo:/home/shourya007/ros2_ws/install/unique_status:/home/shourya007/ros2_ws/install/simple_robot:/home/shourya007/ros2_ws/install/service_action_lab:/opt/ros/humble /usr/bin/cmake --build /home/shourya007/hackathon_ws/build/so101_gazebo -- -j16 -l16
[0.045s] Invoked command in '/home/shourya007/hackathon_ws/build/so101_gazebo' returned '0': CMAKE_PREFIX_PATH=/home/shourya007/hackathon_ws/install/so101_moveit_config:/home/shourya007/hackathon_ws/install/so101_description:/home/shourya007/hackathon_ws/install/so101_gazebo:/home/shourya007/ros2_ws/install/unique_status:/home/shourya007/ros2_ws/install/simple_robot:/home/shourya007/ros2_ws/install/service_action_lab:/opt/ros/humble /usr/bin/cmake --build /home/shourya007/hackathon_ws/build/so101_gazebo -- -j16 -l16
[0.046s] Invoking command in '/home/shourya007/hackathon_ws/build/so101_gazebo': CMAKE_PREFIX_PATH=/home/shourya007/hackathon_ws/install/so101_moveit_config:/home/shourya007/hackathon_ws/install/so101_description:/home/shourya007/hackathon_ws/install/so101_gazebo:/home/shourya007/ros2_ws/install/unique_status:/home/shourya007/ros2_ws/install/simple_robot:/home/shourya007/ros2_ws/install/service_action_lab:/opt/ros/humble /usr/bin/cmake --install /home/shourya007/hackathon_ws/build/so101_gazebo
[0.053s] -- Install configuration: ""
[0.053s] -- Up-to-date: /home/shourya007/hackathon_ws/install/so101_gazebo/lib/so101_gazebo/pick_place_test.py
[0.053s] -- Up-to-date: /home/shourya007/hackathon_ws/install/so101_gazebo/share/so101_gazebo/launch
[0.053s] -- Up-to-date: /home/shourya007/hackathon_ws/install/so101_gazebo/share/so101_gazebo/config
[0.053s] -- Up-to-date: /home/shourya007/hackathon_ws/install/so101_gazebo/share/so101_gazebo/config/follower_gazebo.rviz
[0.053s] -- Up-to-date: /home/shourya007/hackathon_ws/install/so101_gazebo/share/so101_gazebo/config/controllers.yaml
[0.053s] -- Up-to-date: /home/shourya007/hackathon_ws/install/so101_gazebo/share/so101_gazebo/worlds
[0.053s] -- Up-to-date: /home/shourya007/hackathon_ws/install/so101_gazebo/share/ament_index/resource_index/package_run_dependencies/so101_gazebo
[0.053s] -- Up-to-date: /home/shourya007/hackathon_ws/install/so101_gazebo/share/ament_index/resource_index/parent_prefix_path/so101_gazebo
[0.053s] -- Up-to-date: /home/shourya007/hackathon_ws/install/so101_gazebo/share/so101_gazebo/environment/ament_prefix_path.sh
[0.053s] -- Up-to-date: /home/shourya007/hackathon_ws/install/so101_gazebo/share/so101_gazebo/environment/ament_prefix_path.dsv
[0.053s] -- Up-to-date: /home/shourya007/hackathon_ws/install/so101_gazebo/share/so101_gazebo/environment/path.sh
[0.054s] -- Up-to-date: /home/shourya007/hackathon_ws/install/so101_gazebo/share/so101_gazebo/environment/path.dsv
[0.054s] -- Up-to-date: /home/shourya007/hackathon_ws/install/so101_gazebo/share/so101_gazebo/local_setup.bash
[0.054s] -- Up-to-date: /home/shourya007/hackathon_ws/install/so101_gazebo/share/so101_gazebo/local_setup.sh
[0.054s] -- Up-to-date: /home/shourya007/hackathon_ws/install/so101_gazebo/share/so101_gazebo/local_setup.zsh
[0.054s] -- Up-to-date: /home/shourya007/hackathon_ws/install/so101_gazebo/share/so101_gazebo/local_setup.dsv
[0.054s] -- Installing: /home/shourya007/hackathon_ws/install/so101_gazebo/share/so101_gazebo/package.dsv
[0.054s] -- Up-to-date: /home/shourya007/hackathon_ws/install/so101_gazebo/share/ament_index/resource_index/packages/so101_gazebo
[0.054s] -- Up-to-date: /home/shourya007/hackathon_ws/install/so101_gazebo/share/so101_gazebo/cmake/so101_gazeboConfig.cmake
[0.054s] -- Up-to-date: /home/shourya007/hackathon_ws/install/so101_gazebo/share/so101_gazebo/cmake/so101_gazeboConfig-version.cmake
[0.055s] Invoked command in '/home/shourya007/hackathon_ws/build/so101_gazebo' returned '0': CMAKE_PREFIX_PATH=/home/shourya007/hackathon_ws/install/so101_moveit_config:/home/shourya007/hackathon_ws/install/so101_description:/home/shourya007/hackathon_ws/install/so101_gazebo:/home/shourya007/ros2_ws/install/unique_status:/home/shourya007/ros2_ws/install/simple_robot:/home/shourya007/ros2_ws/install/service_action_lab:/opt/ros/humble /usr/bin/cmake --install /home/shourya007/hackathon_ws/build/so101_gazebo
