[0.075s] DEBUG:colcon:Command line arguments: ['/usr/bin/colcon', 'build']
[0.075s] DEBUG:colcon:Parsed command line arguments: Namespace(log_base=None, log_level=None, verb_name='build', build_base='build', install_base='install', merge_install=False, symlink_install=False, test_result_base=None, continue_on_error=False, executor='parallel', parallel_workers=16, event_handlers=None, ignore_user_meta=False, metas=['./colcon.meta'], base_paths=['.'], packages_ignore=None, packages_ignore_regex=None, paths=None, packages_up_to=None, packages_up_to_regex=None, packages_above=None, packages_above_and_dependencies=None, packages_above_depth=None, packages_select_by_dep=None, packages_skip_by_dep=None, packages_skip_up_to=None, packages_select_build_failed=False, packages_skip_build_finished=False, packages_select_test_failures=False, packages_skip_test_passed=False, packages_select=None, packages_skip=None, packages_select_regex=None, packages_skip_regex=None, packages_start=None, packages_end=None, allow_overriding=[], cmake_args=None, cmake_target=None, cmake_target_skip_unavailable=False, cmake_clean_cache=False, cmake_clean_first=False, cmake_force_configure=False, ament_cmake_args=None, catkin_cmake_args=None, catkin_skip_building_tests=False, verb_parser=<colcon_defaults.argument_parser.defaults.DefaultArgumentsDecorator object at 0x7b63471cdb40>, verb_extension=<colcon_core.verb.build.BuildVerb object at 0x7b63473c7160>, main=<bound method BuildVerb.main of <colcon_core.verb.build.BuildVerb object at 0x7b63473c7160>>)
[0.198s] Level 1:colcon.colcon_core.package_discovery:discover_packages(colcon_meta) check parameters
[0.198s] Level 1:colcon.colcon_core.package_discovery:discover_packages(recursive) check parameters
[0.198s] Level 1:colcon.colcon_core.package_discovery:discover_packages(ignore) check parameters
[0.198s] Level 1:colcon.colcon_core.package_discovery:discover_packages(path) check parameters
[0.198s] Level 1:colcon.colcon_core.package_discovery:discover_packages(colcon_meta) discover
[0.198s] Level 1:colcon.colcon_core.package_discovery:discover_packages(recursive) discover
[0.198s] INFO:colcon.colcon_core.package_discovery:Crawling recursively for packages in '/home/shourya007/hackathon_ws'
[0.198s] Level 1:colcon.colcon_core.package_identification:_identify(.) by extensions ['ignore', 'ignore_ament_install']
[0.198s] Level 1:colcon.colcon_core.package_identification:_identify(.) by extension 'ignore'
[0.198s] Level 1:colcon.colcon_core.package_identification:_identify(.) by extension 'ignore_ament_install'
[0.198s] Level 1:colcon.colcon_core.package_identification:_identify(.) by extensions ['colcon_pkg']
[0.198s] Level 1:colcon.colcon_core.package_identification:_identify(.) by extension 'colcon_pkg'
[0.198s] Level 1:colcon.colcon_core.package_identification:_identify(.) by extensions ['colcon_meta']
[0.198s] Level 1:colcon.colcon_core.package_identification:_identify(.) by extension 'colcon_meta'
[0.198s] Level 1:colcon.colcon_core.package_identification:_identify(.) by extensions ['ros']
[0.198s] Level 1:colcon.colcon_core.package_identification:_identify(.) by extension 'ros'
[0.206s] Level 1:colcon.colcon_core.package_identification:_identify(.) by extensions ['cmake', 'python']
[0.206s] Level 1:colcon.colcon_core.package_identification:_identify(.) by extension 'cmake'
[0.206s] Level 1:colcon.colcon_core.package_identification:_identify(.) by extension 'python'
[0.206s] Level 1:colcon.colcon_core.package_identification:_identify(.) by extensions ['python_setup_py']
[0.206s] Level 1:colcon.colcon_core.package_identification:_identify(.) by extension 'python_setup_py'
[0.206s] Level 1:colcon.colcon_core.package_identification:_identify(build) by extensions ['ignore', 'ignore_ament_install']
[0.206s] Level 1:colcon.colcon_core.package_identification:_identify(build) by extension 'ignore'
[0.206s] Level 1:colcon.colcon_core.package_identification:_identify(build) ignored
[0.207s] Level 1:colcon.colcon_core.package_identification:_identify(install) by extensions ['ignore', 'ignore_ament_install']
[0.207s] Level 1:colcon.colcon_core.package_identification:_identify(install) by extension 'ignore'
[0.207s] Level 1:colcon.colcon_core.package_identification:_identify(install) ignored
[0.207s] Level 1:colcon.colcon_core.package_identification:_identify(log) by extensions ['ignore', 'ignore_ament_install']
[0.207s] Level 1:colcon.colcon_core.package_identification:_identify(log) by extension 'ignore'
[0.207s] Level 1:colcon.colcon_core.package_identification:_identify(log) ignored
[0.207s] Level 1:colcon.colcon_core.package_identification:_identify(src) by extensions ['ignore', 'ignore_ament_install']
[0.207s] Level 1:colcon.colcon_core.package_identification:_identify(src) by extension 'ignore'
[0.207s] Level 1:colcon.colcon_core.package_identification:_identify(src) by extension 'ignore_ament_install'
[0.207s] Level 1:colcon.colcon_core.package_identification:_identify(src) by extensions ['colcon_pkg']
[0.207s] Level 1:colcon.colcon_core.package_identification:_identify(src) by extension 'colcon_pkg'
[0.207s] Level 1:colcon.colcon_core.package_identification:_identify(src) by extensions ['colcon_meta']
[0.207s] Level 1:colcon.colcon_core.package_identification:_identify(src) by extension 'colcon_meta'
[0.207s] Level 1:colcon.colcon_core.package_identification:_identify(src) by extensions ['ros']
[0.207s] Level 1:colcon.colcon_core.package_identification:_identify(src) by extension 'ros'
[0.207s] Level 1:colcon.colcon_core.package_identification:_identify(src) by extensions ['cmake', 'python']
[0.207s] Level 1:colcon.colcon_core.package_identification:_identify(src) by extension 'cmake'
[0.207s] Level 1:colcon.colcon_core.package_identification:_identify(src) by extension 'python'
[0.207s] Level 1:colcon.colcon_core.package_identification:_identify(src) by extensions ['python_setup_py']
[0.207s] Level 1:colcon.colcon_core.package_identification:_identify(src) by extension 'python_setup_py'
[0.207s] Level 1:colcon.colcon_core.package_identification:_identify(src/so101_description) by extensions ['ignore', 'ignore_ament_install']
[0.207s] Level 1:colcon.colcon_core.package_identification:_identify(src/so101_description) by extension 'ignore'
[0.208s] Level 1:colcon.colcon_core.package_identification:_identify(src/so101_description) by extension 'ignore_ament_install'
[0.208s] Level 1:colcon.colcon_core.package_identification:_identify(src/so101_description) by extensions ['colcon_pkg']
[0.208s] Level 1:colcon.colcon_core.package_identification:_identify(src/so101_description) by extension 'colcon_pkg'
[0.208s] Level 1:colcon.colcon_core.package_identification:_identify(src/so101_description) by extensions ['colcon_meta']
[0.208s] Level 1:colcon.colcon_core.package_identification:_identify(src/so101_description) by extension 'colcon_meta'
[0.208s] Level 1:colcon.colcon_core.package_identification:_identify(src/so101_description) by extensions ['ros']
[0.208s] Level 1:colcon.colcon_core.package_identification:_identify(src/so101_description) by extension 'ros'
[0.209s] DEBUG:colcon.colcon_core.package_identification:Package 'src/so101_description' with type 'ros.ament_cmake' and name 'so101_description'
[0.209s] Level 1:colcon.colcon_core.package_identification:_identify(src/so101_gazebo) by extensions ['ignore', 'ignore_ament_install']
[0.210s] Level 1:colcon.colcon_core.package_identification:_identify(src/so101_gazebo) by extension 'ignore'
[0.210s] Level 1:colcon.colcon_core.package_identification:_identify(src/so101_gazebo) by extension 'ignore_ament_install'
[0.210s] Level 1:colcon.colcon_core.package_identification:_identify(src/so101_gazebo) by extensions ['colcon_pkg']
[0.210s] Level 1:colcon.colcon_core.package_identification:_identify(src/so101_gazebo) by extension 'colcon_pkg'
[0.210s] Level 1:colcon.colcon_core.package_identification:_identify(src/so101_gazebo) by extensions ['colcon_meta']
[0.210s] Level 1:colcon.colcon_core.package_identification:_identify(src/so101_gazebo) by extension 'colcon_meta'
[0.210s] Level 1:colcon.colcon_core.package_identification:_identify(src/so101_gazebo) by extensions ['ros']
[0.210s] Level 1:colcon.colcon_core.package_identification:_identify(src/so101_gazebo) by extension 'ros'
[0.210s] DEBUG:colcon.colcon_core.package_identification:Package 'src/so101_gazebo' with type 'ros.ament_cmake' and name 'so101_gazebo'
[0.210s] Level 1:colcon.colcon_core.package_identification:_identify(src/so101_moveit_config) by extensions ['ignore', 'ignore_ament_install']
[0.210s] Level 1:colcon.colcon_core.package_identification:_identify(src/so101_moveit_config) by extension 'ignore'
[0.210s] Level 1:colcon.colcon_core.package_identification:_identify(src/so101_moveit_config) by extension 'ignore_ament_install'
[0.210s] Level 1:colcon.colcon_core.package_identification:_identify(src/so101_moveit_config) by extensions ['colcon_pkg']
[0.210s] Level 1:colcon.colcon_core.package_identification:_identify(src/so101_moveit_config) by extension 'colcon_pkg'
[0.211s] Level 1:colcon.colcon_core.package_identification:_identify(src/so101_moveit_config) by extensions ['colcon_meta']
[0.211s] Level 1:colcon.colcon_core.package_identification:_identify(src/so101_moveit_config) by extension 'colcon_meta'
[0.211s] Level 1:colcon.colcon_core.package_identification:_identify(src/so101_moveit_config) by extensions ['ros']
[0.211s] Level 1:colcon.colcon_core.package_identification:_identify(src/so101_moveit_config) by extension 'ros'
[0.211s] DEBUG:colcon.colcon_core.package_identification:Package 'src/so101_moveit_config' with type 'ros.ament_cmake' and name 'so101_moveit_config'
[0.211s] Level 1:colcon.colcon_core.package_discovery:discover_packages(recursive) using defaults
[0.211s] Level 1:colcon.colcon_core.package_discovery:discover_packages(ignore) discover
[0.211s] Level 1:colcon.colcon_core.package_discovery:discover_packages(ignore) using defaults
[0.211s] Level 1:colcon.colcon_core.package_discovery:discover_packages(path) discover
[0.211s] Level 1:colcon.colcon_core.package_discovery:discover_packages(path) using defaults
[0.235s] Level 1:colcon.colcon_core.package_discovery:discover_packages(prefix_path) check parameters
[0.235s] Level 1:colcon.colcon_core.package_discovery:discover_packages(prefix_path) discover
[0.236s] DEBUG:colcon.colcon_installed_package_information.package_discovery:Found 3 installed packages in /home/shourya007/hackathon_ws/install
[0.236s] DEBUG:colcon.colcon_installed_package_information.package_discovery:Found 3 installed packages in /home/shourya007/ros2_ws/install
[0.238s] DEBUG:colcon.colcon_installed_package_information.package_discovery:Found 373 installed packages in /opt/ros/humble
[0.239s] Level 1:colcon.colcon_core.package_discovery:discover_packages(prefix_path) using defaults
[0.271s] Level 5:colcon.colcon_core.verb:set package 'so101_description' build argument 'cmake_args' from command line to 'None'
[0.271s] Level 5:colcon.colcon_core.verb:set package 'so101_description' build argument 'cmake_target' from command line to 'None'
[0.271s] Level 5:colcon.colcon_core.verb:set package 'so101_description' build argument 'cmake_target_skip_unavailable' from command line to 'False'
[0.271s] Level 5:colcon.colcon_core.verb:set package 'so101_description' build argument 'cmake_clean_cache' from command line to 'False'
[0.271s] Level 5:colcon.colcon_core.verb:set package 'so101_description' build argument 'cmake_clean_first' from command line to 'False'
[0.271s] Level 5:colcon.colcon_core.verb:set package 'so101_description' build argument 'cmake_force_configure' from command line to 'False'
[0.271s] Level 5:colcon.colcon_core.verb:set package 'so101_description' build argument 'ament_cmake_args' from command line to 'None'
[0.271s] Level 5:colcon.colcon_core.verb:set package 'so101_description' build argument 'catkin_cmake_args' from command line to 'None'
[0.271s] Level 5:colcon.colcon_core.verb:set package 'so101_description' build argument 'catkin_skip_building_tests' from command line to 'False'
[0.271s] DEBUG:colcon.colcon_core.verb:Building package 'so101_description' with the following arguments: {'ament_cmake_args': None, 'build_base': '/home/shourya007/hackathon_ws/build/so101_description', 'catkin_cmake_args': None, 'catkin_skip_building_tests': False, 'cmake_args': None, 'cmake_clean_cache': False, 'cmake_clean_first': False, 'cmake_force_configure': False, 'cmake_target': None, 'cmake_target_skip_unavailable': False, 'install_base': '/home/shourya007/hackathon_ws/install/so101_description', 'merge_install': False, 'path': '/home/shourya007/hackathon_ws/src/so101_description', 'symlink_install': False, 'test_result_base': None}
[0.272s] Level 5:colcon.colcon_core.verb:set package 'so101_moveit_config' build argument 'cmake_args' from command line to 'None'
[0.272s] Level 5:colcon.colcon_core.verb:set package 'so101_moveit_config' build argument 'cmake_target' from command line to 'None'
[0.272s] Level 5:colcon.colcon_core.verb:set package 'so101_moveit_config' build argument 'cmake_target_skip_unavailable' from command line to 'False'
[0.272s] Level 5:colcon.colcon_core.verb:set package 'so101_moveit_config' build argument 'cmake_clean_cache' from command line to 'False'
[0.272s] Level 5:colcon.colcon_core.verb:set package 'so101_moveit_config' build argument 'cmake_clean_first' from command line to 'False'
[0.272s] Level 5:colcon.colcon_core.verb:set package 'so101_moveit_config' build argument 'cmake_force_configure' from command line to 'False'
[0.272s] Level 5:colcon.colcon_core.verb:set package 'so101_moveit_config' build argument 'ament_cmake_args' from command line to 'None'
[0.272s] Level 5:colcon.colcon_core.verb:set package 'so101_moveit_config' build argument 'catkin_cmake_args' from command line to 'None'
[0.272s] Level 5:colcon.colcon_core.verb:set package 'so101_moveit_config' build argument 'catkin_skip_building_tests' from command line to 'False'
[0.272s] DEBUG:colcon.colcon_core.verb:Building package 'so101_moveit_config' with the following arguments: {'ament_cmake_args': None, 'build_base': '/home/shourya007/hackathon_ws/build/so101_moveit_config', 'catkin_cmake_args': None, 'catkin_skip_building_tests': False, 'cmake_args': None, 'cmake_clean_cache': False, 'cmake_clean_first': False, 'cmake_force_configure': False, 'cmake_target': None, 'cmake_target_skip_unavailable': False, 'install_base': '/home/shourya007/hackathon_ws/install/so101_moveit_config', 'merge_install': False, 'path': '/home/shourya007/hackathon_ws/src/so101_moveit_config', 'symlink_install': False, 'test_result_base': None}
[0.272s] Level 5:colcon.colcon_core.verb:set package 'so101_gazebo' build argument 'cmake_args' from command line to 'None'
[0.272s] Level 5:colcon.colcon_core.verb:set package 'so101_gazebo' build argument 'cmake_target' from command line to 'None'
[0.272s] Level 5:colcon.colcon_core.verb:set package 'so101_gazebo' build argument 'cmake_target_skip_unavailable' from command line to 'False'
[0.272s] Level 5:colcon.colcon_core.verb:set package 'so101_gazebo' build argument 'cmake_clean_cache' from command line to 'False'
[0.272s] Level 5:colcon.colcon_core.verb:set package 'so101_gazebo' build argument 'cmake_clean_first' from command line to 'False'
[0.272s] Level 5:colcon.colcon_core.verb:set package 'so101_gazebo' build argument 'cmake_force_configure' from command line to 'False'
[0.272s] Level 5:colcon.colcon_core.verb:set package 'so101_gazebo' build argument 'ament_cmake_args' from command line to 'None'
[0.272s] Level 5:colcon.colcon_core.verb:set package 'so101_gazebo' build argument 'catkin_cmake_args' from command line to 'None'
[0.272s] Level 5:colcon.colcon_core.verb:set package 'so101_gazebo' build argument 'catkin_skip_building_tests' from command line to 'False'
[0.272s] DEBUG:colcon.colcon_core.verb:Building package 'so101_gazebo' with the following arguments: {'ament_cmake_args': None, 'build_base': '/home/shourya007/hackathon_ws/build/so101_gazebo', 'catkin_cmake_args': None, 'catkin_skip_building_tests': False, 'cmake_args': None, 'cmake_clean_cache': False, 'cmake_clean_first': False, 'cmake_force_configure': False, 'cmake_target': None, 'cmake_target_skip_unavailable': False, 'install_base': '/home/shourya007/hackathon_ws/install/so101_gazebo', 'merge_install': False, 'path': '/home/shourya007/hackathon_ws/src/so101_gazebo', 'symlink_install': False, 'test_result_base': None}
[0.272s] INFO:colcon.colcon_core.executor:Executing jobs using 'parallel' executor
[0.273s] DEBUG:colcon.colcon_parallel_executor.executor.parallel:run_until_complete
[0.273s] INFO:colcon.colcon_ros.task.ament_cmake.build:Building ROS package in '/home/shourya007/hackathon_ws/src/so101_description' with build type 'ament_cmake'
[0.273s] INFO:colcon.colcon_cmake.task.cmake.build:Building CMake package in '/home/shourya007/hackathon_ws/src/so101_description'
[0.275s] INFO:colcon.colcon_core.plugin_system:Skipping extension 'colcon_core.shell.bat': Not used on non-Windows systems
[0.275s] INFO:colcon.colcon_core.shell:Skip shell extension 'powershell' for command environment: Not usable outside of PowerShell
[0.275s] DEBUG:colcon.colcon_core.shell:Skip shell extension 'dsv' for command environment
[0.285s] DEBUG:colcon.colcon_core.event_handler.log_command:Invoking command in '/home/shourya007/hackathon_ws/build/so101_description': CMAKE_PREFIX_PATH=${CMAKE_PREFIX_PATH}:/home/shourya007/ros2_ws/install/unique_status:/home/shourya007/ros2_ws/install/simple_robot:/home/shourya007/ros2_ws/install/service_action_lab:/opt/ros/humble /usr/bin/cmake --build /home/shourya007/hackathon_ws/build/so101_description -- -j16 -l16
[0.321s] DEBUG:colcon.colcon_core.event_handler.log_command:Invoked command in '/home/shourya007/hackathon_ws/build/so101_description' returned '0': CMAKE_PREFIX_PATH=${CMAKE_PREFIX_PATH}:/home/shourya007/ros2_ws/install/unique_status:/home/shourya007/ros2_ws/install/simple_robot:/home/shourya007/ros2_ws/install/service_action_lab:/opt/ros/humble /usr/bin/cmake --build /home/shourya007/hackathon_ws/build/so101_description -- -j16 -l16
[0.331s] DEBUG:colcon.colcon_core.event_handler.log_command:Invoking command in '/home/shourya007/hackathon_ws/build/so101_description': CMAKE_PREFIX_PATH=${CMAKE_PREFIX_PATH}:/home/shourya007/ros2_ws/install/unique_status:/home/shourya007/ros2_ws/install/simple_robot:/home/shourya007/ros2_ws/install/service_action_lab:/opt/ros/humble /usr/bin/cmake --install /home/shourya007/hackathon_ws/build/so101_description
[0.352s] Level 1:colcon.colcon_core.environment:create_environment_scripts_only(so101_description)
[0.352s] DEBUG:colcon.colcon_core.event_handler.log_command:Invoked command in '/home/shourya007/hackathon_ws/build/so101_description' returned '0': CMAKE_PREFIX_PATH=${CMAKE_PREFIX_PATH}:/home/shourya007/ros2_ws/install/unique_status:/home/shourya007/ros2_ws/install/simple_robot:/home/shourya007/ros2_ws/install/service_action_lab:/opt/ros/humble /usr/bin/cmake --install /home/shourya007/hackathon_ws/build/so101_description
[0.354s] Level 1:colcon.colcon_core.environment:checking '/home/shourya007/hackathon_ws/install/so101_description' for CMake module files
[0.354s] Level 1:colcon.colcon_core.environment:checking '/home/shourya007/hackathon_ws/install/so101_description' for CMake config files
[0.355s] Level 1:colcon.colcon_core.shell:create_environment_hook('so101_description', 'cmake_prefix_path')
[0.355s] INFO:colcon.colcon_core.shell:Creating environment hook '/home/shourya007/hackathon_ws/install/so101_description/share/so101_description/hook/cmake_prefix_path.ps1'
[0.355s] INFO:colcon.colcon_core.shell:Creating environment descriptor '/home/shourya007/hackathon_ws/install/so101_description/share/so101_description/hook/cmake_prefix_path.dsv'
[0.356s] INFO:colcon.colcon_core.shell:Creating environment hook '/home/shourya007/hackathon_ws/install/so101_description/share/so101_description/hook/cmake_prefix_path.sh'
[0.357s] Level 1:colcon.colcon_core.environment:checking '/home/shourya007/hackathon_ws/install/so101_description/bin'
[0.357s] Level 1:colcon.colcon_core.environment:checking '/home/shourya007/hackathon_ws/install/so101_description/lib/pkgconfig/so101_description.pc'
[0.357s] Level 1:colcon.colcon_core.environment:checking '/home/shourya007/hackathon_ws/install/so101_description/lib/python3.10/site-packages'
[0.357s] Level 1:colcon.colcon_core.environment:checking '/home/shourya007/hackathon_ws/install/so101_description/bin'
[0.357s] INFO:colcon.colcon_core.shell:Creating package script '/home/shourya007/hackathon_ws/install/so101_description/share/so101_description/package.ps1'
[0.358s] INFO:colcon.colcon_core.shell:Creating package descriptor '/home/shourya007/hackathon_ws/install/so101_description/share/so101_description/package.dsv'
[0.358s] INFO:colcon.colcon_core.shell:Creating package script '/home/shourya007/hackathon_ws/install/so101_description/share/so101_description/package.sh'
[0.359s] INFO:colcon.colcon_core.shell:Creating package script '/home/shourya007/hackathon_ws/install/so101_description/share/so101_description/package.bash'
[0.359s] INFO:colcon.colcon_core.shell:Creating package script '/home/shourya007/hackathon_ws/install/so101_description/share/so101_description/package.zsh'
[0.359s] Level 1:colcon.colcon_core.environment:create_file_with_runtime_dependencies(/home/shourya007/hackathon_ws/install/so101_description/share/colcon-core/packages/so101_description)
[0.360s] Level 1:colcon.colcon_core.environment:create_environment_scripts_only(so101_description)
[0.360s] Level 1:colcon.colcon_core.environment:checking '/home/shourya007/hackathon_ws/install/so101_description' for CMake module files
[0.360s] Level 1:colcon.colcon_core.environment:checking '/home/shourya007/hackathon_ws/install/so101_description' for CMake config files
[0.361s] Level 1:colcon.colcon_core.shell:create_environment_hook('so101_description', 'cmake_prefix_path')
[0.361s] INFO:colcon.colcon_core.shell:Creating environment hook '/home/shourya007/hackathon_ws/install/so101_description/share/so101_description/hook/cmake_prefix_path.ps1'
[0.361s] INFO:colcon.colcon_core.shell:Creating environment descriptor '/home/shourya007/hackathon_ws/install/so101_description/share/so101_description/hook/cmake_prefix_path.dsv'
[0.361s] INFO:colcon.colcon_core.shell:Creating environment hook '/home/shourya007/hackathon_ws/install/so101_description/share/so101_description/hook/cmake_prefix_path.sh'
[0.362s] Level 1:colcon.colcon_core.environment:checking '/home/shourya007/hackathon_ws/install/so101_description/bin'
[0.362s] Level 1:colcon.colcon_core.environment:checking '/home/shourya007/hackathon_ws/install/so101_description/lib/pkgconfig/so101_description.pc'
[0.362s] Level 1:colcon.colcon_core.environment:checking '/home/shourya007/hackathon_ws/install/so101_description/lib/python3.10/site-packages'
[0.362s] Level 1:colcon.colcon_core.environment:checking '/home/shourya007/hackathon_ws/install/so101_description/bin'
[0.362s] INFO:colcon.colcon_core.shell:Creating package script '/home/shourya007/hackathon_ws/install/so101_description/share/so101_description/package.ps1'
[0.363s] INFO:colcon.colcon_core.shell:Creating package descriptor '/home/shourya007/hackathon_ws/install/so101_description/share/so101_description/package.dsv'
[0.363s] INFO:colcon.colcon_core.shell:Creating package script '/home/shourya007/hackathon_ws/install/so101_description/share/so101_description/package.sh'
[0.363s] INFO:colcon.colcon_core.shell:Creating package script '/home/shourya007/hackathon_ws/install/so101_description/share/so101_description/package.bash'
[0.364s] INFO:colcon.colcon_core.shell:Creating package script '/home/shourya007/hackathon_ws/install/so101_description/share/so101_description/package.zsh'
[0.364s] Level 1:colcon.colcon_core.environment:create_file_with_runtime_dependencies(/home/shourya007/hackathon_ws/install/so101_description/share/colcon-core/packages/so101_description)
[0.364s] INFO:colcon.colcon_ros.task.ament_cmake.build:Building ROS package in '/home/shourya007/hackathon_ws/src/so101_moveit_config' with build type 'ament_cmake'
[0.364s] INFO:colcon.colcon_cmake.task.cmake.build:Building CMake package in '/home/shourya007/hackathon_ws/src/so101_moveit_config'
[0.364s] INFO:colcon.colcon_core.shell:Skip shell extension 'powershell' for command environment: Not usable outside of PowerShell
[0.364s] DEBUG:colcon.colcon_core.shell:Skip shell extension 'dsv' for command environment
[0.374s] DEBUG:colcon.colcon_core.event_handler.log_command:Invoking command in '/home/shourya007/hackathon_ws/build/so101_moveit_config': CMAKE_PREFIX_PATH=/home/shourya007/hackathon_ws/install/so101_description:/home/shourya007/hackathon_ws/install/so101_gazebo:/home/shourya007/hackathon_ws/install/so101_moveit_config:/home/shourya007/ros2_ws/install/unique_status:/home/shourya007/ros2_ws/install/simple_robot:/home/shourya007/ros2_ws/install/service_action_lab:/opt/ros/humble /usr/bin/cmake --build /home/shourya007/hackathon_ws/build/so101_moveit_config -- -j16 -l16
[0.410s] DEBUG:colcon.colcon_core.event_handler.log_command:Invoked command in '/home/shourya007/hackathon_ws/build/so101_moveit_config' returned '0': CMAKE_PREFIX_PATH=/home/shourya007/hackathon_ws/install/so101_description:/home/shourya007/hackathon_ws/install/so101_gazebo:/home/shourya007/hackathon_ws/install/so101_moveit_config:/home/shourya007/ros2_ws/install/unique_status:/home/shourya007/ros2_ws/install/simple_robot:/home/shourya007/ros2_ws/install/service_action_lab:/opt/ros/humble /usr/bin/cmake --build /home/shourya007/hackathon_ws/build/so101_moveit_config -- -j16 -l16
[0.411s] DEBUG:colcon.colcon_core.event_handler.log_command:Invoking command in '/home/shourya007/hackathon_ws/build/so101_moveit_config': CMAKE_PREFIX_PATH=/home/shourya007/hackathon_ws/install/so101_description:/home/shourya007/hackathon_ws/install/so101_gazebo:/home/shourya007/hackathon_ws/install/so101_moveit_config:/home/shourya007/ros2_ws/install/unique_status:/home/shourya007/ros2_ws/install/simple_robot:/home/shourya007/ros2_ws/install/service_action_lab:/opt/ros/humble /usr/bin/cmake --install /home/shourya007/hackathon_ws/build/so101_moveit_config
[0.433s] Level 1:colcon.colcon_core.environment:create_environment_scripts_only(so101_moveit_config)
[0.433s] Level 1:colcon.colcon_core.environment:checking '/home/shourya007/hackathon_ws/install/so101_moveit_config' for CMake module files
[0.434s] DEBUG:colcon.colcon_core.event_handler.log_command:Invoked command in '/home/shourya007/hackathon_ws/build/so101_moveit_config' returned '0': CMAKE_PREFIX_PATH=/home/shourya007/hackathon_ws/install/so101_description:/home/shourya007/hackathon_ws/install/so101_gazebo:/home/shourya007/hackathon_ws/install/so101_moveit_config:/home/shourya007/ros2_ws/install/unique_status:/home/shourya007/ros2_ws/install/simple_robot:/home/shourya007/ros2_ws/install/service_action_lab:/opt/ros/humble /usr/bin/cmake --install /home/shourya007/hackathon_ws/build/so101_moveit_config
[0.434s] Level 1:colcon.colcon_core.environment:checking '/home/shourya007/hackathon_ws/install/so101_moveit_config' for CMake config files
[0.435s] Level 1:colcon.colcon_core.shell:create_environment_hook('so101_moveit_config', 'cmake_prefix_path')
[0.435s] INFO:colcon.colcon_core.shell:Creating environment hook '/home/shourya007/hackathon_ws/install/so101_moveit_config/share/so101_moveit_config/hook/cmake_prefix_path.ps1'
[0.435s] INFO:colcon.colcon_core.shell:Creating environment descriptor '/home/shourya007/hackathon_ws/install/so101_moveit_config/share/so101_moveit_config/hook/cmake_prefix_path.dsv'
[0.435s] INFO:colcon.colcon_core.shell:Creating environment hook '/home/shourya007/hackathon_ws/install/so101_moveit_config/share/so101_moveit_config/hook/cmake_prefix_path.sh'
[0.436s] Level 1:colcon.colcon_core.environment:checking '/home/shourya007/hackathon_ws/install/so101_moveit_config/bin'
[0.436s] Level 1:colcon.colcon_core.environment:checking '/home/shourya007/hackathon_ws/install/so101_moveit_config/lib/pkgconfig/so101_moveit_config.pc'
[0.436s] Level 1:colcon.colcon_core.environment:checking '/home/shourya007/hackathon_ws/install/so101_moveit_config/lib/python3.10/site-packages'
[0.436s] Level 1:colcon.colcon_core.environment:checking '/home/shourya007/hackathon_ws/install/so101_moveit_config/bin'
[0.436s] INFO:colcon.colcon_core.shell:Creating package script '/home/shourya007/hackathon_ws/install/so101_moveit_config/share/so101_moveit_config/package.ps1'
[0.437s] INFO:colcon.colcon_core.shell:Creating package descriptor '/home/shourya007/hackathon_ws/install/so101_moveit_config/share/so101_moveit_config/package.dsv'
[0.438s] INFO:colcon.colcon_core.shell:Creating package script '/home/shourya007/hackathon_ws/install/so101_moveit_config/share/so101_moveit_config/package.sh'
[0.438s] INFO:colcon.colcon_core.shell:Creating package script '/home/shourya007/hackathon_ws/install/so101_moveit_config/share/so101_moveit_config/package.bash'
[0.438s] INFO:colcon.colcon_core.shell:Creating package script '/home/shourya007/hackathon_ws/install/so101_moveit_config/share/so101_moveit_config/package.zsh'
[0.439s] Level 1:colcon.colcon_core.environment:create_file_with_runtime_dependencies(/home/shourya007/hackathon_ws/install/so101_moveit_config/share/colcon-core/packages/so101_moveit_config)
[0.439s] Level 1:colcon.colcon_core.environment:create_environment_scripts_only(so101_moveit_config)
[0.439s] Level 1:colcon.colcon_core.environment:checking '/home/shourya007/hackathon_ws/install/so101_moveit_config' for CMake module files
[0.440s] Level 1:colcon.colcon_core.environment:checking '/home/shourya007/hackathon_ws/install/so101_moveit_config' for CMake config files
[0.440s] Level 1:colcon.colcon_core.shell:create_environment_hook('so101_moveit_config', 'cmake_prefix_path')
[0.440s] INFO:colcon.colcon_core.shell:Creating environment hook '/home/shourya007/hackathon_ws/install/so101_moveit_config/share/so101_moveit_config/hook/cmake_prefix_path.ps1'
[0.440s] INFO:colcon.colcon_core.shell:Creating environment descriptor '/home/shourya007/hackathon_ws/install/so101_moveit_config/share/so101_moveit_config/hook/cmake_prefix_path.dsv'
[0.440s] INFO:colcon.colcon_core.shell:Creating environment hook '/home/shourya007/hackathon_ws/install/so101_moveit_config/share/so101_moveit_config/hook/cmake_prefix_path.sh'
[0.441s] Level 1:colcon.colcon_core.environment:checking '/home/shourya007/hackathon_ws/install/so101_moveit_config/bin'
[0.441s] Level 1:colcon.colcon_core.environment:checking '/home/shourya007/hackathon_ws/install/so101_moveit_config/lib/pkgconfig/so101_moveit_config.pc'
[0.441s] Level 1:colcon.colcon_core.environment:checking '/home/shourya007/hackathon_ws/install/so101_moveit_config/lib/python3.10/site-packages'
[0.441s] Level 1:colcon.colcon_core.environment:checking '/home/shourya007/hackathon_ws/install/so101_moveit_config/bin'
[0.441s] INFO:colcon.colcon_core.shell:Creating package script '/home/shourya007/hackathon_ws/install/so101_moveit_config/share/so101_moveit_config/package.ps1'
[0.442s] INFO:colcon.colcon_core.shell:Creating package descriptor '/home/shourya007/hackathon_ws/install/so101_moveit_config/share/so101_moveit_config/package.dsv'
[0.442s] INFO:colcon.colcon_core.shell:Creating package script '/home/shourya007/hackathon_ws/install/so101_moveit_config/share/so101_moveit_config/package.sh'
[0.442s] INFO:colcon.colcon_core.shell:Creating package script '/home/shourya007/hackathon_ws/install/so101_moveit_config/share/so101_moveit_config/package.bash'
[0.443s] INFO:colcon.colcon_core.shell:Creating package script '/home/shourya007/hackathon_ws/install/so101_moveit_config/share/so101_moveit_config/package.zsh'
[0.443s] Level 1:colcon.colcon_core.environment:create_file_with_runtime_dependencies(/home/shourya007/hackathon_ws/install/so101_moveit_config/share/colcon-core/packages/so101_moveit_config)
[0.443s] INFO:colcon.colcon_ros.task.ament_cmake.build:Building ROS package in '/home/shourya007/hackathon_ws/src/so101_gazebo' with build type 'ament_cmake'
[0.443s] INFO:colcon.colcon_cmake.task.cmake.build:Building CMake package in '/home/shourya007/hackathon_ws/src/so101_gazebo'
[0.443s] INFO:colcon.colcon_core.shell:Skip shell extension 'powershell' for command environment: Not usable outside of PowerShell
[0.443s] DEBUG:colcon.colcon_core.shell:Skip shell extension 'dsv' for command environment
[0.453s] DEBUG:colcon.colcon_core.event_handler.log_command:Invoking command in '/home/shourya007/hackathon_ws/build/so101_gazebo': CMAKE_PREFIX_PATH=/home/shourya007/hackathon_ws/install/so101_moveit_config:/home/shourya007/hackathon_ws/install/so101_description:/home/shourya007/hackathon_ws/install/so101_gazebo:/home/shourya007/ros2_ws/install/unique_status:/home/shourya007/ros2_ws/install/simple_robot:/home/shourya007/ros2_ws/install/service_action_lab:/opt/ros/humble /usr/bin/cmake --build /home/shourya007/hackathon_ws/build/so101_gazebo -- -j16 -l16
[0.489s] DEBUG:colcon.colcon_core.event_handler.log_command:Invoked command in '/home/shourya007/hackathon_ws/build/so101_gazebo' returned '0': CMAKE_PREFIX_PATH=/home/shourya007/hackathon_ws/install/so101_moveit_config:/home/shourya007/hackathon_ws/install/so101_description:/home/shourya007/hackathon_ws/install/so101_gazebo:/home/shourya007/ros2_ws/install/unique_status:/home/shourya007/ros2_ws/install/simple_robot:/home/shourya007/ros2_ws/install/service_action_lab:/opt/ros/humble /usr/bin/cmake --build /home/shourya007/hackathon_ws/build/so101_gazebo -- -j16 -l16
[0.491s] DEBUG:colcon.colcon_core.event_handler.log_command:Invoking command in '/home/shourya007/hackathon_ws/build/so101_gazebo': CMAKE_PREFIX_PATH=/home/shourya007/hackathon_ws/install/so101_moveit_config:/home/shourya007/hackathon_ws/install/so101_description:/home/shourya007/hackathon_ws/install/so101_gazebo:/home/shourya007/ros2_ws/install/unique_status:/home/shourya007/ros2_ws/install/simple_robot:/home/shourya007/ros2_ws/install/service_action_lab:/opt/ros/humble /usr/bin/cmake --install /home/shourya007/hackathon_ws/build/so101_gazebo
[0.499s] Level 1:colcon.colcon_core.environment:create_environment_scripts_only(so101_gazebo)
[0.500s] Level 1:colcon.colcon_core.environment:checking '/home/shourya007/hackathon_ws/install/so101_gazebo' for CMake module files
[0.500s] DEBUG:colcon.colcon_core.event_handler.log_command:Invoked command in '/home/shourya007/hackathon_ws/build/so101_gazebo' returned '0': CMAKE_PREFIX_PATH=/home/shourya007/hackathon_ws/install/so101_moveit_config:/home/shourya007/hackathon_ws/install/so101_description:/home/shourya007/hackathon_ws/install/so101_gazebo:/home/shourya007/ros2_ws/install/unique_status:/home/shourya007/ros2_ws/install/simple_robot:/home/shourya007/ros2_ws/install/service_action_lab:/opt/ros/humble /usr/bin/cmake --install /home/shourya007/hackathon_ws/build/so101_gazebo
[0.500s] Level 1:colcon.colcon_core.environment:checking '/home/shourya007/hackathon_ws/install/so101_gazebo' for CMake config files
[0.501s] Level 1:colcon.colcon_core.shell:create_environment_hook('so101_gazebo', 'cmake_prefix_path')
[0.501s] INFO:colcon.colcon_core.shell:Creating environment hook '/home/shourya007/hackathon_ws/install/so101_gazebo/share/so101_gazebo/hook/cmake_prefix_path.ps1'
[0.501s] INFO:colcon.colcon_core.shell:Creating environment descriptor '/home/shourya007/hackathon_ws/install/so101_gazebo/share/so101_gazebo/hook/cmake_prefix_path.dsv'
[0.502s] INFO:colcon.colcon_core.shell:Creating environment hook '/home/shourya007/hackathon_ws/install/so101_gazebo/share/so101_gazebo/hook/cmake_prefix_path.sh'
[0.502s] Level 1:colcon.colcon_core.environment:checking '/home/shourya007/hackathon_ws/install/so101_gazebo/lib'
[0.502s] Level 1:colcon.colcon_core.environment:checking '/home/shourya007/hackathon_ws/install/so101_gazebo/bin'
[0.502s] Level 1:colcon.colcon_core.environment:checking '/home/shourya007/hackathon_ws/install/so101_gazebo/lib/pkgconfig/so101_gazebo.pc'
[0.502s] Level 1:colcon.colcon_core.environment:checking '/home/shourya007/hackathon_ws/install/so101_gazebo/lib/python3.10/site-packages'
[0.503s] Level 1:colcon.colcon_core.shell:create_environment_hook('so101_gazebo', 'pythonpath')
[0.503s] INFO:colcon.colcon_core.shell:Creating environment hook '/home/shourya007/hackathon_ws/install/so101_gazebo/share/so101_gazebo/hook/pythonpath.ps1'
[0.503s] INFO:colcon.colcon_core.shell:Creating environment descriptor '/home/shourya007/hackathon_ws/install/so101_gazebo/share/so101_gazebo/hook/pythonpath.dsv'
[0.503s] INFO:colcon.colcon_core.shell:Creating environment hook '/home/shourya007/hackathon_ws/install/so101_gazebo/share/so101_gazebo/hook/pythonpath.sh'
[0.504s] Level 1:colcon.colcon_core.environment:checking '/home/shourya007/hackathon_ws/install/so101_gazebo/bin'
[0.504s] INFO:colcon.colcon_core.shell:Creating package script '/home/shourya007/hackathon_ws/install/so101_gazebo/share/so101_gazebo/package.ps1'
[0.504s] INFO:colcon.colcon_core.shell:Creating package descriptor '/home/shourya007/hackathon_ws/install/so101_gazebo/share/so101_gazebo/package.dsv'
[0.505s] INFO:colcon.colcon_core.shell:Creating package script '/home/shourya007/hackathon_ws/install/so101_gazebo/share/so101_gazebo/package.sh'
[0.505s] INFO:colcon.colcon_core.shell:Creating package script '/home/shourya007/hackathon_ws/install/so101_gazebo/share/so101_gazebo/package.bash'
[0.505s] INFO:colcon.colcon_core.shell:Creating package script '/home/shourya007/hackathon_ws/install/so101_gazebo/share/so101_gazebo/package.zsh'
[0.506s] Level 1:colcon.colcon_core.environment:create_file_with_runtime_dependencies(/home/shourya007/hackathon_ws/install/so101_gazebo/share/colcon-core/packages/so101_gazebo)
[0.506s] Level 1:colcon.colcon_core.environment:create_environment_scripts_only(so101_gazebo)
[0.506s] Level 1:colcon.colcon_core.environment:checking '/home/shourya007/hackathon_ws/install/so101_gazebo' for CMake module files
[0.506s] Level 1:colcon.colcon_core.environment:checking '/home/shourya007/hackathon_ws/install/so101_gazebo' for CMake config files
[0.507s] Level 1:colcon.colcon_core.shell:create_environment_hook('so101_gazebo', 'cmake_prefix_path')
[0.507s] INFO:colcon.colcon_core.shell:Creating environment hook '/home/shourya007/hackathon_ws/install/so101_gazebo/share/so101_gazebo/hook/cmake_prefix_path.ps1'
[0.507s] INFO:colcon.colcon_core.shell:Creating environment descriptor '/home/shourya007/hackathon_ws/install/so101_gazebo/share/so101_gazebo/hook/cmake_prefix_path.dsv'
[0.507s] INFO:colcon.colcon_core.shell:Creating environment hook '/home/shourya007/hackathon_ws/install/so101_gazebo/share/so101_gazebo/hook/cmake_prefix_path.sh'
[0.508s] Level 1:colcon.colcon_core.environment:checking '/home/shourya007/hackathon_ws/install/so101_gazebo/lib'
[0.508s] Level 1:colcon.colcon_core.environment:checking '/home/shourya007/hackathon_ws/install/so101_gazebo/bin'
[0.508s] Level 1:colcon.colcon_core.environment:checking '/home/shourya007/hackathon_ws/install/so101_gazebo/lib/pkgconfig/so101_gazebo.pc'
[0.508s] Level 1:colcon.colcon_core.environment:checking '/home/shourya007/hackathon_ws/install/so101_gazebo/lib/python3.10/site-packages'
[0.508s] Level 1:colcon.colcon_core.shell:create_environment_hook('so101_gazebo', 'pythonpath')
[0.508s] INFO:colcon.colcon_core.shell:Creating environment hook '/home/shourya007/hackathon_ws/install/so101_gazebo/share/so101_gazebo/hook/pythonpath.ps1'
[0.508s] INFO:colcon.colcon_core.shell:Creating environment descriptor '/home/shourya007/hackathon_ws/install/so101_gazebo/share/so101_gazebo/hook/pythonpath.dsv'
[0.509s] INFO:colcon.colcon_core.shell:Creating environment hook '/home/shourya007/hackathon_ws/install/so101_gazebo/share/so101_gazebo/hook/pythonpath.sh'
[0.509s] Level 1:colcon.colcon_core.environment:checking '/home/shourya007/hackathon_ws/install/so101_gazebo/bin'
[0.510s] INFO:colcon.colcon_core.shell:Creating package script '/home/shourya007/hackathon_ws/install/so101_gazebo/share/so101_gazebo/package.ps1'
[0.510s] INFO:colcon.colcon_core.shell:Creating package descriptor '/home/shourya007/hackathon_ws/install/so101_gazebo/share/so101_gazebo/package.dsv'
[0.510s] INFO:colcon.colcon_core.shell:Creating package script '/home/shourya007/hackathon_ws/install/so101_gazebo/share/so101_gazebo/package.sh'
[0.511s] INFO:colcon.colcon_core.shell:Creating package script '/home/shourya007/hackathon_ws/install/so101_gazebo/share/so101_gazebo/package.bash'
[0.511s] INFO:colcon.colcon_core.shell:Creating package script '/home/shourya007/hackathon_ws/install/so101_gazebo/share/so101_gazebo/package.zsh'
[0.511s] Level 1:colcon.colcon_core.environment:create_file_with_runtime_dependencies(/home/shourya007/hackathon_ws/install/so101_gazebo/share/colcon-core/packages/so101_gazebo)
[0.511s] DEBUG:colcon.colcon_parallel_executor.executor.parallel:closing loop
[0.512s] DEBUG:colcon.colcon_parallel_executor.executor.parallel:loop closed
[0.512s] DEBUG:colcon.colcon_parallel_executor.executor.parallel:run_until_complete finished with '0'
[0.512s] DEBUG:colcon.colcon_core.event_reactor:joining thread
[0.516s] INFO:colcon.colcon_core.plugin_system:Skipping extension 'colcon_notification.desktop_notification.terminal_notifier': Not used on non-Darwin systems
[0.517s] INFO:colcon.colcon_core.plugin_system:Skipping extension 'colcon_notification.desktop_notification.win32': Not used on non-Windows systems
[0.517s] INFO:colcon.colcon_notification.desktop_notification:Sending desktop notification using 'notify2'
[0.526s] DEBUG:colcon.colcon_core.event_reactor:joined thread
[0.527s] INFO:colcon.colcon_core.shell:Creating prefix script '/home/shourya007/hackathon_ws/install/local_setup.ps1'
[0.528s] INFO:colcon.colcon_core.shell:Creating prefix util module '/home/shourya007/hackathon_ws/install/_local_setup_util_ps1.py'
[0.529s] INFO:colcon.colcon_core.shell:Creating prefix chain script '/home/shourya007/hackathon_ws/install/setup.ps1'
[0.530s] INFO:colcon.colcon_core.shell:Creating prefix script '/home/shourya007/hackathon_ws/install/local_setup.sh'
[0.530s] INFO:colcon.colcon_core.shell:Creating prefix util module '/home/shourya007/hackathon_ws/install/_local_setup_util_sh.py'
[0.531s] INFO:colcon.colcon_core.shell:Creating prefix chain script '/home/shourya007/hackathon_ws/install/setup.sh'
[0.532s] INFO:colcon.colcon_core.shell:Creating prefix script '/home/shourya007/hackathon_ws/install/local_setup.bash'
[0.532s] INFO:colcon.colcon_core.shell:Creating prefix chain script '/home/shourya007/hackathon_ws/install/setup.bash'
[0.533s] INFO:colcon.colcon_core.shell:Creating prefix script '/home/shourya007/hackathon_ws/install/local_setup.zsh'
[0.533s] INFO:colcon.colcon_core.shell:Creating prefix chain script '/home/shourya007/hackathon_ws/install/setup.zsh'
