-- Install configuration: ""
-- Up-to-date: /home/shourya007/hackathon_ws/install/so101_gazebo/lib/so101_gazebo/pick_place_test.py
-- Up-to-date: /home/shourya007/hackathon_ws/install/so101_gazebo/share/so101_gazebo/launch
-- Up-to-date: /home/shourya007/hackathon_ws/install/so101_gazebo/share/so101_gazebo/config
-- Up-to-date: /home/shourya007/hackathon_ws/install/so101_gazebo/share/so101_gazebo/config/follower_gazebo.rviz
-- Up-to-date: /home/shourya007/hackathon_ws/install/so101_gazebo/share/so101_gazebo/config/controllers.yaml
-- Up-to-date: /home/shourya007/hackathon_ws/install/so101_gazebo/share/so101_gazebo/worlds
-- Up-to-date: /home/shourya007/hackathon_ws/install/so101_gazebo/share/ament_index/resource_index/package_run_dependencies/so101_gazebo
-- Up-to-date: /home/shourya007/hackathon_ws/install/so101_gazebo/share/ament_index/resource_index/parent_prefix_path/so101_gazebo
-- Up-to-date: /home/shourya007/hackathon_ws/install/so101_gazebo/share/so101_gazebo/environment/ament_prefix_path.sh
-- Up-to-date: /home/shourya007/hackathon_ws/install/so101_gazebo/share/so101_gazebo/environment/ament_prefix_path.dsv
-- Up-to-date: /home/shourya007/hackathon_ws/install/so101_gazebo/share/so101_gazebo/environment/path.sh
-- Up-to-date: /home/shourya007/hackathon_ws/install/so101_gazebo/share/so101_gazebo/environment/path.dsv
-- Up-to-date: /home/shourya007/hackathon_ws/install/so101_gazebo/share/so101_gazebo/local_setup.bash
-- Up-to-date: /home/shourya007/hackathon_ws/install/so101_gazebo/share/so101_gazebo/local_setup.sh
-- Up-to-date: /home/shourya007/hackathon_ws/install/so101_gazebo/share/so101_gazebo/local_setup.zsh
-- Up-to-date: /home/shourya007/hackathon_ws/install/so101_gazebo/share/so101_gazebo/local_setup.dsv
-- Installing: /home/shourya007/hackathon_ws/install/so101_gazebo/share/so101_gazebo/package.dsv
-- Up-to-date: /home/shourya007/hackathon_ws/install/so101_gazebo/share/ament_index/resource_index/packages/so101_gazebo
-- Up-to-date: /home/shourya007/hackathon_ws/install/so101_gazebo/share/so101_gazebo/cmake/so101_gazeboConfig.cmake
-- Up-to-date: /home/shourya007/hackathon_ws/install/so101_gazebo/share/so101_gazebo/cmake/so101_gazeboConfig-version.cmake
