[0.076s] DEBUG:colcon:Command line arguments: ['/usr/bin/colcon', 'build']
[0.077s] DEBUG:colcon:Parsed command line arguments: Namespace(log_base=None, log_level=None, verb_name='build', build_base='build', install_base='install', merge_install=False, symlink_install=False, test_result_base=None, continue_on_error=False, executor='parallel', parallel_workers=16, event_handlers=None, ignore_user_meta=False, metas=['./colcon.meta'], base_paths=['.'], packages_ignore=None, packages_ignore_regex=None, paths=None, packages_up_to=None, packages_up_to_regex=None, packages_above=None, packages_above_and_dependencies=None, packages_above_depth=None, packages_select_by_dep=None, packages_skip_by_dep=None, packages_skip_up_to=None, packages_select_build_failed=False, packages_skip_build_finished=False, packages_select_test_failures=False, packages_skip_test_passed=False, packages_select=None, packages_skip=None, packages_select_regex=None, packages_skip_regex=None, packages_start=None, packages_end=None, allow_overriding=[], cmake_args=None, cmake_target=None, cmake_target_skip_unavailable=False, cmake_clean_cache=False, cmake_clean_first=False, cmake_force_configure=False, ament_cmake_args=None, catkin_cmake_args=None, catkin_skip_building_tests=False, verb_parser=<colcon_defaults.argument_parser.defaults.DefaultArgumentsDecorator object at 0x718d6484db10>, verb_extension=<colcon_core.verb.build.BuildVerb object at 0x718d649df130>, main=<bound method BuildVerb.main of <colcon_core.verb.build.BuildVerb object at 0x718d649df130>>)
[0.202s] Level 1:colcon.colcon_core.package_discovery:discover_packages(colcon_meta) check parameters
[0.202s] Level 1:colcon.colcon_core.package_discovery:discover_packages(recursive) check parameters
[0.202s] Level 1:colcon.colcon_core.package_discovery:discover_packages(ignore) check parameters
[0.202s] Level 1:colcon.colcon_core.package_discovery:discover_packages(path) check parameters
[0.202s] Level 1:colcon.colcon_core.package_discovery:discover_packages(colcon_meta) discover
[0.202s] Level 1:colcon.colcon_core.package_discovery:discover_packages(recursive) discover
[0.202s] INFO:colcon.colcon_core.package_discovery:Crawling recursively for packages in '/home/shourya007/hackathon_ws'
[0.202s] Level 1:colcon.colcon_core.package_identification:_identify(.) by extensions ['ignore', 'ignore_ament_install']
[0.203s] Level 1:colcon.colcon_core.package_identification:_identify(.) by extension 'ignore'
[0.203s] Level 1:colcon.colcon_core.package_identification:_identify(.) by extension 'ignore_ament_install'
[0.203s] Level 1:colcon.colcon_core.package_identification:_identify(.) by extensions ['colcon_pkg']
[0.203s] Level 1:colcon.colcon_core.package_identification:_identify(.) by extension 'colcon_pkg'
[0.203s] Level 1:colcon.colcon_core.package_identification:_identify(.) by extensions ['colcon_meta']
[0.203s] Level 1:colcon.colcon_core.package_identification:_identify(.) by extension 'colcon_meta'
[0.203s] Level 1:colcon.colcon_core.package_identification:_identify(.) by extensions ['ros']
[0.203s] Level 1:colcon.colcon_core.package_identification:_identify(.) by extension 'ros'
[0.211s] Level 1:colcon.colcon_core.package_identification:_identify(.) by extensions ['cmake', 'python']
[0.211s] Level 1:colcon.colcon_core.package_identification:_identify(.) by extension 'cmake'
[0.211s] Level 1:colcon.colcon_core.package_identification:_identify(.) by extension 'python'
[0.211s] Level 1:colcon.colcon_core.package_identification:_identify(.) by extensions ['python_setup_py']
[0.211s] Level 1:colcon.colcon_core.package_identification:_identify(.) by extension 'python_setup_py'
[0.211s] Level 1:colcon.colcon_core.package_identification:_identify(build) by extensions ['ignore', 'ignore_ament_install']
[0.211s] Level 1:colcon.colcon_core.package_identification:_identify(build) by extension 'ignore'
[0.211s] Level 1:colcon.colcon_core.package_identification:_identify(build) ignored
[0.211s] Level 1:colcon.colcon_core.package_identification:_identify(install) by extensions ['ignore', 'ignore_ament_install']
[0.212s] Level 1:colcon.colcon_core.package_identification:_identify(install) by extension 'ignore'
[0.212s] Level 1:colcon.colcon_core.package_identification:_identify(install) ignored
[0.212s] Level 1:colcon.colcon_core.package_identification:_identify(log) by extensions ['ignore', 'ignore_ament_install']
[0.212s] Level 1:colcon.colcon_core.package_identification:_identify(log) by extension 'ignore'
[0.212s] Level 1:colcon.colcon_core.package_identification:_identify(log) ignored
[0.212s] Level 1:colcon.colcon_core.package_identification:_identify(src) by extensions ['ignore', 'ignore_ament_install']
[0.212s] Level 1:colcon.colcon_core.package_identification:_identify(src) by extension 'ignore'
[0.212s] Level 1:colcon.colcon_core.package_identification:_identify(src) by extension 'ignore_ament_install'
[0.212s] Level 1:colcon.colcon_core.package_identification:_identify(src) by extensions ['colcon_pkg']
[0.212s] Level 1:colcon.colcon_core.package_identification:_identify(src) by extension 'colcon_pkg'
[0.212s] Level 1:colcon.colcon_core.package_identification:_identify(src) by extensions ['colcon_meta']
[0.212s] Level 1:colcon.colcon_core.package_identification:_identify(src) by extension 'colcon_meta'
[0.212s] Level 1:colcon.colcon_core.package_identification:_identify(src) by extensions ['ros']
[0.212s] Level 1:colcon.colcon_core.package_identification:_identify(src) by extension 'ros'
[0.212s] Level 1:colcon.colcon_core.package_identification:_identify(src) by extensions ['cmake', 'python']
[0.212s] Level 1:colcon.colcon_core.package_identification:_identify(src) by extension 'cmake'
[0.212s] Level 1:colcon.colcon_core.package_identification:_identify(src) by extension 'python'
[0.212s] Level 1:colcon.colcon_core.package_identification:_identify(src) by extensions ['python_setup_py']
[0.212s] Level 1:colcon.colcon_core.package_identification:_identify(src) by extension 'python_setup_py'
[0.212s] Level 1:colcon.colcon_core.package_identification:_identify(src/so101_description) by extensions ['ignore', 'ignore_ament_install']
[0.212s] Level 1:colcon.colcon_core.package_identification:_identify(src/so101_description) by extension 'ignore'
[0.212s] Level 1:colcon.colcon_core.package_identification:_identify(src/so101_description) by extension 'ignore_ament_install'
[0.212s] Level 1:colcon.colcon_core.package_identification:_identify(src/so101_description) by extensions ['colcon_pkg']
[0.212s] Level 1:colcon.colcon_core.package_identification:_identify(src/so101_description) by extension 'colcon_pkg'
[0.212s] Level 1:colcon.colcon_core.package_identification:_identify(src/so101_description) by extensions ['colcon_meta']
[0.213s] Level 1:colcon.colcon_core.package_identification:_identify(src/so101_description) by extension 'colcon_meta'
[0.213s] Level 1:colcon.colcon_core.package_identification:_identify(src/so101_description) by extensions ['ros']
[0.213s] Level 1:colcon.colcon_core.package_identification:_identify(src/so101_description) by extension 'ros'
[0.214s] DEBUG:colcon.colcon_core.package_identification:Package 'src/so101_description' with type 'ros.ament_cmake' and name 'so101_description'
[0.214s] Level 1:colcon.colcon_core.package_identification:_identify(src/so101_gazebo) by extensions ['ignore', 'ignore_ament_install']
[0.215s] Level 1:colcon.colcon_core.package_identification:_identify(src/so101_gazebo) by extension 'ignore'
[0.215s] Level 1:colcon.colcon_core.package_identification:_identify(src/so101_gazebo) by extension 'ignore_ament_install'
[0.215s] Level 1:colcon.colcon_core.package_identification:_identify(src/so101_gazebo) by extensions ['colcon_pkg']
[0.215s] Level 1:colcon.colcon_core.package_identification:_identify(src/so101_gazebo) by extension 'colcon_pkg'
[0.215s] Level 1:colcon.colcon_core.package_identification:_identify(src/so101_gazebo) by extensions ['colcon_meta']
[0.215s] Level 1:colcon.colcon_core.package_identification:_identify(src/so101_gazebo) by extension 'colcon_meta'
[0.215s] Level 1:colcon.colcon_core.package_identification:_identify(src/so101_gazebo) by extensions ['ros']
[0.215s] Level 1:colcon.colcon_core.package_identification:_identify(src/so101_gazebo) by extension 'ros'
[0.215s] DEBUG:colcon.colcon_core.package_identification:Package 'src/so101_gazebo' with type 'ros.ament_cmake' and name 'so101_gazebo'
[0.215s] Level 1:colcon.colcon_core.package_identification:_identify(src/so101_moveit_config) by extensions ['ignore', 'ignore_ament_install']
[0.215s] Level 1:colcon.colcon_core.package_identification:_identify(src/so101_moveit_config) by extension 'ignore'
[0.215s] Level 1:colcon.colcon_core.package_identification:_identify(src/so101_moveit_config) by extension 'ignore_ament_install'
[0.216s] Level 1:colcon.colcon_core.package_identification:_identify(src/so101_moveit_config) by extensions ['colcon_pkg']
[0.216s] Level 1:colcon.colcon_core.package_identification:_identify(src/so101_moveit_config) by extension 'colcon_pkg'
[0.216s] Level 1:colcon.colcon_core.package_identification:_identify(src/so101_moveit_config) by extensions ['colcon_meta']
[0.216s] Level 1:colcon.colcon_core.package_identification:_identify(src/so101_moveit_config) by extension 'colcon_meta'
[0.216s] Level 1:colcon.colcon_core.package_identification:_identify(src/so101_moveit_config) by extensions ['ros']
[0.216s] Level 1:colcon.colcon_core.package_identification:_identify(src/so101_moveit_config) by extension 'ros'
[0.216s] DEBUG:colcon.colcon_core.package_identification:Package 'src/so101_moveit_config' with type 'ros.ament_cmake' and name 'so101_moveit_config'
[0.216s] Level 1:colcon.colcon_core.package_discovery:discover_packages(recursive) using defaults
[0.216s] Level 1:colcon.colcon_core.package_discovery:discover_packages(ignore) discover
[0.216s] Level 1:colcon.colcon_core.package_discovery:discover_packages(ignore) using defaults
[0.216s] Level 1:colcon.colcon_core.package_discovery:discover_packages(path) discover
[0.216s] Level 1:colcon.colcon_core.package_discovery:discover_packages(path) using defaults
[0.240s] Level 1:colcon.colcon_core.package_discovery:discover_packages(prefix_path) check parameters
[0.240s] Level 1:colcon.colcon_core.package_discovery:discover_packages(prefix_path) discover
[0.241s] DEBUG:colcon.colcon_installed_package_information.package_discovery:Found 3 installed packages in /home/shourya007/hackathon_ws/install
[0.241s] DEBUG:colcon.colcon_installed_package_information.package_discovery:Found 3 installed packages in /home/shourya007/ros2_ws/install
[0.243s] DEBUG:colcon.colcon_installed_package_information.package_discovery:Found 373 installed packages in /opt/ros/humble
[0.244s] Level 1:colcon.colcon_core.package_discovery:discover_packages(prefix_path) using defaults
[0.278s] Level 5:colcon.colcon_core.verb:set package 'so101_description' build argument 'cmake_args' from command line to 'None'
[0.278s] Level 5:colcon.colcon_core.verb:set package 'so101_description' build argument 'cmake_target' from command line to 'None'
[0.278s] Level 5:colcon.colcon_core.verb:set package 'so101_description' build argument 'cmake_target_skip_unavailable' from command line to 'False'
[0.278s] Level 5:colcon.colcon_core.verb:set package 'so101_description' build argument 'cmake_clean_cache' from command line to 'False'
[0.278s] Level 5:colcon.colcon_core.verb:set package 'so101_description' build argument 'cmake_clean_first' from command line to 'False'
[0.278s] Level 5:colcon.colcon_core.verb:set package 'so101_description' build argument 'cmake_force_configure' from command line to 'False'
[0.278s] Level 5:colcon.colcon_core.verb:set package 'so101_description' build argument 'ament_cmake_args' from command line to 'None'
[0.278s] Level 5:colcon.colcon_core.verb:set package 'so101_description' build argument 'catkin_cmake_args' from command line to 'None'
[0.278s] Level 5:colcon.colcon_core.verb:set package 'so101_description' build argument 'catkin_skip_building_tests' from command line to 'False'
[0.278s] DEBUG:colcon.colcon_core.verb:Building package 'so101_description' with the following arguments: {'ament_cmake_args': None, 'build_base': '/home/shourya007/hackathon_ws/build/so101_description', 'catkin_cmake_args': None, 'catkin_skip_building_tests': False, 'cmake_args': None, 'cmake_clean_cache': False, 'cmake_clean_first': False, 'cmake_force_configure': False, 'cmake_target': None, 'cmake_target_skip_unavailable': False, 'install_base': '/home/shourya007/hackathon_ws/install/so101_description', 'merge_install': False, 'path': '/home/shourya007/hackathon_ws/src/so101_description', 'symlink_install': False, 'test_result_base': None}
[0.278s] Level 5:colcon.colcon_core.verb:set package 'so101_moveit_config' build argument 'cmake_args' from command line to 'None'
[0.278s] Level 5:colcon.colcon_core.verb:set package 'so101_moveit_config' build argument 'cmake_target' from command line to 'None'
[0.278s] Level 5:colcon.colcon_core.verb:set package 'so101_moveit_config' build argument 'cmake_target_skip_unavailable' from command line to 'False'
[0.278s] Level 5:colcon.colcon_core.verb:set package 'so101_moveit_config' build argument 'cmake_clean_cache' from command line to 'False'
[0.278s] Level 5:colcon.colcon_core.verb:set package 'so101_moveit_config' build argument 'cmake_clean_first' from command line to 'False'
[0.278s] Level 5:colcon.colcon_core.verb:set package 'so101_moveit_config' build argument 'cmake_force_configure' from command line to 'False'
[0.278s] Level 5:colcon.colcon_core.verb:set package 'so101_moveit_config' build argument 'ament_cmake_args' from command line to 'None'
[0.278s] Level 5:colcon.colcon_core.verb:set package 'so101_moveit_config' build argument 'catkin_cmake_args' from command line to 'None'
[0.278s] Level 5:colcon.colcon_core.verb:set package 'so101_moveit_config' build argument 'catkin_skip_building_tests' from command line to 'False'
[0.278s] DEBUG:colcon.colcon_core.verb:Building package 'so101_moveit_config' with the following arguments: {'ament_cmake_args': None, 'build_base': '/home/shourya007/hackathon_ws/build/so101_moveit_config', 'catkin_cmake_args': None, 'catkin_skip_building_tests': False, 'cmake_args': None, 'cmake_clean_cache': False, 'cmake_clean_first': False, 'cmake_force_configure': False, 'cmake_target': None, 'cmake_target_skip_unavailable': False, 'install_base': '/home/shourya007/hackathon_ws/install/so101_moveit_config', 'merge_install': False, 'path': '/home/shourya007/hackathon_ws/src/so101_moveit_config', 'symlink_install': False, 'test_result_base': None}
[0.279s] Level 5:colcon.colcon_core.verb:set package 'so101_gazebo' build argument 'cmake_args' from command line to 'None'
[0.279s] Level 5:colcon.colcon_core.verb:set package 'so101_gazebo' build argument 'cmake_target' from command line to 'None'
[0.279s] Level 5:colcon.colcon_core.verb:set package 'so101_gazebo' build argument 'cmake_target_skip_unavailable' from command line to 'False'
[0.279s] Level 5:colcon.colcon_core.verb:set package 'so101_gazebo' build argument 'cmake_clean_cache' from command line to 'False'
[0.279s] Level 5:colcon.colcon_core.verb:set package 'so101_gazebo' build argument 'cmake_clean_first' from command line to 'False'
[0.279s] Level 5:colcon.colcon_core.verb:set package 'so101_gazebo' build argument 'cmake_force_configure' from command line to 'False'
[0.279s] Level 5:colcon.colcon_core.verb:set package 'so101_gazebo' build argument 'ament_cmake_args' from command line to 'None'
[0.279s] Level 5:colcon.colcon_core.verb:set package 'so101_gazebo' build argument 'catkin_cmake_args' from command line to 'None'
[0.279s] Level 5:colcon.colcon_core.verb:set package 'so101_gazebo' build argument 'catkin_skip_building_tests' from command line to 'False'
[0.279s] DEBUG:colcon.colcon_core.verb:Building package 'so101_gazebo' with the following arguments: {'ament_cmake_args': None, 'build_base': '/home/shourya007/hackathon_ws/build/so101_gazebo', 'catkin_cmake_args': None, 'catkin_skip_building_tests': False, 'cmake_args': None, 'cmake_clean_cache': False, 'cmake_clean_first': False, 'cmake_force_configure': False, 'cmake_target': None, 'cmake_target_skip_unavailable': False, 'install_base': '/home/shourya007/hackathon_ws/install/so101_gazebo', 'merge_install': False, 'path': '/home/shourya007/hackathon_ws/src/so101_gazebo', 'symlink_install': False, 'test_result_base': None}
[0.279s] INFO:colcon.colcon_core.executor:Executing jobs using 'parallel' executor
[0.280s] DEBUG:colcon.colcon_parallel_executor.executor.parallel:run_until_complete
[0.280s] INFO:colcon.colcon_ros.task.ament_cmake.build:Building ROS package in '/home/shourya007/hackathon_ws/src/so101_description' with build type 'ament_cmake'
[0.280s] INFO:colcon.colcon_cmake.task.cmake.build:Building CMake package in '/home/shourya007/hackathon_ws/src/so101_description'
[0.282s] INFO:colcon.colcon_core.plugin_system:Skipping extension 'colcon_core.shell.bat': Not used on non-Windows systems
[0.282s] INFO:colcon.colcon_core.shell:Skip shell extension 'powershell' for command environment: Not usable outside of PowerShell
[0.282s] DEBUG:colcon.colcon_core.shell:Skip shell extension 'dsv' for command environment
[0.290s] DEBUG:colcon.colcon_core.event_handler.log_command:Invoking command in '/home/shourya007/hackathon_ws/build/so101_description': CMAKE_PREFIX_PATH=${CMAKE_PREFIX_PATH}:/home/shourya007/ros2_ws/install/unique_status:/home/shourya007/ros2_ws/install/simple_robot:/home/shourya007/ros2_ws/install/service_action_lab:/opt/ros/humble /usr/bin/cmake --build /home/shourya007/hackathon_ws/build/so101_description -- -j16 -l16
[0.325s] DEBUG:colcon.colcon_core.event_handler.log_command:Invoked command in '/home/shourya007/hackathon_ws/build/so101_description' returned '0': CMAKE_PREFIX_PATH=${CMAKE_PREFIX_PATH}:/home/shourya007/ros2_ws/install/unique_status:/home/shourya007/ros2_ws/install/simple_robot:/home/shourya007/ros2_ws/install/service_action_lab:/opt/ros/humble /usr/bin/cmake --build /home/shourya007/hackathon_ws/build/so101_description -- -j16 -l16
[0.334s] DEBUG:colcon.colcon_core.event_handler.log_command:Invoking command in '/home/shourya007/hackathon_ws/build/so101_description': CMAKE_PREFIX_PATH=${CMAKE_PREFIX_PATH}:/home/shourya007/ros2_ws/install/unique_status:/home/shourya007/ros2_ws/install/simple_robot:/home/shourya007/ros2_ws/install/service_action_lab:/opt/ros/humble /usr/bin/cmake --install /home/shourya007/hackathon_ws/build/so101_description
[0.355s] Level 1:colcon.colcon_core.environment:create_environment_scripts_only(so101_description)
[0.356s] DEBUG:colcon.colcon_core.event_handler.log_command:Invoked command in '/home/shourya007/hackathon_ws/build/so101_description' returned '0': CMAKE_PREFIX_PATH=${CMAKE_PREFIX_PATH}:/home/shourya007/ros2_ws/install/unique_status:/home/shourya007/ros2_ws/install/simple_robot:/home/shourya007/ros2_ws/install/service_action_lab:/opt/ros/humble /usr/bin/cmake --install /home/shourya007/hackathon_ws/build/so101_description
[0.357s] Level 1:colcon.colcon_core.environment:checking '/home/shourya007/hackathon_ws/install/so101_description' for CMake module files
[0.358s] Level 1:colcon.colcon_core.environment:checking '/home/shourya007/hackathon_ws/install/so101_description' for CMake config files
[0.358s] Level 1:colcon.colcon_core.shell:create_environment_hook('so101_description', 'cmake_prefix_path')
[0.358s] INFO:colcon.colcon_core.shell:Creating environment hook '/home/shourya007/hackathon_ws/install/so101_description/share/so101_description/hook/cmake_prefix_path.ps1'
[0.359s] INFO:colcon.colcon_core.shell:Creating environment descriptor '/home/shourya007/hackathon_ws/install/so101_description/share/so101_description/hook/cmake_prefix_path.dsv'
[0.359s] INFO:colcon.colcon_core.shell:Creating environment hook '/home/shourya007/hackathon_ws/install/so101_description/share/so101_description/hook/cmake_prefix_path.sh'
[0.360s] Level 1:colcon.colcon_core.environment:checking '/home/shourya007/hackathon_ws/install/so101_description/bin'
[0.360s] Level 1:colcon.colcon_core.environment:checking '/home/shourya007/hackathon_ws/install/so101_description/lib/pkgconfig/so101_description.pc'
[0.360s] Level 1:colcon.colcon_core.environment:checking '/home/shourya007/hackathon_ws/install/so101_description/lib/python3.10/site-packages'
[0.360s] Level 1:colcon.colcon_core.environment:checking '/home/shourya007/hackathon_ws/install/so101_description/bin'
[0.360s] INFO:colcon.colcon_core.shell:Creating package script '/home/shourya007/hackathon_ws/install/so101_description/share/so101_description/package.ps1'
[0.361s] INFO:colcon.colcon_core.shell:Creating package descriptor '/home/shourya007/hackathon_ws/install/so101_description/share/so101_description/package.dsv'
[0.361s] INFO:colcon.colcon_core.shell:Creating package script '/home/shourya007/hackathon_ws/install/so101_description/share/so101_description/package.sh'
[0.362s] INFO:colcon.colcon_core.shell:Creating package script '/home/shourya007/hackathon_ws/install/so101_description/share/so101_description/package.bash'
[0.362s] INFO:colcon.colcon_core.shell:Creating package script '/home/shourya007/hackathon_ws/install/so101_description/share/so101_description/package.zsh'
[0.362s] Level 1:colcon.colcon_core.environment:create_file_with_runtime_dependencies(/home/shourya007/hackathon_ws/install/so101_description/share/colcon-core/packages/so101_description)
[0.363s] Level 1:colcon.colcon_core.environment:create_environment_scripts_only(so101_description)
[0.363s] Level 1:colcon.colcon_core.environment:checking '/home/shourya007/hackathon_ws/install/so101_description' for CMake module files
[0.363s] Level 1:colcon.colcon_core.environment:checking '/home/shourya007/hackathon_ws/install/so101_description' for CMake config files
[0.364s] Level 1:colcon.colcon_core.shell:create_environment_hook('so101_description', 'cmake_prefix_path')
[0.364s] INFO:colcon.colcon_core.shell:Creating environment hook '/home/shourya007/hackathon_ws/install/so101_description/share/so101_description/hook/cmake_prefix_path.ps1'
[0.364s] INFO:colcon.colcon_core.shell:Creating environment descriptor '/home/shourya007/hackathon_ws/install/so101_description/share/so101_description/hook/cmake_prefix_path.dsv'
[0.364s] INFO:colcon.colcon_core.shell:Creating environment hook '/home/shourya007/hackathon_ws/install/so101_description/share/so101_description/hook/cmake_prefix_path.sh'
[0.365s] Level 1:colcon.colcon_core.environment:checking '/home/shourya007/hackathon_ws/install/so101_description/bin'
[0.365s] Level 1:colcon.colcon_core.environment:checking '/home/shourya007/hackathon_ws/install/so101_description/lib/pkgconfig/so101_description.pc'
[0.365s] Level 1:colcon.colcon_core.environment:checking '/home/shourya007/hackathon_ws/install/so101_description/lib/python3.10/site-packages'
[0.365s] Level 1:colcon.colcon_core.environment:checking '/home/shourya007/hackathon_ws/install/so101_description/bin'
[0.365s] INFO:colcon.colcon_core.shell:Creating package script '/home/shourya007/hackathon_ws/install/so101_description/share/so101_description/package.ps1'
[0.366s] INFO:colcon.colcon_core.shell:Creating package descriptor '/home/shourya007/hackathon_ws/install/so101_description/share/so101_description/package.dsv'
[0.366s] INFO:colcon.colcon_core.shell:Creating package script '/home/shourya007/hackathon_ws/install/so101_description/share/so101_description/package.sh'
[0.366s] INFO:colcon.colcon_core.shell:Creating package script '/home/shourya007/hackathon_ws/install/so101_description/share/so101_description/package.bash'
[0.367s] INFO:colcon.colcon_core.shell:Creating package script '/home/shourya007/hackathon_ws/install/so101_description/share/so101_description/package.zsh'
[0.367s] Level 1:colcon.colcon_core.environment:create_file_with_runtime_dependencies(/home/shourya007/hackathon_ws/install/so101_description/share/colcon-core/packages/so101_description)
[0.367s] INFO:colcon.colcon_ros.task.ament_cmake.build:Building ROS package in '/home/shourya007/hackathon_ws/src/so101_moveit_config' with build type 'ament_cmake'
[0.367s] INFO:colcon.colcon_cmake.task.cmake.build:Building CMake package in '/home/shourya007/hackathon_ws/src/so101_moveit_config'
[0.367s] INFO:colcon.colcon_core.shell:Skip shell extension 'powershell' for command environment: Not usable outside of PowerShell
[0.367s] DEBUG:colcon.colcon_core.shell:Skip shell extension 'dsv' for command environment
[0.376s] DEBUG:colcon.colcon_core.event_handler.log_command:Invoking command in '/home/shourya007/hackathon_ws/build/so101_moveit_config': CMAKE_PREFIX_PATH=/home/shourya007/hackathon_ws/install/so101_description:/home/shourya007/hackathon_ws/install/so101_gazebo:/home/shourya007/hackathon_ws/install/so101_moveit_config:/home/shourya007/ros2_ws/install/unique_status:/home/shourya007/ros2_ws/install/simple_robot:/home/shourya007/ros2_ws/install/service_action_lab:/opt/ros/humble /usr/bin/cmake --build /home/shourya007/hackathon_ws/build/so101_moveit_config -- -j16 -l16
[0.413s] DEBUG:colcon.colcon_core.event_handler.log_command:Invoked command in '/home/shourya007/hackathon_ws/build/so101_moveit_config' returned '0': CMAKE_PREFIX_PATH=/home/shourya007/hackathon_ws/install/so101_description:/home/shourya007/hackathon_ws/install/so101_gazebo:/home/shourya007/hackathon_ws/install/so101_moveit_config:/home/shourya007/ros2_ws/install/unique_status:/home/shourya007/ros2_ws/install/simple_robot:/home/shourya007/ros2_ws/install/service_action_lab:/opt/ros/humble /usr/bin/cmake --build /home/shourya007/hackathon_ws/build/so101_moveit_config -- -j16 -l16
[0.414s] DEBUG:colcon.colcon_core.event_handler.log_command:Invoking command in '/home/shourya007/hackathon_ws/build/so101_moveit_config': CMAKE_PREFIX_PATH=/home/shourya007/hackathon_ws/install/so101_description:/home/shourya007/hackathon_ws/install/so101_gazebo:/home/shourya007/hackathon_ws/install/so101_moveit_config:/home/shourya007/ros2_ws/install/unique_status:/home/shourya007/ros2_ws/install/simple_robot:/home/shourya007/ros2_ws/install/service_action_lab:/opt/ros/humble /usr/bin/cmake --install /home/shourya007/hackathon_ws/build/so101_moveit_config
[0.436s] Level 1:colcon.colcon_core.environment:create_environment_scripts_only(so101_moveit_config)
[0.436s] Level 1:colcon.colcon_core.environment:checking '/home/shourya007/hackathon_ws/install/so101_moveit_config' for CMake module files
[0.437s] DEBUG:colcon.colcon_core.event_handler.log_command:Invoked command in '/home/shourya007/hackathon_ws/build/so101_moveit_config' returned '0': CMAKE_PREFIX_PATH=/home/shourya007/hackathon_ws/install/so101_description:/home/shourya007/hackathon_ws/install/so101_gazebo:/home/shourya007/hackathon_ws/install/so101_moveit_config:/home/shourya007/ros2_ws/install/unique_status:/home/shourya007/ros2_ws/install/simple_robot:/home/shourya007/ros2_ws/install/service_action_lab:/opt/ros/humble /usr/bin/cmake --install /home/shourya007/hackathon_ws/build/so101_moveit_config
[0.437s] Level 1:colcon.colcon_core.environment:checking '/home/shourya007/hackathon_ws/install/so101_moveit_config' for CMake config files
[0.437s] Level 1:colcon.colcon_core.shell:create_environment_hook('so101_moveit_config', 'cmake_prefix_path')
[0.438s] INFO:colcon.colcon_core.shell:Creating environment hook '/home/shourya007/hackathon_ws/install/so101_moveit_config/share/so101_moveit_config/hook/cmake_prefix_path.ps1'
[0.438s] INFO:colcon.colcon_core.shell:Creating environment descriptor '/home/shourya007/hackathon_ws/install/so101_moveit_config/share/so101_moveit_config/hook/cmake_prefix_path.dsv'
[0.439s] INFO:colcon.colcon_core.shell:Creating environment hook '/home/shourya007/hackathon_ws/install/so101_moveit_config/share/so101_moveit_config/hook/cmake_prefix_path.sh'
[0.439s] Level 1:colcon.colcon_core.environment:checking '/home/shourya007/hackathon_ws/install/so101_moveit_config/bin'
[0.439s] Level 1:colcon.colcon_core.environment:checking '/home/shourya007/hackathon_ws/install/so101_moveit_config/lib/pkgconfig/so101_moveit_config.pc'
[0.439s] Level 1:colcon.colcon_core.environment:checking '/home/shourya007/hackathon_ws/install/so101_moveit_config/lib/python3.10/site-packages'
[0.440s] Level 1:colcon.colcon_core.environment:checking '/home/shourya007/hackathon_ws/install/so101_moveit_config/bin'
[0.440s] INFO:colcon.colcon_core.shell:Creating package script '/home/shourya007/hackathon_ws/install/so101_moveit_config/share/so101_moveit_config/package.ps1'
[0.440s] INFO:colcon.colcon_core.shell:Creating package descriptor '/home/shourya007/hackathon_ws/install/so101_moveit_config/share/so101_moveit_config/package.dsv'
[0.441s] INFO:colcon.colcon_core.shell:Creating package script '/home/shourya007/hackathon_ws/install/so101_moveit_config/share/so101_moveit_config/package.sh'
[0.441s] INFO:colcon.colcon_core.shell:Creating package script '/home/shourya007/hackathon_ws/install/so101_moveit_config/share/so101_moveit_config/package.bash'
[0.441s] INFO:colcon.colcon_core.shell:Creating package script '/home/shourya007/hackathon_ws/install/so101_moveit_config/share/so101_moveit_config/package.zsh'
[0.442s] Level 1:colcon.colcon_core.environment:create_file_with_runtime_dependencies(/home/shourya007/hackathon_ws/install/so101_moveit_config/share/colcon-core/packages/so101_moveit_config)
[0.442s] Level 1:colcon.colcon_core.environment:create_environment_scripts_only(so101_moveit_config)
[0.442s] Level 1:colcon.colcon_core.environment:checking '/home/shourya007/hackathon_ws/install/so101_moveit_config' for CMake module files
[0.443s] Level 1:colcon.colcon_core.environment:checking '/home/shourya007/hackathon_ws/install/so101_moveit_config' for CMake config files
[0.443s] Level 1:colcon.colcon_core.shell:create_environment_hook('so101_moveit_config', 'cmake_prefix_path')
[0.443s] INFO:colcon.colcon_core.shell:Creating environment hook '/home/shourya007/hackathon_ws/install/so101_moveit_config/share/so101_moveit_config/hook/cmake_prefix_path.ps1'
[0.444s] INFO:colcon.colcon_core.shell:Creating environment descriptor '/home/shourya007/hackathon_ws/install/so101_moveit_config/share/so101_moveit_config/hook/cmake_prefix_path.dsv'
[0.444s] INFO:colcon.colcon_core.shell:Creating environment hook '/home/shourya007/hackathon_ws/install/so101_moveit_config/share/so101_moveit_config/hook/cmake_prefix_path.sh'
[0.444s] Level 1:colcon.colcon_core.environment:checking '/home/shourya007/hackathon_ws/install/so101_moveit_config/bin'
[0.444s] Level 1:colcon.colcon_core.environment:checking '/home/shourya007/hackathon_ws/install/so101_moveit_config/lib/pkgconfig/so101_moveit_config.pc'
[0.445s] Level 1:colcon.colcon_core.environment:checking '/home/shourya007/hackathon_ws/install/so101_moveit_config/lib/python3.10/site-packages'
[0.445s] Level 1:colcon.colcon_core.environment:checking '/home/shourya007/hackathon_ws/install/so101_moveit_config/bin'
[0.445s] INFO:colcon.colcon_core.shell:Creating package script '/home/shourya007/hackathon_ws/install/so101_moveit_config/share/so101_moveit_config/package.ps1'
[0.445s] INFO:colcon.colcon_core.shell:Creating package descriptor '/home/shourya007/hackathon_ws/install/so101_moveit_config/share/so101_moveit_config/package.dsv'
[0.446s] INFO:colcon.colcon_core.shell:Creating package script '/home/shourya007/hackathon_ws/install/so101_moveit_config/share/so101_moveit_config/package.sh'
[0.446s] INFO:colcon.colcon_core.shell:Creating package script '/home/shourya007/hackathon_ws/install/so101_moveit_config/share/so101_moveit_config/package.bash'
[0.447s] INFO:colcon.colcon_core.shell:Creating package script '/home/shourya007/hackathon_ws/install/so101_moveit_config/share/so101_moveit_config/package.zsh'
[0.447s] Level 1:colcon.colcon_core.environment:create_file_with_runtime_dependencies(/home/shourya007/hackathon_ws/install/so101_moveit_config/share/colcon-core/packages/so101_moveit_config)
[0.447s] INFO:colcon.colcon_ros.task.ament_cmake.build:Building ROS package in '/home/shourya007/hackathon_ws/src/so101_gazebo' with build type 'ament_cmake'
[0.447s] INFO:colcon.colcon_cmake.task.cmake.build:Building CMake package in '/home/shourya007/hackathon_ws/src/so101_gazebo'
[0.448s] INFO:colcon.colcon_core.shell:Skip shell extension 'powershell' for command environment: Not usable outside of PowerShell
[0.448s] DEBUG:colcon.colcon_core.shell:Skip shell extension 'dsv' for command environment
[0.457s] DEBUG:colcon.colcon_core.event_handler.log_command:Invoking command in '/home/shourya007/hackathon_ws/build/so101_gazebo': CMAKE_PREFIX_PATH=/home/shourya007/hackathon_ws/install/so101_moveit_config:/home/shourya007/hackathon_ws/install/so101_description:/home/shourya007/hackathon_ws/install/so101_gazebo:/home/shourya007/ros2_ws/install/unique_status:/home/shourya007/ros2_ws/install/simple_robot:/home/shourya007/ros2_ws/install/service_action_lab:/opt/ros/humble /usr/bin/cmake --build /home/shourya007/hackathon_ws/build/so101_gazebo -- -j16 -l16
[0.497s] DEBUG:colcon.colcon_core.event_handler.log_command:Invoked command in '/home/shourya007/hackathon_ws/build/so101_gazebo' returned '0': CMAKE_PREFIX_PATH=/home/shourya007/hackathon_ws/install/so101_moveit_config:/home/shourya007/hackathon_ws/install/so101_description:/home/shourya007/hackathon_ws/install/so101_gazebo:/home/shourya007/ros2_ws/install/unique_status:/home/shourya007/ros2_ws/install/simple_robot:/home/shourya007/ros2_ws/install/service_action_lab:/opt/ros/humble /usr/bin/cmake --build /home/shourya007/hackathon_ws/build/so101_gazebo -- -j16 -l16
[0.499s] DEBUG:colcon.colcon_core.event_handler.log_command:Invoking command in '/home/shourya007/hackathon_ws/build/so101_gazebo': CMAKE_PREFIX_PATH=/home/shourya007/hackathon_ws/install/so101_moveit_config:/home/shourya007/hackathon_ws/install/so101_description:/home/shourya007/hackathon_ws/install/so101_gazebo:/home/shourya007/ros2_ws/install/unique_status:/home/shourya007/ros2_ws/install/simple_robot:/home/shourya007/ros2_ws/install/service_action_lab:/opt/ros/humble /usr/bin/cmake --install /home/shourya007/hackathon_ws/build/so101_gazebo
[0.529s] Level 1:colcon.colcon_core.environment:create_environment_scripts_only(so101_gazebo)
[0.529s] Level 1:colcon.colcon_core.environment:checking '/home/shourya007/hackathon_ws/install/so101_gazebo' for CMake module files
[0.530s] DEBUG:colcon.colcon_core.event_handler.log_command:Invoked command in '/home/shourya007/hackathon_ws/build/so101_gazebo' returned '0': CMAKE_PREFIX_PATH=/home/shourya007/hackathon_ws/install/so101_moveit_config:/home/shourya007/hackathon_ws/install/so101_description:/home/shourya007/hackathon_ws/install/so101_gazebo:/home/shourya007/ros2_ws/install/unique_status:/home/shourya007/ros2_ws/install/simple_robot:/home/shourya007/ros2_ws/install/service_action_lab:/opt/ros/humble /usr/bin/cmake --install /home/shourya007/hackathon_ws/build/so101_gazebo
[0.530s] Level 1:colcon.colcon_core.environment:checking '/home/shourya007/hackathon_ws/install/so101_gazebo' for CMake config files
[0.530s] Level 1:colcon.colcon_core.shell:create_environment_hook('so101_gazebo', 'cmake_prefix_path')
[0.531s] INFO:colcon.colcon_core.shell:Creating environment hook '/home/shourya007/hackathon_ws/install/so101_gazebo/share/so101_gazebo/hook/cmake_prefix_path.ps1'
[0.531s] INFO:colcon.colcon_core.shell:Creating environment descriptor '/home/shourya007/hackathon_ws/install/so101_gazebo/share/so101_gazebo/hook/cmake_prefix_path.dsv'
[0.531s] INFO:colcon.colcon_core.shell:Creating environment hook '/home/shourya007/hackathon_ws/install/so101_gazebo/share/so101_gazebo/hook/cmake_prefix_path.sh'
[0.532s] Level 1:colcon.colcon_core.environment:checking '/home/shourya007/hackathon_ws/install/so101_gazebo/lib'
[0.532s] Level 1:colcon.colcon_core.environment:checking '/home/shourya007/hackathon_ws/install/so101_gazebo/bin'
[0.532s] Level 1:colcon.colcon_core.environment:checking '/home/shourya007/hackathon_ws/install/so101_gazebo/lib/pkgconfig/so101_gazebo.pc'
[0.532s] Level 1:colcon.colcon_core.environment:checking '/home/shourya007/hackathon_ws/install/so101_gazebo/lib/python3.10/site-packages'
[0.532s] Level 1:colcon.colcon_core.shell:create_environment_hook('so101_gazebo', 'pythonpath')
[0.533s] INFO:colcon.colcon_core.shell:Creating environment hook '/home/shourya007/hackathon_ws/install/so101_gazebo/share/so101_gazebo/hook/pythonpath.ps1'
[0.533s] INFO:colcon.colcon_core.shell:Creating environment descriptor '/home/shourya007/hackathon_ws/install/so101_gazebo/share/so101_gazebo/hook/pythonpath.dsv'
[0.533s] INFO:colcon.colcon_core.shell:Creating environment hook '/home/shourya007/hackathon_ws/install/so101_gazebo/share/so101_gazebo/hook/pythonpath.sh'
[0.534s] Level 1:colcon.colcon_core.environment:checking '/home/shourya007/hackathon_ws/install/so101_gazebo/bin'
[0.534s] INFO:colcon.colcon_core.shell:Creating package script '/home/shourya007/hackathon_ws/install/so101_gazebo/share/so101_gazebo/package.ps1'
[0.534s] INFO:colcon.colcon_core.shell:Creating package descriptor '/home/shourya007/hackathon_ws/install/so101_gazebo/share/so101_gazebo/package.dsv'
[0.535s] INFO:colcon.colcon_core.shell:Creating package script '/home/shourya007/hackathon_ws/install/so101_gazebo/share/so101_gazebo/package.sh'
[0.535s] INFO:colcon.colcon_core.shell:Creating package script '/home/shourya007/hackathon_ws/install/so101_gazebo/share/so101_gazebo/package.bash'
[0.535s] INFO:colcon.colcon_core.shell:Creating package script '/home/shourya007/hackathon_ws/install/so101_gazebo/share/so101_gazebo/package.zsh'
[0.536s] Level 1:colcon.colcon_core.environment:create_file_with_runtime_dependencies(/home/shourya007/hackathon_ws/install/so101_gazebo/share/colcon-core/packages/so101_gazebo)
[0.536s] Level 1:colcon.colcon_core.environment:create_environment_scripts_only(so101_gazebo)
[0.536s] Level 1:colcon.colcon_core.environment:checking '/home/shourya007/hackathon_ws/install/so101_gazebo' for CMake module files
[0.537s] Level 1:colcon.colcon_core.environment:checking '/home/shourya007/hackathon_ws/install/so101_gazebo' for CMake config files
[0.537s] Level 1:colcon.colcon_core.shell:create_environment_hook('so101_gazebo', 'cmake_prefix_path')
[0.537s] INFO:colcon.colcon_core.shell:Creating environment hook '/home/shourya007/hackathon_ws/install/so101_gazebo/share/so101_gazebo/hook/cmake_prefix_path.ps1'
[0.538s] INFO:colcon.colcon_core.shell:Creating environment descriptor '/home/shourya007/hackathon_ws/install/so101_gazebo/share/so101_gazebo/hook/cmake_prefix_path.dsv'
[0.538s] INFO:colcon.colcon_core.shell:Creating environment hook '/home/shourya007/hackathon_ws/install/so101_gazebo/share/so101_gazebo/hook/cmake_prefix_path.sh'
[0.538s] Level 1:colcon.colcon_core.environment:checking '/home/shourya007/hackathon_ws/install/so101_gazebo/lib'
[0.538s] Level 1:colcon.colcon_core.environment:checking '/home/shourya007/hackathon_ws/install/so101_gazebo/bin'
[0.538s] Level 1:colcon.colcon_core.environment:checking '/home/shourya007/hackathon_ws/install/so101_gazebo/lib/pkgconfig/so101_gazebo.pc'
[0.538s] Level 1:colcon.colcon_core.environment:checking '/home/shourya007/hackathon_ws/install/so101_gazebo/lib/python3.10/site-packages'
[0.539s] Level 1:colcon.colcon_core.shell:create_environment_hook('so101_gazebo', 'pythonpath')
[0.539s] INFO:colcon.colcon_core.shell:Creating environment hook '/home/shourya007/hackathon_ws/install/so101_gazebo/share/so101_gazebo/hook/pythonpath.ps1'
[0.539s] INFO:colcon.colcon_core.shell:Creating environment descriptor '/home/shourya007/hackathon_ws/install/so101_gazebo/share/so101_gazebo/hook/pythonpath.dsv'
[0.539s] INFO:colcon.colcon_core.shell:Creating environment hook '/home/shourya007/hackathon_ws/install/so101_gazebo/share/so101_gazebo/hook/pythonpath.sh'
[0.540s] Level 1:colcon.colcon_core.environment:checking '/home/shourya007/hackathon_ws/install/so101_gazebo/bin'
[0.540s] INFO:colcon.colcon_core.shell:Creating package script '/home/shourya007/hackathon_ws/install/so101_gazebo/share/so101_gazebo/package.ps1'
[0.540s] INFO:colcon.colcon_core.shell:Creating package descriptor '/home/shourya007/hackathon_ws/install/so101_gazebo/share/so101_gazebo/package.dsv'
[0.541s] INFO:colcon.colcon_core.shell:Creating package script '/home/shourya007/hackathon_ws/install/so101_gazebo/share/so101_gazebo/package.sh'
[0.541s] INFO:colcon.colcon_core.shell:Creating package script '/home/shourya007/hackathon_ws/install/so101_gazebo/share/so101_gazebo/package.bash'
[0.541s] INFO:colcon.colcon_core.shell:Creating package script '/home/shourya007/hackathon_ws/install/so101_gazebo/share/so101_gazebo/package.zsh'
[0.542s] Level 1:colcon.colcon_core.environment:create_file_with_runtime_dependencies(/home/shourya007/hackathon_ws/install/so101_gazebo/share/colcon-core/packages/so101_gazebo)
[0.542s] DEBUG:colcon.colcon_parallel_executor.executor.parallel:closing loop
[0.543s] DEBUG:colcon.colcon_parallel_executor.executor.parallel:loop closed
[0.543s] DEBUG:colcon.colcon_parallel_executor.executor.parallel:run_until_complete finished with '0'
[0.543s] DEBUG:colcon.colcon_core.event_reactor:joining thread
[0.547s] INFO:colcon.colcon_core.plugin_system:Skipping extension 'colcon_notification.desktop_notification.terminal_notifier': Not used on non-Darwin systems
[0.547s] INFO:colcon.colcon_core.plugin_system:Skipping extension 'colcon_notification.desktop_notification.win32': Not used on non-Windows systems
[0.547s] INFO:colcon.colcon_notification.desktop_notification:Sending desktop notification using 'notify2'
[0.556s] DEBUG:colcon.colcon_core.event_reactor:joined thread
[0.557s] INFO:colcon.colcon_core.shell:Creating prefix script '/home/shourya007/hackathon_ws/install/local_setup.ps1'
[0.558s] INFO:colcon.colcon_core.shell:Creating prefix util module '/home/shourya007/hackathon_ws/install/_local_setup_util_ps1.py'
[0.559s] INFO:colcon.colcon_core.shell:Creating prefix chain script '/home/shourya007/hackathon_ws/install/setup.ps1'
[0.560s] INFO:colcon.colcon_core.shell:Creating prefix script '/home/shourya007/hackathon_ws/install/local_setup.sh'
[0.560s] INFO:colcon.colcon_core.shell:Creating prefix util module '/home/shourya007/hackathon_ws/install/_local_setup_util_sh.py'
[0.561s] INFO:colcon.colcon_core.shell:Creating prefix chain script '/home/shourya007/hackathon_ws/install/setup.sh'
[0.562s] INFO:colcon.colcon_core.shell:Creating prefix script '/home/shourya007/hackathon_ws/install/local_setup.bash'
[0.562s] INFO:colcon.colcon_core.shell:Creating prefix chain script '/home/shourya007/hackathon_ws/install/setup.bash'
[0.563s] INFO:colcon.colcon_core.shell:Creating prefix script '/home/shourya007/hackathon_ws/install/local_setup.zsh'
[0.563s] INFO:colcon.colcon_core.shell:Creating prefix chain script '/home/shourya007/hackathon_ws/install/setup.zsh'
