[0.073s] DEBUG:colcon:Command line arguments: ['/usr/bin/colcon', 'build', '--symlink-install']
[0.074s] DEBUG:colcon:Parsed command line arguments: Namespace(log_base=None, log_level=None, verb_name='build', build_base='build', install_base='install', merge_install=False, symlink_install=True, test_result_base=None, continue_on_error=False, executor='parallel', parallel_workers=16, event_handlers=None, ignore_user_meta=False, metas=['./colcon.meta'], base_paths=['.'], packages_ignore=None, packages_ignore_regex=None, paths=None, packages_up_to=None, packages_up_to_regex=None, packages_above=None, packages_above_and_dependencies=None, packages_above_depth=None, packages_select_by_dep=None, packages_skip_by_dep=None, packages_skip_up_to=None, packages_select_build_failed=False, packages_skip_build_finished=False, packages_select_test_failures=False, packages_skip_test_passed=False, packages_select=None, packages_skip=None, packages_select_regex=None, packages_skip_regex=None, packages_start=None, packages_end=None, allow_overriding=[], cmake_args=None, cmake_target=None, cmake_target_skip_unavailable=False, cmake_clean_cache=False, cmake_clean_first=False, cmake_force_configure=False, ament_cmake_args=None, catkin_cmake_args=None, catkin_skip_building_tests=False, verb_parser=<colcon_defaults.argument_parser.defaults.DefaultArgumentsDecorator object at 0x72da826652d0>, verb_extension=<colcon_core.verb.build.BuildVerb object at 0x72da827d68f0>, main=<bound method BuildVerb.main of <colcon_core.verb.build.BuildVerb object at 0x72da827d68f0>>)
[0.186s] Level 1:colcon.colcon_core.package_discovery:discover_packages(colcon_meta) check parameters
[0.186s] Level 1:colcon.colcon_core.package_discovery:discover_packages(recursive) check parameters
[0.186s] Level 1:colcon.colcon_core.package_discovery:discover_packages(ignore) check parameters
[0.186s] Level 1:colcon.colcon_core.package_discovery:discover_packages(path) check parameters
[0.186s] Level 1:colcon.colcon_core.package_discovery:discover_packages(colcon_meta) discover
[0.186s] Level 1:colcon.colcon_core.package_discovery:discover_packages(recursive) discover
[0.187s] INFO:colcon.colcon_core.package_discovery:Crawling recursively for packages in '/home/shourya007/hackathon_ws'
[0.187s] Level 1:colcon.colcon_core.package_identification:_identify(.) by extensions ['ignore', 'ignore_ament_install']
[0.187s] Level 1:colcon.colcon_core.package_identification:_identify(.) by extension 'ignore'
[0.187s] Level 1:colcon.colcon_core.package_identification:_identify(.) by extension 'ignore_ament_install'
[0.187s] Level 1:colcon.colcon_core.package_identification:_identify(.) by extensions ['colcon_pkg']
[0.187s] Level 1:colcon.colcon_core.package_identification:_identify(.) by extension 'colcon_pkg'
[0.187s] Level 1:colcon.colcon_core.package_identification:_identify(.) by extensions ['colcon_meta']
[0.187s] Level 1:colcon.colcon_core.package_identification:_identify(.) by extension 'colcon_meta'
[0.187s] Level 1:colcon.colcon_core.package_identification:_identify(.) by extensions ['ros']
[0.187s] Level 1:colcon.colcon_core.package_identification:_identify(.) by extension 'ros'
[0.194s] Level 1:colcon.colcon_core.package_identification:_identify(.) by extensions ['cmake', 'python']
[0.194s] Level 1:colcon.colcon_core.package_identification:_identify(.) by extension 'cmake'
[0.194s] Level 1:colcon.colcon_core.package_identification:_identify(.) by extension 'python'
[0.194s] Level 1:colcon.colcon_core.package_identification:_identify(.) by extensions ['python_setup_py']
[0.194s] Level 1:colcon.colcon_core.package_identification:_identify(.) by extension 'python_setup_py'
[0.194s] Level 1:colcon.colcon_core.package_identification:_identify(build) by extensions ['ignore', 'ignore_ament_install']
[0.195s] Level 1:colcon.colcon_core.package_identification:_identify(build) by extension 'ignore'
[0.195s] Level 1:colcon.colcon_core.package_identification:_identify(build) ignored
[0.195s] Level 1:colcon.colcon_core.package_identification:_identify(install) by extensions ['ignore', 'ignore_ament_install']
[0.195s] Level 1:colcon.colcon_core.package_identification:_identify(install) by extension 'ignore'
[0.195s] Level 1:colcon.colcon_core.package_identification:_identify(install) ignored
[0.195s] Level 1:colcon.colcon_core.package_identification:_identify(log) by extensions ['ignore', 'ignore_ament_install']
[0.195s] Level 1:colcon.colcon_core.package_identification:_identify(log) by extension 'ignore'
[0.195s] Level 1:colcon.colcon_core.package_identification:_identify(log) ignored
[0.195s] Level 1:colcon.colcon_core.package_identification:_identify(src) by extensions ['ignore', 'ignore_ament_install']
[0.195s] Level 1:colcon.colcon_core.package_identification:_identify(src) by extension 'ignore'
[0.195s] Level 1:colcon.colcon_core.package_identification:_identify(src) by extension 'ignore_ament_install'
[0.195s] Level 1:colcon.colcon_core.package_identification:_identify(src) by extensions ['colcon_pkg']
[0.195s] Level 1:colcon.colcon_core.package_identification:_identify(src) by extension 'colcon_pkg'
[0.195s] Level 1:colcon.colcon_core.package_identification:_identify(src) by extensions ['colcon_meta']
[0.195s] Level 1:colcon.colcon_core.package_identification:_identify(src) by extension 'colcon_meta'
[0.195s] Level 1:colcon.colcon_core.package_identification:_identify(src) by extensions ['ros']
[0.195s] Level 1:colcon.colcon_core.package_identification:_identify(src) by extension 'ros'
[0.195s] Level 1:colcon.colcon_core.package_identification:_identify(src) by extensions ['cmake', 'python']
[0.195s] Level 1:colcon.colcon_core.package_identification:_identify(src) by extension 'cmake'
[0.195s] Level 1:colcon.colcon_core.package_identification:_identify(src) by extension 'python'
[0.195s] Level 1:colcon.colcon_core.package_identification:_identify(src) by extensions ['python_setup_py']
[0.195s] Level 1:colcon.colcon_core.package_identification:_identify(src) by extension 'python_setup_py'
[0.195s] Level 1:colcon.colcon_core.package_identification:_identify(src/so101_description) by extensions ['ignore', 'ignore_ament_install']
[0.195s] Level 1:colcon.colcon_core.package_identification:_identify(src/so101_description) by extension 'ignore'
[0.195s] Level 1:colcon.colcon_core.package_identification:_identify(src/so101_description) by extension 'ignore_ament_install'
[0.196s] Level 1:colcon.colcon_core.package_identification:_identify(src/so101_description) by extensions ['colcon_pkg']
[0.196s] Level 1:colcon.colcon_core.package_identification:_identify(src/so101_description) by extension 'colcon_pkg'
[0.196s] Level 1:colcon.colcon_core.package_identification:_identify(src/so101_description) by extensions ['colcon_meta']
[0.196s] Level 1:colcon.colcon_core.package_identification:_identify(src/so101_description) by extension 'colcon_meta'
[0.196s] Level 1:colcon.colcon_core.package_identification:_identify(src/so101_description) by extensions ['ros']
[0.196s] Level 1:colcon.colcon_core.package_identification:_identify(src/so101_description) by extension 'ros'
[0.197s] DEBUG:colcon.colcon_core.package_identification:Package 'src/so101_description' with type 'ros.ament_cmake' and name 'so101_description'
[0.197s] Level 1:colcon.colcon_core.package_identification:_identify(src/so101_gazebo) by extensions ['ignore', 'ignore_ament_install']
[0.197s] Level 1:colcon.colcon_core.package_identification:_identify(src/so101_gazebo) by extension 'ignore'
[0.197s] Level 1:colcon.colcon_core.package_identification:_identify(src/so101_gazebo) by extension 'ignore_ament_install'
[0.197s] Level 1:colcon.colcon_core.package_identification:_identify(src/so101_gazebo) by extensions ['colcon_pkg']
[0.197s] Level 1:colcon.colcon_core.package_identification:_identify(src/so101_gazebo) by extension 'colcon_pkg'
[0.197s] Level 1:colcon.colcon_core.package_identification:_identify(src/so101_gazebo) by extensions ['colcon_meta']
[0.197s] Level 1:colcon.colcon_core.package_identification:_identify(src/so101_gazebo) by extension 'colcon_meta'
[0.197s] Level 1:colcon.colcon_core.package_identification:_identify(src/so101_gazebo) by extensions ['ros']
[0.197s] Level 1:colcon.colcon_core.package_identification:_identify(src/so101_gazebo) by extension 'ros'
[0.198s] DEBUG:colcon.colcon_core.package_identification:Package 'src/so101_gazebo' with type 'ros.ament_python' and name 'so101_gazebo'
[0.198s] Level 1:colcon.colcon_core.package_identification:_identify(src/so101_moveit_config) by extensions ['ignore', 'ignore_ament_install']
[0.198s] Level 1:colcon.colcon_core.package_identification:_identify(src/so101_moveit_config) by extension 'ignore'
[0.198s] Level 1:colcon.colcon_core.package_identification:_identify(src/so101_moveit_config) by extension 'ignore_ament_install'
[0.198s] Level 1:colcon.colcon_core.package_identification:_identify(src/so101_moveit_config) by extensions ['colcon_pkg']
[0.198s] Level 1:colcon.colcon_core.package_identification:_identify(src/so101_moveit_config) by extension 'colcon_pkg'
[0.198s] Level 1:colcon.colcon_core.package_identification:_identify(src/so101_moveit_config) by extensions ['colcon_meta']
[0.198s] Level 1:colcon.colcon_core.package_identification:_identify(src/so101_moveit_config) by extension 'colcon_meta'
[0.198s] Level 1:colcon.colcon_core.package_identification:_identify(src/so101_moveit_config) by extensions ['ros']
[0.198s] Level 1:colcon.colcon_core.package_identification:_identify(src/so101_moveit_config) by extension 'ros'
[0.199s] DEBUG:colcon.colcon_core.package_identification:Package 'src/so101_moveit_config' with type 'ros.ament_cmake' and name 'so101_moveit_config'
[0.199s] Level 1:colcon.colcon_core.package_discovery:discover_packages(recursive) using defaults
[0.199s] Level 1:colcon.colcon_core.package_discovery:discover_packages(ignore) discover
[0.199s] Level 1:colcon.colcon_core.package_discovery:discover_packages(ignore) using defaults
[0.199s] Level 1:colcon.colcon_core.package_discovery:discover_packages(path) discover
[0.199s] Level 1:colcon.colcon_core.package_discovery:discover_packages(path) using defaults
[0.214s] Level 1:colcon.colcon_core.package_discovery:discover_packages(prefix_path) check parameters
[0.214s] Level 1:colcon.colcon_core.package_discovery:discover_packages(prefix_path) discover
[0.214s] WARNING:colcon.colcon_ros.prefix_path.ament:The path '/home/shourya007/hackathon_ws/install/so101_moveit_config' in the environment variable AMENT_PREFIX_PATH doesn't exist
[0.214s] WARNING:colcon.colcon_ros.prefix_path.ament:The path '/home/shourya007/hackathon_ws/install/so101_gazebo' in the environment variable AMENT_PREFIX_PATH doesn't exist
[0.214s] WARNING:colcon.colcon_ros.prefix_path.catkin:The path '/home/shourya007/hackathon_ws/install/so101_moveit_config' in the environment variable CMAKE_PREFIX_PATH doesn't exist
[0.215s] DEBUG:colcon.colcon_installed_package_information.package_discovery:Found 0 installed packages in /home/shourya007/hackathon_ws/install
[0.215s] DEBUG:colcon.colcon_installed_package_information.package_discovery:Found 3 installed packages in /home/shourya007/ros2_ws/install
[0.216s] DEBUG:colcon.colcon_installed_package_information.package_discovery:Found 290 installed packages in /opt/ros/humble
[0.225s] Level 1:colcon.colcon_core.package_discovery:discover_packages(prefix_path) using defaults
[0.252s] Level 5:colcon.colcon_core.verb:set package 'so101_description' build argument 'cmake_args' from command line to 'None'
[0.252s] Level 5:colcon.colcon_core.verb:set package 'so101_description' build argument 'cmake_target' from command line to 'None'
[0.252s] Level 5:colcon.colcon_core.verb:set package 'so101_description' build argument 'cmake_target_skip_unavailable' from command line to 'False'
[0.252s] Level 5:colcon.colcon_core.verb:set package 'so101_description' build argument 'cmake_clean_cache' from command line to 'False'
[0.252s] Level 5:colcon.colcon_core.verb:set package 'so101_description' build argument 'cmake_clean_first' from command line to 'False'
[0.252s] Level 5:colcon.colcon_core.verb:set package 'so101_description' build argument 'cmake_force_configure' from command line to 'False'
[0.252s] Level 5:colcon.colcon_core.verb:set package 'so101_description' build argument 'ament_cmake_args' from command line to 'None'
[0.252s] Level 5:colcon.colcon_core.verb:set package 'so101_description' build argument 'catkin_cmake_args' from command line to 'None'
[0.252s] Level 5:colcon.colcon_core.verb:set package 'so101_description' build argument 'catkin_skip_building_tests' from command line to 'False'
[0.252s] DEBUG:colcon.colcon_core.verb:Building package 'so101_description' with the following arguments: {'ament_cmake_args': None, 'build_base': '/home/shourya007/hackathon_ws/build/so101_description', 'catkin_cmake_args': None, 'catkin_skip_building_tests': False, 'cmake_args': None, 'cmake_clean_cache': False, 'cmake_clean_first': False, 'cmake_force_configure': False, 'cmake_target': None, 'cmake_target_skip_unavailable': False, 'install_base': '/home/shourya007/hackathon_ws/install/so101_description', 'merge_install': False, 'path': '/home/shourya007/hackathon_ws/src/so101_description', 'symlink_install': True, 'test_result_base': None}
[0.252s] Level 5:colcon.colcon_core.verb:set package 'so101_gazebo' build argument 'cmake_args' from command line to 'None'
[0.252s] Level 5:colcon.colcon_core.verb:set package 'so101_gazebo' build argument 'cmake_target' from command line to 'None'
[0.252s] Level 5:colcon.colcon_core.verb:set package 'so101_gazebo' build argument 'cmake_target_skip_unavailable' from command line to 'False'
[0.252s] Level 5:colcon.colcon_core.verb:set package 'so101_gazebo' build argument 'cmake_clean_cache' from command line to 'False'
[0.252s] Level 5:colcon.colcon_core.verb:set package 'so101_gazebo' build argument 'cmake_clean_first' from command line to 'False'
[0.252s] Level 5:colcon.colcon_core.verb:set package 'so101_gazebo' build argument 'cmake_force_configure' from command line to 'False'
[0.252s] Level 5:colcon.colcon_core.verb:set package 'so101_gazebo' build argument 'ament_cmake_args' from command line to 'None'
[0.252s] Level 5:colcon.colcon_core.verb:set package 'so101_gazebo' build argument 'catkin_cmake_args' from command line to 'None'
[0.252s] Level 5:colcon.colcon_core.verb:set package 'so101_gazebo' build argument 'catkin_skip_building_tests' from command line to 'False'
[0.252s] DEBUG:colcon.colcon_core.verb:Building package 'so101_gazebo' with the following arguments: {'ament_cmake_args': None, 'build_base': '/home/shourya007/hackathon_ws/build/so101_gazebo', 'catkin_cmake_args': None, 'catkin_skip_building_tests': False, 'cmake_args': None, 'cmake_clean_cache': False, 'cmake_clean_first': False, 'cmake_force_configure': False, 'cmake_target': None, 'cmake_target_skip_unavailable': False, 'install_base': '/home/shourya007/hackathon_ws/install/so101_gazebo', 'merge_install': False, 'path': '/home/shourya007/hackathon_ws/src/so101_gazebo', 'symlink_install': True, 'test_result_base': None}
[0.252s] Level 5:colcon.colcon_core.verb:set package 'so101_moveit_config' build argument 'cmake_args' from command line to 'None'
[0.252s] Level 5:colcon.colcon_core.verb:set package 'so101_moveit_config' build argument 'cmake_target' from command line to 'None'
[0.252s] Level 5:colcon.colcon_core.verb:set package 'so101_moveit_config' build argument 'cmake_target_skip_unavailable' from command line to 'False'
[0.252s] Level 5:colcon.colcon_core.verb:set package 'so101_moveit_config' build argument 'cmake_clean_cache' from command line to 'False'
[0.252s] Level 5:colcon.colcon_core.verb:set package 'so101_moveit_config' build argument 'cmake_clean_first' from command line to 'False'
[0.252s] Level 5:colcon.colcon_core.verb:set package 'so101_moveit_config' build argument 'cmake_force_configure' from command line to 'False'
[0.252s] Level 5:colcon.colcon_core.verb:set package 'so101_moveit_config' build argument 'ament_cmake_args' from command line to 'None'
[0.252s] Level 5:colcon.colcon_core.verb:set package 'so101_moveit_config' build argument 'catkin_cmake_args' from command line to 'None'
[0.252s] Level 5:colcon.colcon_core.verb:set package 'so101_moveit_config' build argument 'catkin_skip_building_tests' from command line to 'False'
[0.252s] DEBUG:colcon.colcon_core.verb:Building package 'so101_moveit_config' with the following arguments: {'ament_cmake_args': None, 'build_base': '/home/shourya007/hackathon_ws/build/so101_moveit_config', 'catkin_cmake_args': None, 'catkin_skip_building_tests': False, 'cmake_args': None, 'cmake_clean_cache': False, 'cmake_clean_first': False, 'cmake_force_configure': False, 'cmake_target': None, 'cmake_target_skip_unavailable': False, 'install_base': '/home/shourya007/hackathon_ws/install/so101_moveit_config', 'merge_install': False, 'path': '/home/shourya007/hackathon_ws/src/so101_moveit_config', 'symlink_install': True, 'test_result_base': None}
[0.253s] INFO:colcon.colcon_core.executor:Executing jobs using 'parallel' executor
[0.253s] DEBUG:colcon.colcon_parallel_executor.executor.parallel:run_until_complete
[0.253s] INFO:colcon.colcon_ros.task.ament_cmake.build:Building ROS package in '/home/shourya007/hackathon_ws/src/so101_description' with build type 'ament_cmake'
[0.254s] INFO:colcon.colcon_cmake.task.cmake.build:Building CMake package in '/home/shourya007/hackathon_ws/src/so101_description'
[0.255s] INFO:colcon.colcon_core.plugin_system:Skipping extension 'colcon_core.shell.bat': Not used on non-Windows systems
[0.255s] INFO:colcon.colcon_core.shell:Skip shell extension 'powershell' for command environment: Not usable outside of PowerShell
[0.255s] DEBUG:colcon.colcon_core.shell:Skip shell extension 'dsv' for command environment
[0.258s] INFO:colcon.colcon_ros.task.ament_python.build:Building ROS package in '/home/shourya007/hackathon_ws/src/so101_gazebo' with build type 'ament_python'
[0.258s] Level 1:colcon.colcon_core.shell:create_environment_hook('so101_gazebo', 'ament_prefix_path')
[0.258s] INFO:colcon.colcon_core.shell:Creating environment hook '/home/shourya007/hackathon_ws/install/so101_gazebo/share/so101_gazebo/hook/ament_prefix_path.ps1'
[0.259s] INFO:colcon.colcon_core.shell:Creating environment descriptor '/home/shourya007/hackathon_ws/install/so101_gazebo/share/so101_gazebo/hook/ament_prefix_path.dsv'
[0.259s] INFO:colcon.colcon_core.shell:Creating environment hook '/home/shourya007/hackathon_ws/install/so101_gazebo/share/so101_gazebo/hook/ament_prefix_path.sh'
[0.260s] INFO:colcon.colcon_core.shell:Skip shell extension 'powershell' for command environment: Not usable outside of PowerShell
[0.260s] DEBUG:colcon.colcon_core.shell:Skip shell extension 'dsv' for command environment
[0.265s] DEBUG:colcon.colcon_core.event_handler.log_command:Invoking command in '/home/shourya007/hackathon_ws/build/so101_description': CMAKE_PREFIX_PATH=${CMAKE_PREFIX_PATH}:/home/shourya007/hackathon_ws/install/so101_gazebo:/home/shourya007/ros2_ws/install/unique_status:/home/shourya007/ros2_ws/install/simple_robot:/home/shourya007/ros2_ws/install/service_action_lab:/opt/ros/humble /usr/bin/cmake /home/shourya007/hackathon_ws/src/so101_description -DAMENT_CMAKE_SYMLINK_INSTALL=1 -DCMAKE_INSTALL_PREFIX=/home/shourya007/hackathon_ws/install/so101_description
[0.466s] INFO:colcon.colcon_core.task.python.build:Building Python package in '/home/shourya007/hackathon_ws/src/so101_gazebo'
[0.466s] INFO:colcon.colcon_core.shell:Skip shell extension 'powershell' for command environment: Not usable outside of PowerShell
[0.467s] DEBUG:colcon.colcon_core.shell:Skip shell extension 'dsv' for command environment
[0.746s] DEBUG:colcon.colcon_core.event_handler.log_command:Invoking command in '/home/shourya007/hackathon_ws/build/so101_gazebo': PYTHONPATH=/home/shourya007/hackathon_ws/build/so101_gazebo/prefix_override:/usr/lib/python3/dist-packages/colcon_core/task/python/colcon_distutils_commands:/home/shourya007/hackathon_ws/install/so101_gazebo/lib/python3.10/site-packages:${PYTHONPATH} /usr/bin/python3 -W ignore:setup.py install is deprecated -W ignore:easy_install command is deprecated setup.py develop --editable --build-directory /home/shourya007/hackathon_ws/build/so101_gazebo/build --no-deps symlink_data
[0.813s] DEBUG:colcon.colcon_core.event_handler.log_command:Invoked command in '/home/shourya007/hackathon_ws/build/so101_description' returned '0': CMAKE_PREFIX_PATH=${CMAKE_PREFIX_PATH}:/home/shourya007/hackathon_ws/install/so101_gazebo:/home/shourya007/ros2_ws/install/unique_status:/home/shourya007/ros2_ws/install/simple_robot:/home/shourya007/ros2_ws/install/service_action_lab:/opt/ros/humble /usr/bin/cmake /home/shourya007/hackathon_ws/src/so101_description -DAMENT_CMAKE_SYMLINK_INSTALL=1 -DCMAKE_INSTALL_PREFIX=/home/shourya007/hackathon_ws/install/so101_description
[0.815s] DEBUG:colcon.colcon_core.event_handler.log_command:Invoking command in '/home/shourya007/hackathon_ws/build/so101_description': CMAKE_PREFIX_PATH=${CMAKE_PREFIX_PATH}:/home/shourya007/hackathon_ws/install/so101_gazebo:/home/shourya007/ros2_ws/install/unique_status:/home/shourya007/ros2_ws/install/simple_robot:/home/shourya007/ros2_ws/install/service_action_lab:/opt/ros/humble /usr/bin/cmake --build /home/shourya007/hackathon_ws/build/so101_description -- -j16 -l16
[0.855s] DEBUG:colcon.colcon_core.event_handler.log_command:Invoked command in '/home/shourya007/hackathon_ws/build/so101_description' returned '0': CMAKE_PREFIX_PATH=${CMAKE_PREFIX_PATH}:/home/shourya007/hackathon_ws/install/so101_gazebo:/home/shourya007/ros2_ws/install/unique_status:/home/shourya007/ros2_ws/install/simple_robot:/home/shourya007/ros2_ws/install/service_action_lab:/opt/ros/humble /usr/bin/cmake --build /home/shourya007/hackathon_ws/build/so101_description -- -j16 -l16
[0.866s] DEBUG:colcon.colcon_core.event_handler.log_command:Invoking command in '/home/shourya007/hackathon_ws/build/so101_description': CMAKE_PREFIX_PATH=${CMAKE_PREFIX_PATH}:/home/shourya007/hackathon_ws/install/so101_gazebo:/home/shourya007/ros2_ws/install/unique_status:/home/shourya007/ros2_ws/install/simple_robot:/home/shourya007/ros2_ws/install/service_action_lab:/opt/ros/humble /usr/bin/cmake --install /home/shourya007/hackathon_ws/build/so101_description
[1.119s] Level 1:colcon.colcon_core.shell:create_environment_hook('so101_gazebo', 'pythonpath_develop')
[1.119s] INFO:colcon.colcon_core.shell:Creating environment hook '/home/shourya007/hackathon_ws/build/so101_gazebo/share/so101_gazebo/hook/pythonpath_develop.ps1'
[1.120s] DEBUG:colcon.colcon_core.event_handler.log_command:Invoked command in '/home/shourya007/hackathon_ws/build/so101_gazebo' returned '0': PYTHONPATH=/home/shourya007/hackathon_ws/build/so101_gazebo/prefix_override:/usr/lib/python3/dist-packages/colcon_core/task/python/colcon_distutils_commands:/home/shourya007/hackathon_ws/install/so101_gazebo/lib/python3.10/site-packages:${PYTHONPATH} /usr/bin/python3 -W ignore:setup.py install is deprecated -W ignore:easy_install command is deprecated setup.py develop --editable --build-directory /home/shourya007/hackathon_ws/build/so101_gazebo/build --no-deps symlink_data
[1.120s] INFO:colcon.colcon_core.shell:Creating environment descriptor '/home/shourya007/hackathon_ws/build/so101_gazebo/share/so101_gazebo/hook/pythonpath_develop.dsv'
[1.120s] INFO:colcon.colcon_core.shell:Creating environment hook '/home/shourya007/hackathon_ws/build/so101_gazebo/share/so101_gazebo/hook/pythonpath_develop.sh'
[1.122s] Level 1:colcon.colcon_core.environment:checking '/home/shourya007/hackathon_ws/install/so101_gazebo' for CMake module files
[1.123s] Level 1:colcon.colcon_core.environment:checking '/home/shourya007/hackathon_ws/install/so101_gazebo' for CMake config files
[1.123s] Level 1:colcon.colcon_core.environment:checking '/home/shourya007/hackathon_ws/install/so101_gazebo/lib'
[1.123s] Level 1:colcon.colcon_core.environment:checking '/home/shourya007/hackathon_ws/install/so101_gazebo/bin'
[1.123s] Level 1:colcon.colcon_core.environment:checking '/home/shourya007/hackathon_ws/install/so101_gazebo/lib/pkgconfig/so101_gazebo.pc'
[1.124s] Level 1:colcon.colcon_core.environment:checking '/home/shourya007/hackathon_ws/install/so101_gazebo/lib/python3.10/site-packages'
[1.124s] Level 1:colcon.colcon_core.shell:create_environment_hook('so101_gazebo', 'pythonpath')
[1.124s] INFO:colcon.colcon_core.shell:Creating environment hook '/home/shourya007/hackathon_ws/install/so101_gazebo/share/so101_gazebo/hook/pythonpath.ps1'
[1.124s] INFO:colcon.colcon_core.shell:Creating environment descriptor '/home/shourya007/hackathon_ws/install/so101_gazebo/share/so101_gazebo/hook/pythonpath.dsv'
[1.124s] INFO:colcon.colcon_core.shell:Creating environment hook '/home/shourya007/hackathon_ws/install/so101_gazebo/share/so101_gazebo/hook/pythonpath.sh'
[1.125s] Level 1:colcon.colcon_core.environment:checking '/home/shourya007/hackathon_ws/install/so101_gazebo/bin'
[1.125s] Level 1:colcon.colcon_core.environment:create_environment_scripts_only(so101_gazebo)
[1.125s] INFO:colcon.colcon_core.shell:Creating package script '/home/shourya007/hackathon_ws/install/so101_gazebo/share/so101_gazebo/package.ps1'
[1.125s] INFO:colcon.colcon_core.shell:Creating package descriptor '/home/shourya007/hackathon_ws/install/so101_gazebo/share/so101_gazebo/package.dsv'
[1.126s] INFO:colcon.colcon_core.shell:Creating package script '/home/shourya007/hackathon_ws/install/so101_gazebo/share/so101_gazebo/package.sh'
[1.126s] INFO:colcon.colcon_core.shell:Creating package script '/home/shourya007/hackathon_ws/install/so101_gazebo/share/so101_gazebo/package.bash'
[1.127s] INFO:colcon.colcon_core.shell:Creating package script '/home/shourya007/hackathon_ws/install/so101_gazebo/share/so101_gazebo/package.zsh'
[1.128s] Level 1:colcon.colcon_core.environment:create_file_with_runtime_dependencies(/home/shourya007/hackathon_ws/install/so101_gazebo/share/colcon-core/packages/so101_gazebo)
[1.172s] Level 1:colcon.colcon_core.environment:create_environment_scripts_only(so101_description)
[1.172s] Level 1:colcon.colcon_core.environment:checking '/home/shourya007/hackathon_ws/install/so101_description' for CMake module files
[1.173s] DEBUG:colcon.colcon_core.event_handler.log_command:Invoked command in '/home/shourya007/hackathon_ws/build/so101_description' returned '0': CMAKE_PREFIX_PATH=${CMAKE_PREFIX_PATH}:/home/shourya007/hackathon_ws/install/so101_gazebo:/home/shourya007/ros2_ws/install/unique_status:/home/shourya007/ros2_ws/install/simple_robot:/home/shourya007/ros2_ws/install/service_action_lab:/opt/ros/humble /usr/bin/cmake --install /home/shourya007/hackathon_ws/build/so101_description
[1.173s] Level 1:colcon.colcon_core.environment:checking '/home/shourya007/hackathon_ws/install/so101_description' for CMake config files
[1.174s] Level 1:colcon.colcon_core.shell:create_environment_hook('so101_description', 'cmake_prefix_path')
[1.174s] INFO:colcon.colcon_core.shell:Creating environment hook '/home/shourya007/hackathon_ws/install/so101_description/share/so101_description/hook/cmake_prefix_path.ps1'
[1.174s] INFO:colcon.colcon_core.shell:Creating environment descriptor '/home/shourya007/hackathon_ws/install/so101_description/share/so101_description/hook/cmake_prefix_path.dsv'
[1.174s] INFO:colcon.colcon_core.shell:Creating environment hook '/home/shourya007/hackathon_ws/install/so101_description/share/so101_description/hook/cmake_prefix_path.sh'
[1.175s] Level 1:colcon.colcon_core.environment:checking '/home/shourya007/hackathon_ws/install/so101_description/bin'
[1.175s] Level 1:colcon.colcon_core.environment:checking '/home/shourya007/hackathon_ws/install/so101_description/lib/pkgconfig/so101_description.pc'
[1.175s] Level 1:colcon.colcon_core.environment:checking '/home/shourya007/hackathon_ws/install/so101_description/lib/python3.10/site-packages'
[1.175s] Level 1:colcon.colcon_core.environment:checking '/home/shourya007/hackathon_ws/install/so101_description/bin'
[1.175s] INFO:colcon.colcon_core.shell:Creating package script '/home/shourya007/hackathon_ws/install/so101_description/share/so101_description/package.ps1'
[1.176s] INFO:colcon.colcon_core.shell:Creating package descriptor '/home/shourya007/hackathon_ws/install/so101_description/share/so101_description/package.dsv'
[1.176s] INFO:colcon.colcon_core.shell:Creating package script '/home/shourya007/hackathon_ws/install/so101_description/share/so101_description/package.sh'
[1.176s] INFO:colcon.colcon_core.shell:Creating package script '/home/shourya007/hackathon_ws/install/so101_description/share/so101_description/package.bash'
[1.177s] INFO:colcon.colcon_core.shell:Creating package script '/home/shourya007/hackathon_ws/install/so101_description/share/so101_description/package.zsh'
[1.177s] Level 1:colcon.colcon_core.environment:create_file_with_runtime_dependencies(/home/shourya007/hackathon_ws/install/so101_description/share/colcon-core/packages/so101_description)
[1.177s] Level 1:colcon.colcon_core.environment:create_environment_scripts_only(so101_description)
[1.177s] Level 1:colcon.colcon_core.environment:checking '/home/shourya007/hackathon_ws/install/so101_description' for CMake module files
[1.178s] Level 1:colcon.colcon_core.environment:checking '/home/shourya007/hackathon_ws/install/so101_description' for CMake config files
[1.178s] Level 1:colcon.colcon_core.shell:create_environment_hook('so101_description', 'cmake_prefix_path')
[1.178s] INFO:colcon.colcon_core.shell:Creating environment hook '/home/shourya007/hackathon_ws/install/so101_description/share/so101_description/hook/cmake_prefix_path.ps1'
[1.178s] INFO:colcon.colcon_core.shell:Creating environment descriptor '/home/shourya007/hackathon_ws/install/so101_description/share/so101_description/hook/cmake_prefix_path.dsv'
[1.178s] INFO:colcon.colcon_core.shell:Creating environment hook '/home/shourya007/hackathon_ws/install/so101_description/share/so101_description/hook/cmake_prefix_path.sh'
[1.179s] Level 1:colcon.colcon_core.environment:checking '/home/shourya007/hackathon_ws/install/so101_description/bin'
[1.179s] Level 1:colcon.colcon_core.environment:checking '/home/shourya007/hackathon_ws/install/so101_description/lib/pkgconfig/so101_description.pc'
[1.179s] Level 1:colcon.colcon_core.environment:checking '/home/shourya007/hackathon_ws/install/so101_description/lib/python3.10/site-packages'
[1.179s] Level 1:colcon.colcon_core.environment:checking '/home/shourya007/hackathon_ws/install/so101_description/bin'
[1.179s] INFO:colcon.colcon_core.shell:Creating package script '/home/shourya007/hackathon_ws/install/so101_description/share/so101_description/package.ps1'
[1.180s] INFO:colcon.colcon_core.shell:Creating package descriptor '/home/shourya007/hackathon_ws/install/so101_description/share/so101_description/package.dsv'
[1.180s] INFO:colcon.colcon_core.shell:Creating package script '/home/shourya007/hackathon_ws/install/so101_description/share/so101_description/package.sh'
[1.180s] INFO:colcon.colcon_core.shell:Creating package script '/home/shourya007/hackathon_ws/install/so101_description/share/so101_description/package.bash'
[1.180s] INFO:colcon.colcon_core.shell:Creating package script '/home/shourya007/hackathon_ws/install/so101_description/share/so101_description/package.zsh'
[1.181s] Level 1:colcon.colcon_core.environment:create_file_with_runtime_dependencies(/home/shourya007/hackathon_ws/install/so101_description/share/colcon-core/packages/so101_description)
[1.181s] INFO:colcon.colcon_ros.task.ament_cmake.build:Building ROS package in '/home/shourya007/hackathon_ws/src/so101_moveit_config' with build type 'ament_cmake'
[1.181s] INFO:colcon.colcon_cmake.task.cmake.build:Building CMake package in '/home/shourya007/hackathon_ws/src/so101_moveit_config'
[1.181s] INFO:colcon.colcon_core.shell:Skip shell extension 'powershell' for command environment: Not usable outside of PowerShell
[1.181s] DEBUG:colcon.colcon_core.shell:Skip shell extension 'dsv' for command environment
[1.191s] DEBUG:colcon.colcon_core.event_handler.log_command:Invoking command in '/home/shourya007/hackathon_ws/build/so101_moveit_config': AMENT_PREFIX_PATH=/home/shourya007/hackathon_ws/install/so101_description:${AMENT_PREFIX_PATH} CMAKE_PREFIX_PATH=/home/shourya007/hackathon_ws/install/so101_description:/home/shourya007/hackathon_ws/install/so101_moveit_config:/home/shourya007/hackathon_ws/install/so101_gazebo:/home/shourya007/ros2_ws/install/unique_status:/home/shourya007/ros2_ws/install/simple_robot:/home/shourya007/ros2_ws/install/service_action_lab:/opt/ros/humble /usr/bin/cmake /home/shourya007/hackathon_ws/src/so101_moveit_config -DAMENT_CMAKE_SYMLINK_INSTALL=1 -DCMAKE_INSTALL_PREFIX=/home/shourya007/hackathon_ws/install/so101_moveit_config
[1.744s] DEBUG:colcon.colcon_core.event_handler.log_command:Invoked command in '/home/shourya007/hackathon_ws/build/so101_moveit_config' returned '0': AMENT_PREFIX_PATH=/home/shourya007/hackathon_ws/install/so101_description:${AMENT_PREFIX_PATH} CMAKE_PREFIX_PATH=/home/shourya007/hackathon_ws/install/so101_description:/home/shourya007/hackathon_ws/install/so101_moveit_config:/home/shourya007/hackathon_ws/install/so101_gazebo:/home/shourya007/ros2_ws/install/unique_status:/home/shourya007/ros2_ws/install/simple_robot:/home/shourya007/ros2_ws/install/service_action_lab:/opt/ros/humble /usr/bin/cmake /home/shourya007/hackathon_ws/src/so101_moveit_config -DAMENT_CMAKE_SYMLINK_INSTALL=1 -DCMAKE_INSTALL_PREFIX=/home/shourya007/hackathon_ws/install/so101_moveit_config
[1.745s] DEBUG:colcon.colcon_core.event_handler.log_command:Invoking command in '/home/shourya007/hackathon_ws/build/so101_moveit_config': AMENT_PREFIX_PATH=/home/shourya007/hackathon_ws/install/so101_description:${AMENT_PREFIX_PATH} CMAKE_PREFIX_PATH=/home/shourya007/hackathon_ws/install/so101_description:/home/shourya007/hackathon_ws/install/so101_moveit_config:/home/shourya007/hackathon_ws/install/so101_gazebo:/home/shourya007/ros2_ws/install/unique_status:/home/shourya007/ros2_ws/install/simple_robot:/home/shourya007/ros2_ws/install/service_action_lab:/opt/ros/humble /usr/bin/cmake --build /home/shourya007/hackathon_ws/build/so101_moveit_config -- -j16 -l16
[1.782s] DEBUG:colcon.colcon_core.event_handler.log_command:Invoked command in '/home/shourya007/hackathon_ws/build/so101_moveit_config' returned '0': AMENT_PREFIX_PATH=/home/shourya007/hackathon_ws/install/so101_description:${AMENT_PREFIX_PATH} CMAKE_PREFIX_PATH=/home/shourya007/hackathon_ws/install/so101_description:/home/shourya007/hackathon_ws/install/so101_moveit_config:/home/shourya007/hackathon_ws/install/so101_gazebo:/home/shourya007/ros2_ws/install/unique_status:/home/shourya007/ros2_ws/install/simple_robot:/home/shourya007/ros2_ws/install/service_action_lab:/opt/ros/humble /usr/bin/cmake --build /home/shourya007/hackathon_ws/build/so101_moveit_config -- -j16 -l16
[1.783s] DEBUG:colcon.colcon_core.event_handler.log_command:Invoking command in '/home/shourya007/hackathon_ws/build/so101_moveit_config': AMENT_PREFIX_PATH=/home/shourya007/hackathon_ws/install/so101_description:${AMENT_PREFIX_PATH} CMAKE_PREFIX_PATH=/home/shourya007/hackathon_ws/install/so101_description:/home/shourya007/hackathon_ws/install/so101_moveit_config:/home/shourya007/hackathon_ws/install/so101_gazebo:/home/shourya007/ros2_ws/install/unique_status:/home/shourya007/ros2_ws/install/simple_robot:/home/shourya007/ros2_ws/install/service_action_lab:/opt/ros/humble /usr/bin/cmake --install /home/shourya007/hackathon_ws/build/so101_moveit_config
[2.082s] Level 1:colcon.colcon_core.environment:create_environment_scripts_only(so101_moveit_config)
[2.082s] Level 1:colcon.colcon_core.environment:checking '/home/shourya007/hackathon_ws/install/so101_moveit_config' for CMake module files
[2.083s] DEBUG:colcon.colcon_core.event_handler.log_command:Invoked command in '/home/shourya007/hackathon_ws/build/so101_moveit_config' returned '0': AMENT_PREFIX_PATH=/home/shourya007/hackathon_ws/install/so101_description:${AMENT_PREFIX_PATH} CMAKE_PREFIX_PATH=/home/shourya007/hackathon_ws/install/so101_description:/home/shourya007/hackathon_ws/install/so101_moveit_config:/home/shourya007/hackathon_ws/install/so101_gazebo:/home/shourya007/ros2_ws/install/unique_status:/home/shourya007/ros2_ws/install/simple_robot:/home/shourya007/ros2_ws/install/service_action_lab:/opt/ros/humble /usr/bin/cmake --install /home/shourya007/hackathon_ws/build/so101_moveit_config
[2.083s] Level 1:colcon.colcon_core.environment:checking '/home/shourya007/hackathon_ws/install/so101_moveit_config' for CMake config files
[2.083s] Level 1:colcon.colcon_core.shell:create_environment_hook('so101_moveit_config', 'cmake_prefix_path')
[2.083s] INFO:colcon.colcon_core.shell:Creating environment hook '/home/shourya007/hackathon_ws/install/so101_moveit_config/share/so101_moveit_config/hook/cmake_prefix_path.ps1'
[2.084s] INFO:colcon.colcon_core.shell:Creating environment descriptor '/home/shourya007/hackathon_ws/install/so101_moveit_config/share/so101_moveit_config/hook/cmake_prefix_path.dsv'
[2.084s] INFO:colcon.colcon_core.shell:Creating environment hook '/home/shourya007/hackathon_ws/install/so101_moveit_config/share/so101_moveit_config/hook/cmake_prefix_path.sh'
[2.084s] Level 1:colcon.colcon_core.environment:checking '/home/shourya007/hackathon_ws/install/so101_moveit_config/bin'
[2.084s] Level 1:colcon.colcon_core.environment:checking '/home/shourya007/hackathon_ws/install/so101_moveit_config/lib/pkgconfig/so101_moveit_config.pc'
[2.085s] Level 1:colcon.colcon_core.environment:checking '/home/shourya007/hackathon_ws/install/so101_moveit_config/lib/python3.10/site-packages'
[2.085s] Level 1:colcon.colcon_core.environment:checking '/home/shourya007/hackathon_ws/install/so101_moveit_config/bin'
[2.085s] INFO:colcon.colcon_core.shell:Creating package script '/home/shourya007/hackathon_ws/install/so101_moveit_config/share/so101_moveit_config/package.ps1'
[2.085s] INFO:colcon.colcon_core.shell:Creating package descriptor '/home/shourya007/hackathon_ws/install/so101_moveit_config/share/so101_moveit_config/package.dsv'
[2.086s] INFO:colcon.colcon_core.shell:Creating package script '/home/shourya007/hackathon_ws/install/so101_moveit_config/share/so101_moveit_config/package.sh'
[2.086s] INFO:colcon.colcon_core.shell:Creating package script '/home/shourya007/hackathon_ws/install/so101_moveit_config/share/so101_moveit_config/package.bash'
[2.086s] INFO:colcon.colcon_core.shell:Creating package script '/home/shourya007/hackathon_ws/install/so101_moveit_config/share/so101_moveit_config/package.zsh'
[2.086s] Level 1:colcon.colcon_core.environment:create_file_with_runtime_dependencies(/home/shourya007/hackathon_ws/install/so101_moveit_config/share/colcon-core/packages/so101_moveit_config)
[2.087s] Level 1:colcon.colcon_core.environment:create_environment_scripts_only(so101_moveit_config)
[2.087s] Level 1:colcon.colcon_core.environment:checking '/home/shourya007/hackathon_ws/install/so101_moveit_config' for CMake module files
[2.087s] Level 1:colcon.colcon_core.environment:checking '/home/shourya007/hackathon_ws/install/so101_moveit_config' for CMake config files
[2.088s] Level 1:colcon.colcon_core.shell:create_environment_hook('so101_moveit_config', 'cmake_prefix_path')
[2.088s] INFO:colcon.colcon_core.shell:Creating environment hook '/home/shourya007/hackathon_ws/install/so101_moveit_config/share/so101_moveit_config/hook/cmake_prefix_path.ps1'
[2.088s] INFO:colcon.colcon_core.shell:Creating environment descriptor '/home/shourya007/hackathon_ws/install/so101_moveit_config/share/so101_moveit_config/hook/cmake_prefix_path.dsv'
[2.088s] INFO:colcon.colcon_core.shell:Creating environment hook '/home/shourya007/hackathon_ws/install/so101_moveit_config/share/so101_moveit_config/hook/cmake_prefix_path.sh'
[2.089s] Level 1:colcon.colcon_core.environment:checking '/home/shourya007/hackathon_ws/install/so101_moveit_config/bin'
[2.089s] Level 1:colcon.colcon_core.environment:checking '/home/shourya007/hackathon_ws/install/so101_moveit_config/lib/pkgconfig/so101_moveit_config.pc'
[2.089s] Level 1:colcon.colcon_core.environment:checking '/home/shourya007/hackathon_ws/install/so101_moveit_config/lib/python3.10/site-packages'
[2.089s] Level 1:colcon.colcon_core.environment:checking '/home/shourya007/hackathon_ws/install/so101_moveit_config/bin'
[2.089s] INFO:colcon.colcon_core.shell:Creating package script '/home/shourya007/hackathon_ws/install/so101_moveit_config/share/so101_moveit_config/package.ps1'
[2.090s] INFO:colcon.colcon_core.shell:Creating package descriptor '/home/shourya007/hackathon_ws/install/so101_moveit_config/share/so101_moveit_config/package.dsv'
[2.090s] INFO:colcon.colcon_core.shell:Creating package script '/home/shourya007/hackathon_ws/install/so101_moveit_config/share/so101_moveit_config/package.sh'
[2.091s] INFO:colcon.colcon_core.shell:Creating package script '/home/shourya007/hackathon_ws/install/so101_moveit_config/share/so101_moveit_config/package.bash'
[2.091s] INFO:colcon.colcon_core.shell:Creating package script '/home/shourya007/hackathon_ws/install/so101_moveit_config/share/so101_moveit_config/package.zsh'
[2.091s] Level 1:colcon.colcon_core.environment:create_file_with_runtime_dependencies(/home/shourya007/hackathon_ws/install/so101_moveit_config/share/colcon-core/packages/so101_moveit_config)
[2.092s] DEBUG:colcon.colcon_parallel_executor.executor.parallel:closing loop
[2.092s] DEBUG:colcon.colcon_parallel_executor.executor.parallel:loop closed
[2.092s] DEBUG:colcon.colcon_parallel_executor.executor.parallel:run_until_complete finished with '0'
[2.092s] DEBUG:colcon.colcon_core.event_reactor:joining thread
[2.096s] INFO:colcon.colcon_core.plugin_system:Skipping extension 'colcon_notification.desktop_notification.terminal_notifier': Not used on non-Darwin systems
[2.097s] INFO:colcon.colcon_core.plugin_system:Skipping extension 'colcon_notification.desktop_notification.win32': Not used on non-Windows systems
[2.097s] INFO:colcon.colcon_notification.desktop_notification:Sending desktop notification using 'notify2'
[2.105s] DEBUG:colcon.colcon_core.event_reactor:joined thread
[2.105s] INFO:colcon.colcon_core.shell:Creating prefix script '/home/shourya007/hackathon_ws/install/local_setup.ps1'
[2.106s] INFO:colcon.colcon_core.shell:Creating prefix util module '/home/shourya007/hackathon_ws/install/_local_setup_util_ps1.py'
[2.107s] INFO:colcon.colcon_core.shell:Creating prefix chain script '/home/shourya007/hackathon_ws/install/setup.ps1'
[2.108s] INFO:colcon.colcon_core.shell:Creating prefix script '/home/shourya007/hackathon_ws/install/local_setup.sh'
[2.109s] INFO:colcon.colcon_core.shell:Creating prefix util module '/home/shourya007/hackathon_ws/install/_local_setup_util_sh.py'
[2.109s] INFO:colcon.colcon_core.shell:Creating prefix chain script '/home/shourya007/hackathon_ws/install/setup.sh'
[2.110s] INFO:colcon.colcon_core.shell:Creating prefix script '/home/shourya007/hackathon_ws/install/local_setup.bash'
[2.110s] INFO:colcon.colcon_core.shell:Creating prefix chain script '/home/shourya007/hackathon_ws/install/setup.bash'
[2.111s] INFO:colcon.colcon_core.shell:Creating prefix script '/home/shourya007/hackathon_ws/install/local_setup.zsh'
[2.111s] INFO:colcon.colcon_core.shell:Creating prefix chain script '/home/shourya007/hackathon_ws/install/setup.zsh'
