running develop
running egg_info
creating so101_gazebo.egg-info
writing so101_gazebo.egg-info/PKG-INFO
writing dependency_links to so101_gazebo.egg-info/dependency_links.txt
writing entry points to so101_gazebo.egg-info/entry_points.txt
writing requirements to so101_gazebo.egg-info/requires.txt
writing top-level names to so101_gazebo.egg-info/top_level.txt
writing manifest file 'so101_gazebo.egg-info/SOURCES.txt'
reading manifest file 'so101_gazebo.egg-info/SOURCES.txt'
writing manifest file 'so101_gazebo.egg-info/SOURCES.txt'
running build_ext
Creating /home/shourya007/hackathon_ws/install/so101_gazebo/lib/python3.10/site-packages/so101-gazebo.egg-link (link to .)

Installed /home/shourya007/hackathon_ws/build/so101_gazebo
running symlink_data
creating /home/shourya007/hackathon_ws/install/so101_gazebo/share/ament_index
creating /home/shourya007/hackathon_ws/install/so101_gazebo/share/ament_index/resource_index
creating /home/shourya007/hackathon_ws/install/so101_gazebo/share/ament_index/resource_index/packages
symbolically linking /home/shourya007/hackathon_ws/build/so101_gazebo/resource/so101_gazebo -> /home/shourya007/hackathon_ws/install/so101_gazebo/share/ament_index/resource_index/packages
symbolically linking /home/shourya007/hackathon_ws/build/so101_gazebo/package.xml -> /home/shourya007/hackathon_ws/install/so101_gazebo/share/so101_gazebo
creating /home/shourya007/hackathon_ws/install/so101_gazebo/share/so101_gazebo/launch
symbolically linking /home/shourya007/hackathon_ws/build/so101_gazebo/launch/so101_gazebo.launch.py -> /home/shourya007/hackathon_ws/install/so101_gazebo/share/so101_gazebo/launch
creating /home/shourya007/hackathon_ws/install/so101_gazebo/share/so101_gazebo/urdf
symbolically linking /home/shourya007/hackathon_ws/build/so101_gazebo/urdf/so101.urdf -> /home/shourya007/hackathon_ws/install/so101_gazebo/share/so101_gazebo/urdf
creating /home/shourya007/hackathon_ws/install/so101_gazebo/share/so101_gazebo/meshes
symbolically linking /home/shourya007/hackathon_ws/build/so101_gazebo/meshes/under_arm_so101_v1.stl -> /home/shourya007/hackathon_ws/install/so101_gazebo/share/so101_gazebo/meshes
symbolically linking /home/shourya007/hackathon_ws/build/so101_gazebo/meshes/d435i.stl -> /home/shourya007/hackathon_ws/install/so101_gazebo/share/so101_gazebo/meshes
symbolically linking /home/shourya007/hackathon_ws/build/so101_gazebo/meshes/motor_holder_so101_wrist_v1.stl -> /home/shourya007/hackathon_ws/install/so101_gazebo/share/so101_gazebo/meshes
symbolically linking /home/shourya007/hackathon_ws/build/so101_gazebo/meshes/rotation_pitch_so101_v1.stl -> /home/shourya007/hackathon_ws/install/so101_gazebo/share/so101_gazebo/meshes
symbolically linking /home/shourya007/hackathon_ws/build/so101_gazebo/meshes/jaw.stl -> /home/shourya007/hackathon_ws/install/so101_gazebo/share/so101_gazebo/meshes
symbolically linking /home/shourya007/hackathon_ws/build/so101_gazebo/meshes/wrist_roll_pitch_so101_v2.stl -> /home/shourya007/hackathon_ws/install/so101_gazebo/share/so101_gazebo/meshes
symbolically linking /home/shourya007/hackathon_ws/build/so101_gazebo/meshes/upper_arm_so101_v1.stl -> /home/shourya007/hackathon_ws/install/so101_gazebo/share/so101_gazebo/meshes
symbolically linking /home/shourya007/hackathon_ws/build/so101_gazebo/meshes/wrist_roll_follower_so101_v1.stl -> /home/shourya007/hackathon_ws/install/so101_gazebo/share/so101_gazebo/meshes
symbolically linking /home/shourya007/hackathon_ws/build/so101_gazebo/meshes/motor_holder_so101_base_v1.stl -> /home/shourya007/hackathon_ws/install/so101_gazebo/share/so101_gazebo/meshes
symbolically linking /home/shourya007/hackathon_ws/build/so101_gazebo/meshes/waveshare_mounting_plate_so101_v2.stl -> /home/shourya007/hackathon_ws/install/so101_gazebo/share/so101_gazebo/meshes
symbolically linking /home/shourya007/hackathon_ws/build/so101_gazebo/meshes/moving_jaw_so101_v1.stl -> /home/shourya007/hackathon_ws/install/so101_gazebo/share/so101_gazebo/meshes
symbolically linking /home/shourya007/hackathon_ws/build/so101_gazebo/meshes/base_motor_holder_so101_v1.stl -> /home/shourya007/hackathon_ws/install/so101_gazebo/share/so101_gazebo/meshes
symbolically linking /home/shourya007/hackathon_ws/build/so101_gazebo/meshes/sts3215_03a_v1.stl -> /home/shourya007/hackathon_ws/install/so101_gazebo/share/so101_gazebo/meshes
symbolically linking /home/shourya007/hackathon_ws/build/so101_gazebo/meshes/base_so101_v2.stl -> /home/shourya007/hackathon_ws/install/so101_gazebo/share/so101_gazebo/meshes
symbolically linking /home/shourya007/hackathon_ws/build/so101_gazebo/meshes/sts3215_03a_no_horn_v1.stl -> /home/shourya007/hackathon_ws/install/so101_gazebo/share/so101_gazebo/meshes
symbolically linking /home/shourya007/hackathon_ws/build/so101_gazebo/meshes/moving_jaw.stl -> /home/shourya007/hackathon_ws/install/so101_gazebo/share/so101_gazebo/meshes
creating /home/shourya007/hackathon_ws/install/so101_gazebo/share/so101_gazebo/worlds
symbolically linking /home/shourya007/hackathon_ws/build/so101_gazebo/worlds/empty_world.sdf -> /home/shourya007/hackathon_ws/install/so101_gazebo/share/so101_gazebo/worlds
